<?xml version="1.0" ?>
<coverage version="7.13.4" timestamp="1771647546076" lines-valid="11520" lines-covered="9235" line-rate="0.8016" branches-valid="4326" branches-covered="3031" branch-rate="0.7006" complexity="0">
	<!-- Generated by coverage.py: https://coverage.readthedocs.io/en/7.13.4 -->
	<!-- Based on https://raw.githubusercontent.com/cobertura/web/master/htdocs/xml/coverage-04.dtd -->
	<sources>
		<source>/home/runner/work/FLAML/FLAML/flaml</source>
	</sources>
	<packages>
		<package name="." line-rate="0.7931" branch-rate="0.5" complexity="0">
			<classes>
				<class name="__init__.py" filename="__init__.py" complexity="0" line-rate="0.8" branch-rate="0.5">
					<methods/>
					<lines>
						<line number="1" hits="1"/>
						<line number="2" hits="1"/>
						<line number="4" hits="1"/>
						<line number="5" hits="1"/>
						<line number="7" hits="1"/>
						<line number="8" hits="0"/>
						<line number="9" hits="0"/>
						<line number="10" hits="1"/>
						<line number="11" hits="1"/>
						<line number="12" hits="1"/>
						<line number="15" hits="1"/>
						<line number="16" hits="1" branch="true" condition-coverage="50% (1/2)" missing-branches="19"/>
						<line number="17" hits="1"/>
						<line number="19" hits="1" branch="true" condition-coverage="50% (1/2)" missing-branches="20"/>
						<line number="20" hits="0"/>
					</lines>
				</class>
				<class name="config.py" filename="config.py" complexity="0" line-rate="1" branch-rate="1">
					<methods/>
					<lines>
						<line number="6" hits="1"/>
						<line number="7" hits="1"/>
						<line number="8" hits="1"/>
						<line number="9" hits="1"/>
						<line number="10" hits="1"/>
						<line number="11" hits="1"/>
						<line number="12" hits="1"/>
						<line number="13" hits="1"/>
						<line number="14" hits="1"/>
						<line number="15" hits="1"/>
					</lines>
				</class>
				<class name="ml.py" filename="ml.py" complexity="0" line-rate="0" branch-rate="1">
					<methods/>
					<lines>
						<line number="1" hits="0"/>
						<line number="3" hits="0"/>
						<line number="5" hits="0"/>
					</lines>
				</class>
				<class name="version.py" filename="version.py" complexity="0" line-rate="1" branch-rate="1">
					<methods/>
					<lines>
						<line number="1" hits="1"/>
					</lines>
				</class>
			</classes>
		</package>
		<package name="automl" line-rate="0.895" branch-rate="0.7932" complexity="0">
			<classes>
				<class name="__init__.py" filename="automl/__init__.py" complexity="0" line-rate="0.7143" branch-rate="1">
					<methods/>
					<lines>
						<line number="1" hits="1"/>
						<line number="3" hits="1"/>
						<line number="4" hits="1"/>
						<line number="5" hits="1"/>
						<line number="7" hits="1"/>
						<line number="8" hits="0"/>
						<line number="9" hits="0"/>
					</lines>
				</class>
				<class name="automl.py" filename="automl/automl.py" complexity="0" line-rate="0.8931" branch-rate="0.8044">
					<methods/>
					<lines>
						<line number="5" hits="1"/>
						<line number="7" hits="1"/>
						<line number="8" hits="1"/>
						<line number="9" hits="1"/>
						<line number="10" hits="1"/>
						<line number="11" hits="1"/>
						<line number="12" hits="1"/>
						<line number="13" hits="1"/>
						<line number="14" hits="1"/>
						<line number="15" hits="1"/>
						<line number="16" hits="1"/>
						<line number="18" hits="1"/>
						<line number="20" hits="1"/>
						<line number="21" hits="1"/>
						<line number="22" hits="1"/>
						<line number="23" hits="1"/>
						<line number="24" hits="1"/>
						<line number="25" hits="1"/>
						<line number="28" hits="1"/>
						<line number="29" hits="1"/>
						<line number="30" hits="1"/>
						<line number="31" hits="1"/>
						<line number="41" hits="1"/>
						<line number="42" hits="1"/>
						<line number="43" hits="1"/>
						<line number="45" hits="1"/>
						<line number="49" hits="1"/>
						<line number="50" hits="1"/>
						<line number="51" hits="1"/>
						<line number="52" hits="0"/>
						<line number="53" hits="0"/>
						<line number="54" hits="0"/>
						<line number="56" hits="1"/>
						<line number="57" hits="1"/>
						<line number="58" hits="0"/>
						<line number="59" hits="0"/>
						<line number="61" hits="1"/>
						<line number="62" hits="1"/>
						<line number="64" hits="1"/>
						<line number="65" hits="0"/>
						<line number="66" hits="0"/>
						<line number="69" hits="1"/>
						<line number="70" hits="1"/>
						<line number="72" hits="0"/>
						<line number="73" hits="0"/>
						<line number="74" hits="1"/>
						<line number="75" hits="1"/>
						<line number="78" hits="1"/>
						<line number="84" hits="1"/>
						<line number="85" hits="1"/>
						<line number="86" hits="1"/>
						<line number="87" hits="1"/>
						<line number="90" hits="1"/>
						<line number="107" hits="1"/>
						<line number="109" hits="1"/>
						<line number="366" hits="1" branch="true" condition-coverage="50% (1/2)" missing-branches="367"/>
						<line number="367" hits="0"/>
						<line number="368" hits="1"/>
						<line number="369" hits="1"/>
						<line number="370" hits="1"/>
						<line number="371" hits="1"/>
						<line number="372" hits="1"/>
						<line number="373" hits="1"/>
						<line number="375" hits="1"/>
						<line number="376" hits="1"/>
						<line number="377" hits="1"/>
						<line number="378" hits="1"/>
						<line number="379" hits="1"/>
						<line number="380" hits="1"/>
						<line number="381" hits="1"/>
						<line number="382" hits="1"/>
						<line number="383" hits="1"/>
						<line number="385" hits="1"/>
						<line number="386" hits="1"/>
						<line number="387" hits="1"/>
						<line number="388" hits="1"/>
						<line number="389" hits="1"/>
						<line number="390" hits="1"/>
						<line number="391" hits="1"/>
						<line number="392" hits="1"/>
						<line number="393" hits="1"/>
						<line number="394" hits="1"/>
						<line number="395" hits="1"/>
						<line number="396" hits="1"/>
						<line number="397" hits="1"/>
						<line number="398" hits="1"/>
						<line number="399" hits="1"/>
						<line number="400" hits="1"/>
						<line number="401" hits="1"/>
						<line number="402" hits="1"/>
						<line number="403" hits="1"/>
						<line number="404" hits="1"/>
						<line number="405" hits="1"/>
						<line number="406" hits="1"/>
						<line number="407" hits="1"/>
						<line number="408" hits="1"/>
						<line number="409" hits="1"/>
						<line number="410" hits="1"/>
						<line number="411" hits="1"/>
						<line number="412" hits="1"/>
						<line number="413" hits="1" branch="true" condition-coverage="50% (1/2)" missing-branches="414"/>
						<line number="414" hits="0"/>
						<line number="415" hits="1"/>
						<line number="416" hits="1"/>
						<line number="417" hits="1"/>
						<line number="418" hits="1"/>
						<line number="419" hits="1"/>
						<line number="420" hits="1"/>
						<line number="421" hits="1"/>
						<line number="423" hits="1"/>
						<line number="424" hits="1"/>
						<line number="426" hits="1"/>
						<line number="435" hits="1"/>
						<line number="438" hits="1"/>
						<line number="439" hits="1" branch="true" condition-coverage="100% (2/2)"/>
						<line number="440" hits="1"/>
						<line number="442" hits="1"/>
						<line number="444" hits="1" branch="true" condition-coverage="50% (1/2)" missing-branches="446"/>
						<line number="445" hits="1"/>
						<line number="446" hits="1" branch="true" condition-coverage="50% (1/2)" missing-branches="448"/>
						<line number="447" hits="1"/>
						<line number="448" hits="1" branch="true" condition-coverage="50% (1/2)" missing-branches="450"/>
						<line number="449" hits="1"/>
						<line number="450" hits="1" branch="true" condition-coverage="50% (1/2)" missing-branches="452"/>
						<line number="451" hits="1"/>
						<line number="452" hits="1"/>
						<line number="455" hits="1"/>
						<line number="456" hits="1"/>
						<line number="457" hits="1"/>
						<line number="459" hits="1"/>
						<line number="460" hits="1"/>
						<line number="462" hits="1"/>
						<line number="463" hits="1" branch="true" condition-coverage="100% (2/2)"/>
						<line number="464" hits="1" branch="true" condition-coverage="50% (1/2)" missing-branches="465"/>
						<line number="465" hits="0"/>
						<line number="466" hits="1" branch="true" condition-coverage="50% (1/2)" missing-branches="467"/>
						<line number="467" hits="0"/>
						<line number="468" hits="1" branch="true" condition-coverage="50% (1/2)" missing-branches="469"/>
						<line number="469" hits="0"/>
						<line number="470" hits="1" branch="true" condition-coverage="50% (1/2)" missing-branches="exit"/>
						<line number="471" hits="1"/>
						<line number="472" hits="1"/>
						<line number="474" hits="1"/>
						<line number="475" hits="0"/>
						<line number="476" hits="0"/>
						<line number="478" hits="1"/>
						<line number="479" hits="1"/>
						<line number="489" hits="1" branch="true" condition-coverage="100% (2/2)"/>
						<line number="490" hits="1"/>
						<line number="491" hits="1" branch="true" condition-coverage="100% (2/2)"/>
						<line number="492" hits="1"/>
						<line number="500" hits="1"/>
						<line number="501" hits="1"/>
						<line number="503" hits="1"/>
						<line number="504" hits="1"/>
						<line number="509" hits="1"/>
						<line number="511" hits="1"/>
						<line number="512" hits="1"/>
						<line number="516" hits="1"/>
						<line number="518" hits="1"/>
						<line number="530" hits="1"/>
						<line number="531" hits="1" branch="true" condition-coverage="100% (2/2)"/>
						<line number="532" hits="1"/>
						<line number="533" hits="1"/>
						<line number="535" hits="1"/>
						<line number="536" hits="1"/>
						<line number="538" hits="1"/>
						<line number="540" hits="1"/>
						<line number="541" hits="1"/>
						<line number="544" hits="1"/>
						<line number="546" hits="1"/>
						<line number="547" hits="1"/>
						<line number="598" hits="1"/>
						<line number="599" hits="1"/>
						<line number="600" hits="1"/>
						<line number="602" hits="1"/>
						<line number="603" hits="1"/>
						<line number="666" hits="1"/>
						<line number="667" hits="1" branch="true" condition-coverage="100% (2/2)"/>
						<line number="668" hits="1" branch="true" condition-coverage="100% (2/2)"/>
						<line number="669" hits="1"/>
						<line number="671" hits="1"/>
						<line number="672" hits="1"/>
						<line number="673" hits="1"/>
						<line number="675" hits="1"/>
						<line number="676" hits="1"/>
						<line number="678" hits="1"/>
						<line number="679" hits="1"/>
						<line number="681" hits="1"/>
						<line number="683" hits="1"/>
						<line number="684" hits="1"/>
						<line number="686" hits="1"/>
						<line number="688" hits="1"/>
						<line number="689" hits="1"/>
						<line number="691" hits="1"/>
						<line number="692" hits="1"/>
						<line number="694" hits="1"/>
						<line number="695" hits="1"/>
						<line number="699" hits="1"/>
						<line number="700" hits="1"/>
						<line number="702" hits="1"/>
						<line number="703" hits="1"/>
						<line number="705" hits="1"/>
						<line number="707" hits="1"/>
						<line number="708" hits="1"/>
						<line number="712" hits="1"/>
						<line number="713" hits="1"/>
						<line number="714" hits="1"/>
						<line number="716" hits="1"/>
						<line number="717" hits="1"/>
						<line number="728" hits="0"/>
						<line number="730" hits="1"/>
						<line number="731" hits="1"/>
						<line number="733" hits="1"/>
						<line number="734" hits="1"/>
						<line number="736" hits="1"/>
						<line number="737" hits="1"/>
						<line number="739" hits="0"/>
						<line number="741" hits="1"/>
						<line number="742" hits="1"/>
						<line number="744" hits="1"/>
						<line number="745" hits="1" branch="true" condition-coverage="100% (2/2)"/>
						<line number="746" hits="1"/>
						<line number="747" hits="1"/>
						<line number="748" hits="1" branch="true" condition-coverage="100% (2/2)"/>
						<line number="749" hits="1"/>
						<line number="750" hits="1"/>
						<line number="752" hits="1"/>
						<line number="753" hits="1"/>
						<line number="754" hits="1"/>
						<line number="756" hits="1"/>
						<line number="757" hits="1"/>
						<line number="758" hits="1"/>
						<line number="759" hits="1"/>
						<line number="760" hits="1" branch="true" condition-coverage="100% (2/2)"/>
						<line number="761" hits="1"/>
						<line number="762" hits="1"/>
						<line number="764" hits="1"/>
						<line number="765" hits="1"/>
						<line number="766" hits="1"/>
						<line number="767" hits="1"/>
						<line number="768" hits="1"/>
						<line number="770" hits="1"/>
						<line number="771" hits="1"/>
						<line number="773" hits="1"/>
						<line number="775" hits="1"/>
						<line number="781" hits="1"/>
						<line number="782" hits="1" branch="true" condition-coverage="100% (2/2)"/>
						<line number="783" hits="1"/>
						<line number="784" hits="1"/>
						<line number="785" hits="1"/>
						<line number="786" hits="1" branch="true" condition-coverage="100% (2/2)"/>
						<line number="787" hits="1"/>
						<line number="788" hits="1"/>
						<line number="790" hits="1"/>
						<line number="823" hits="1"/>
						<line number="824" hits="1" branch="true" condition-coverage="100% (2/2)"/>
						<line number="825" hits="1"/>
						<line number="826" hits="1"/>
						<line number="827" hits="1"/>
						<line number="828" hits="1"/>
						<line number="830" hits="1" branch="true" condition-coverage="50% (1/2)" missing-branches="831"/>
						<line number="831" hits="0"/>
						<line number="832" hits="1" branch="true" condition-coverage="100% (2/2)"/>
						<line number="833" hits="1"/>
						<line number="835" hits="1"/>
						<line number="837" hits="1"/>
						<line number="850" hits="1"/>
						<line number="851" hits="1" branch="true" condition-coverage="50% (1/2)" missing-branches="852"/>
						<line number="852" hits="0"/>
						<line number="853" hits="0"/>
						<line number="854" hits="1"/>
						<line number="855" hits="1"/>
						<line number="856" hits="1"/>
						<line number="858" hits="1"/>
						<line number="895" hits="1" branch="true" condition-coverage="50% (1/2)" missing-branches="896"/>
						<line number="896" hits="0"/>
						<line number="897" hits="1" branch="true" condition-coverage="100% (2/2)"/>
						<line number="898" hits="1"/>
						<line number="900" hits="1"/>
						<line number="902" hits="1"/>
						<line number="909" hits="1"/>
						<line number="911" hits="1"/>
						<line number="926" hits="1"/>
						<line number="927" hits="1"/>
						<line number="928" hits="1"/>
						<line number="929" hits="1"/>
						<line number="931" hits="1" branch="true" condition-coverage="50% (1/2)" missing-branches="934"/>
						<line number="932" hits="1"/>
						<line number="934" hits="1"/>
						<line number="943" hits="1"/>
						<line number="945" hits="1"/>
						<line number="1089" hits="1"/>
						<line number="1090" hits="1" branch="true" condition-coverage="50% (1/2)" missing-branches="1093"/>
						<line number="1091" hits="1"/>
						<line number="1093" hits="1"/>
						<line number="1094" hits="1"/>
						<line number="1095" hits="1"/>
						<line number="1096" hits="1"/>
						<line number="1097" hits="1"/>
						<line number="1098" hits="1"/>
						<line number="1099" hits="1"/>
						<line number="1101" hits="1"/>
						<line number="1102" hits="1"/>
						<line number="1103" hits="1"/>
						<line number="1104" hits="1"/>
						<line number="1105" hits="1"/>
						<line number="1108" hits="1"/>
						<line number="1110" hits="1"/>
						<line number="1112" hits="1"/>
						<line number="1113" hits="1"/>
						<line number="1114" hits="1"/>
						<line number="1115" hits="1"/>
						<line number="1116" hits="1"/>
						<line number="1117" hits="1"/>
						<line number="1118" hits="1"/>
						<line number="1119" hits="1"/>
						<line number="1120" hits="1" branch="true" condition-coverage="100% (2/2)"/>
						<line number="1121" hits="1"/>
						<line number="1123" hits="1" branch="true" condition-coverage="100% (2/2)"/>
						<line number="1124" hits="1"/>
						<line number="1125" hits="1" branch="true" condition-coverage="100% (2/2)"/>
						<line number="1126" hits="1"/>
						<line number="1127" hits="1"/>
						<line number="1128" hits="1"/>
						<line number="1129" hits="1" branch="true" condition-coverage="50% (1/2)" missing-branches="1123"/>
						<line number="1130" hits="1" branch="true" condition-coverage="50% (1/2)" missing-branches="1131"/>
						<line number="1131" hits="0"/>
						<line number="1132" hits="0" branch="true" condition-coverage="0% (0/2)" missing-branches="1123,1133"/>
						<line number="1133" hits="0"/>
						<line number="1134" hits="0"/>
						<line number="1135" hits="0"/>
						<line number="1137" hits="1"/>
						<line number="1138" hits="1"/>
						<line number="1139" hits="1"/>
						<line number="1140" hits="1"/>
						<line number="1141" hits="1" branch="true" condition-coverage="100% (2/2)"/>
						<line number="1142" hits="1"/>
						<line number="1143" hits="1"/>
						<line number="1145" hits="1"/>
						<line number="1146" hits="1"/>
						<line number="1147" hits="1" branch="true" condition-coverage="50% (1/2)" missing-branches="1148"/>
						<line number="1148" hits="0"/>
						<line number="1149" hits="1"/>
						<line number="1150" hits="1"/>
						<line number="1151" hits="1"/>
						<line number="1153" hits="1"/>
						<line number="1154" hits="1" branch="true" condition-coverage="50% (1/2)" missing-branches="1155"/>
						<line number="1155" hits="0"/>
						<line number="1158" hits="0"/>
						<line number="1159" hits="0"/>
						<line number="1161" hits="1"/>
						<line number="1163" hits="1"/>
						<line number="1166" hits="1"/>
						<line number="1172" hits="1"/>
						<line number="1173" hits="1"/>
						<line number="1174" hits="1"/>
						<line number="1175" hits="1"/>
						<line number="1176" hits="1"/>
						<line number="1177" hits="1"/>
						<line number="1178" hits="1"/>
						<line number="1179" hits="1"/>
						<line number="1180" hits="1"/>
						<line number="1182" hits="1"/>
						<line number="1190" hits="1"/>
						<line number="1195" hits="1"/>
						<line number="1196" hits="1"/>
						<line number="1198" hits="1"/>
						<line number="1199" hits="1" branch="true" condition-coverage="100% (2/2)"/>
						<line number="1200" hits="1"/>
						<line number="1204" hits="1"/>
						<line number="1205" hits="1"/>
						<line number="1206" hits="1" branch="true" condition-coverage="100% (2/2)"/>
						<line number="1209" hits="1"/>
						<line number="1213" hits="1"/>
						<line number="1214" hits="1" branch="true" condition-coverage="100% (2/2)"/>
						<line number="1215" hits="1"/>
						<line number="1219" hits="1"/>
						<line number="1220" hits="1"/>
						<line number="1221" hits="1" branch="true" condition-coverage="100% (2/2)"/>
						<line number="1227" hits="1"/>
						<line number="1229" hits="1"/>
						<line number="1231" hits="1"/>
						<line number="1232" hits="1"/>
						<line number="1241" hits="1"/>
						<line number="1242" hits="1" branch="true" condition-coverage="100% (2/2)"/>
						<line number="1243" hits="1"/>
						<line number="1244" hits="1"/>
						<line number="1245" hits="1"/>
						<line number="1246" hits="1"/>
						<line number="1247" hits="1"/>
						<line number="1248" hits="1" branch="true" condition-coverage="100% (2/2)"/>
						<line number="1249" hits="1"/>
						<line number="1250" hits="1"/>
						<line number="1251" hits="1"/>
						<line number="1252" hits="1"/>
						<line number="1254" hits="1"/>
						<line number="1255" hits="1"/>
						<line number="1268" hits="1" branch="true" condition-coverage="100% (2/2)"/>
						<line number="1269" hits="1"/>
						<line number="1270" hits="1"/>
						<line number="1271" hits="1"/>
						<line number="1273" hits="1"/>
						<line number="1274" hits="1" branch="true" condition-coverage="100% (2/2)"/>
						<line number="1275" hits="1"/>
						<line number="1276" hits="1"/>
						<line number="1277" hits="1"/>
						<line number="1285" hits="1"/>
						<line number="1286" hits="1"/>
						<line number="1288" hits="1"/>
						<line number="1289" hits="1"/>
						<line number="1301" hits="1" branch="true" condition-coverage="100% (2/2)"/>
						<line number="1302" hits="1"/>
						<line number="1303" hits="1"/>
						<line number="1304" hits="1"/>
						<line number="1306" hits="1"/>
						<line number="1307" hits="1" branch="true" condition-coverage="100% (2/2)"/>
						<line number="1308" hits="1"/>
						<line number="1309" hits="1"/>
						<line number="1310" hits="1"/>
						<line number="1313" hits="1"/>
						<line number="1314" hits="1"/>
						<line number="1316" hits="1"/>
						<line number="1317" hits="1"/>
						<line number="1323" hits="1"/>
						<line number="1324" hits="1" branch="true" condition-coverage="100% (2/2)"/>
						<line number="1325" hits="1"/>
						<line number="1326" hits="1" branch="true" condition-coverage="100% (2/2)"/>
						<line number="1327" hits="1"/>
						<line number="1328" hits="1" branch="true" condition-coverage="100% (2/2)"/>
						<line number="1329" hits="1"/>
						<line number="1331" hits="1"/>
						<line number="1332" hits="1"/>
						<line number="1334" hits="1"/>
						<line number="1335" hits="1"/>
						<line number="1342" hits="1"/>
						<line number="1344" hits="1"/>
						<line number="1345" hits="1"/>
						<line number="1351" hits="1"/>
						<line number="1353" hits="1"/>
						<line number="1354" hits="1"/>
						<line number="1360" hits="1"/>
						<line number="1362" hits="1"/>
						<line number="1374" hits="1"/>
						<line number="1375" hits="1"/>
						<line number="1376" hits="1"/>
						<line number="1378" hits="1"/>
						<line number="1379" hits="1"/>
						<line number="1381" hits="1"/>
						<line number="1382" hits="1"/>
						<line number="1383" hits="1" branch="true" condition-coverage="50% (1/2)" missing-branches="1385"/>
						<line number="1384" hits="1"/>
						<line number="1385" hits="1" branch="true" condition-coverage="100% (2/2)"/>
						<line number="1386" hits="1"/>
						<line number="1387" hits="1"/>
						<line number="1388" hits="1" branch="true" condition-coverage="100% (2/2)"/>
						<line number="1389" hits="1"/>
						<line number="1391" hits="1"/>
						<line number="1399" hits="1"/>
						<line number="1400" hits="1"/>
						<line number="1401" hits="1"/>
						<line number="1402" hits="1"/>
						<line number="1403" hits="1"/>
						<line number="1405" hits="1"/>
						<line number="1406" hits="1"/>
						<line number="1408" hits="1"/>
						<line number="1409" hits="1"/>
						<line number="1410" hits="0"/>
						<line number="1411" hits="0"/>
						<line number="1412" hits="0"/>
						<line number="1414" hits="1"/>
						<line number="1420" hits="1" branch="true" condition-coverage="50% (1/2)" missing-branches="1422"/>
						<line number="1421" hits="1"/>
						<line number="1422" hits="1" branch="true" condition-coverage="50% (1/2)" missing-branches="1424"/>
						<line number="1423" hits="1"/>
						<line number="1424" hits="1"/>
						<line number="1425" hits="0"/>
						<line number="1426" hits="0"/>
						<line number="1428" hits="1"/>
						<line number="1429" hits="1"/>
						<line number="1431" hits="1"/>
						<line number="1432" hits="1"/>
						<line number="1433" hits="1"/>
						<line number="1434" hits="1" branch="true" condition-coverage="50% (1/2)" missing-branches="1435"/>
						<line number="1435" hits="0"/>
						<line number="1436" hits="1" branch="true" condition-coverage="50% (1/2)" missing-branches="1437"/>
						<line number="1437" hits="0"/>
						<line number="1438" hits="1" branch="true" condition-coverage="50% (1/2)" missing-branches="1440"/>
						<line number="1440" hits="0"/>
						<line number="1442" hits="1"/>
						<line number="1443" hits="0"/>
						<line number="1445" hits="0"/>
						<line number="1447" hits="1"/>
						<line number="1448" hits="1" branch="true" condition-coverage="100% (2/2)"/>
						<line number="1449" hits="1"/>
						<line number="1450" hits="1"/>
						<line number="1451" hits="1" branch="true" condition-coverage="100% (2/2)"/>
						<line number="1452" hits="1"/>
						<line number="1453" hits="1"/>
						<line number="1455" hits="1" branch="true" condition-coverage="100% (2/2)"/>
						<line number="1456" hits="1" branch="true" condition-coverage="50% (1/2)" missing-branches="1458"/>
						<line number="1457" hits="1"/>
						<line number="1458" hits="1"/>
						<line number="1459" hits="1" branch="true" condition-coverage="100% (2/2)"/>
						<line number="1460" hits="1"/>
						<line number="1462" hits="1" branch="true" condition-coverage="100% (2/2)"/>
						<line number="1463" hits="1" branch="true" condition-coverage="100% (2/2)"/>
						<line number="1464" hits="1"/>
						<line number="1465" hits="1"/>
						<line number="1466" hits="1" branch="true" condition-coverage="100% (2/2)"/>
						<line number="1467" hits="1" branch="true" condition-coverage="100% (2/2)"/>
						<line number="1468" hits="1"/>
						<line number="1469" hits="1"/>
						<line number="1470" hits="1" branch="true" condition-coverage="100% (2/2)"/>
						<line number="1472" hits="1" branch="true" condition-coverage="100% (2/2)"/>
						<line number="1473" hits="1"/>
						<line number="1474" hits="1"/>
						<line number="1475" hits="1" branch="true" condition-coverage="100% (2/2)"/>
						<line number="1476" hits="1" branch="true" condition-coverage="50% (1/2)" missing-branches="1477"/>
						<line number="1477" hits="0"/>
						<line number="1478" hits="1"/>
						<line number="1480" hits="1"/>
						<line number="1481" hits="1" branch="true" condition-coverage="100% (2/2)"/>
						<line number="1482" hits="1" branch="true" condition-coverage="100% (2/2)"/>
						<line number="1483" hits="1"/>
						<line number="1485" hits="1"/>
						<line number="1486" hits="1"/>
						<line number="1490" hits="1"/>
						<line number="1491" hits="1"/>
						<line number="1492" hits="1"/>
						<line number="1493" hits="1"/>
						<line number="1494" hits="1"/>
						<line number="1495" hits="1"/>
						<line number="1497" hits="1"/>
						<line number="1500" hits="1" branch="true" condition-coverage="100% (2/2)"/>
						<line number="1501" hits="1" branch="true" condition-coverage="50% (1/2)" missing-branches="1502"/>
						<line number="1502" hits="0"/>
						<line number="1503" hits="0"/>
						<line number="1505" hits="1" branch="true" condition-coverage="100% (2/2)"/>
						<line number="1506" hits="1"/>
						<line number="1507" hits="1" branch="true" condition-coverage="100% (2/2)"/>
						<line number="1508" hits="1"/>
						<line number="1509" hits="1"/>
						<line number="1513" hits="1"/>
						<line number="1514" hits="1" branch="true" condition-coverage="50% (1/2)" missing-branches="1533"/>
						<line number="1515" hits="1" branch="true" condition-coverage="100% (2/2)"/>
						<line number="1529" hits="1" branch="true" condition-coverage="100% (2/2)"/>
						<line number="1530" hits="1"/>
						<line number="1531" hits="1"/>
						<line number="1533" hits="1" branch="true" condition-coverage="100% (2/2)"/>
						<line number="1534" hits="1" branch="true" condition-coverage="100% (2/2)"/>
						<line number="1535" hits="1"/>
						<line number="1538" hits="1"/>
						<line number="1539" hits="1"/>
						<line number="1541" hits="1"/>
						<line number="1542" hits="1" branch="true" condition-coverage="100% (2/2)"/>
						<line number="1543" hits="1" branch="true" condition-coverage="50% (1/2)" missing-branches="1549"/>
						<line number="1544" hits="1"/>
						<line number="1545" hits="1"/>
						<line number="1547" hits="1"/>
						<line number="1549" hits="1"/>
						<line number="1551" hits="1"/>
						<line number="1552" hits="1"/>
						<line number="1553" hits="1"/>
						<line number="1554" hits="0"/>
						<line number="1555" hits="0"/>
						<line number="1560" hits="1"/>
						<line number="1565" hits="1"/>
						<line number="1566" hits="1"/>
						<line number="1568" hits="1"/>
						<line number="1569" hits="1"/>
						<line number="1571" hits="1"/>
						<line number="1572" hits="1"/>
						<line number="1573" hits="1"/>
						<line number="1574" hits="1"/>
						<line number="1576" hits="1"/>
						<line number="1577" hits="1" branch="true" condition-coverage="50% (1/2)" missing-branches="1582"/>
						<line number="1578" hits="1"/>
						<line number="1579" hits="1"/>
						<line number="1580" hits="1"/>
						<line number="1582" hits="0"/>
						<line number="1585" hits="1" branch="true" condition-coverage="100% (2/2)"/>
						<line number="1586" hits="1"/>
						<line number="1588" hits="1" branch="true" condition-coverage="50% (1/2)" missing-branches="1589"/>
						<line number="1589" hits="0"/>
						<line number="1591" hits="1"/>
						<line number="1592" hits="1" branch="true" condition-coverage="50% (1/2)" missing-branches="1596"/>
						<line number="1593" hits="1" branch="true" condition-coverage="100% (2/2)"/>
						<line number="1594" hits="1"/>
						<line number="1596" hits="1" branch="true" condition-coverage="100% (2/2)"/>
						<line number="1597" hits="1"/>
						<line number="1598" hits="1"/>
						<line number="1599" hits="1" branch="true" condition-coverage="100% (2/2)"/>
						<line number="1600" hits="1"/>
						<line number="1602" hits="1" branch="true" condition-coverage="100% (2/2)"/>
						<line number="1603" hits="1" branch="true" condition-coverage="100% (2/2)"/>
						<line number="1604" hits="1"/>
						<line number="1605" hits="1" branch="true" condition-coverage="50% (1/2)" missing-branches="1606"/>
						<line number="1606" hits="0"/>
						<line number="1607" hits="1" branch="true" condition-coverage="50% (1/2)" missing-branches="1608"/>
						<line number="1608" hits="0"/>
						<line number="1610" hits="1"/>
						<line number="1611" hits="0"/>
						<line number="1612" hits="0"/>
						<line number="1614" hits="1"/>
						<line number="1615" hits="1"/>
						<line number="1627" hits="1"/>
						<line number="1628" hits="1"/>
						<line number="1629" hits="1"/>
						<line number="1631" hits="1"/>
						<line number="1632" hits="1"/>
						<line number="1635" hits="1"/>
						<line number="1636" hits="1" branch="true" condition-coverage="100% (2/2)"/>
						<line number="1637" hits="1" branch="true" condition-coverage="50% (1/2)" missing-branches="1636"/>
						<line number="1638" hits="1"/>
						<line number="1643" hits="0"/>
						<line number="1645" hits="0"/>
						<line number="1647" hits="1" branch="true" condition-coverage="50% (1/2)" missing-branches="1648"/>
						<line number="1648" hits="0"/>
						<line number="1650" hits="1"/>
						<line number="1652" hits="1"/>
						<line number="1653" hits="1"/>
						<line number="1654" hits="1" branch="true" condition-coverage="50% (1/2)" missing-branches="1656"/>
						<line number="1655" hits="1"/>
						<line number="1656" hits="1" branch="true" condition-coverage="100% (2/2)"/>
						<line number="1657" hits="1"/>
						<line number="1658" hits="1" branch="true" condition-coverage="50% (1/2)" missing-branches="1656"/>
						<line number="1659" hits="1"/>
						<line number="1661" hits="1" branch="true" condition-coverage="100% (2/2)"/>
						<line number="1662" hits="1"/>
						<line number="1663" hits="1" branch="true" condition-coverage="100% (2/2)"/>
						<line number="1664" hits="1"/>
						<line number="1665" hits="1"/>
						<line number="1666" hits="1"/>
						<line number="1667" hits="1" branch="true" condition-coverage="50% (1/2)" missing-branches="1668"/>
						<line number="1668" hits="0"/>
						<line number="1670" hits="1"/>
						<line number="1672" hits="1"/>
						<line number="1673" hits="1"/>
						<line number="1674" hits="1"/>
						<line number="1675" hits="1"/>
						<line number="1676" hits="0"/>
						<line number="1677" hits="0"/>
						<line number="1680" hits="1" branch="true" condition-coverage="50% (1/2)" missing-branches="1682"/>
						<line number="1681" hits="1"/>
						<line number="1682" hits="0" branch="true" condition-coverage="0% (0/2)" missing-branches="1683,1685"/>
						<line number="1683" hits="0"/>
						<line number="1685" hits="0"/>
						<line number="1686" hits="0"/>
						<line number="1688" hits="0"/>
						<line number="1689" hits="0" branch="true" condition-coverage="0% (0/2)" missing-branches="1690,1693"/>
						<line number="1690" hits="0"/>
						<line number="1693" hits="0"/>
						<line number="1694" hits="0"/>
						<line number="1695" hits="0"/>
						<line number="1700" hits="1"/>
						<line number="1702" hits="1"/>
						<line number="1703" hits="1"/>
						<line number="1708" hits="1"/>
						<line number="1709" hits="1"/>
						<line number="1710" hits="1"/>
						<line number="1712" hits="1"/>
						<line number="1714" hits="1"/>
						<line number="1715" hits="1"/>
						<line number="1716" hits="1"/>
						<line number="1717" hits="1"/>
						<line number="1718" hits="1" branch="true" condition-coverage="50% (1/2)" missing-branches="1719"/>
						<line number="1719" hits="0"/>
						<line number="1720" hits="1"/>
						<line number="1722" hits="1" branch="true" condition-coverage="100% (2/2)"/>
						<line number="1723" hits="1"/>
						<line number="1724" hits="1"/>
						<line number="1725" hits="1"/>
						<line number="1730" hits="1"/>
						<line number="1737" hits="1" branch="true" condition-coverage="50% (1/2)" missing-branches="1739"/>
						<line number="1738" hits="1"/>
						<line number="1739" hits="1"/>
						<line number="1741" hits="1" branch="true" condition-coverage="50% (1/2)" missing-branches="1742"/>
						<line number="1742" hits="0"/>
						<line number="1744" hits="0"/>
						<line number="1748" hits="1" branch="true" condition-coverage="100% (2/2)"/>
						<line number="1749" hits="1"/>
						<line number="1751" hits="1"/>
						<line number="1753" hits="1"/>
						<line number="1758" hits="1"/>
						<line number="1759" hits="1"/>
						<line number="1765" hits="1"/>
						<line number="1767" hits="1"/>
						<line number="1768" hits="1"/>
						<line number="1781" hits="1"/>
						<line number="1783" hits="1"/>
						<line number="2192" hits="1"/>
						<line number="2193" hits="1"/>
						<line number="2194" hits="1" branch="true" condition-coverage="50% (1/2)" missing-branches="2196"/>
						<line number="2195" hits="1"/>
						<line number="2196" hits="1"/>
						<line number="2197" hits="1"/>
						<line number="2198" hits="1"/>
						<line number="2199" hits="1"/>
						<line number="2200" hits="1"/>
						<line number="2201" hits="1"/>
						<line number="2202" hits="1"/>
						<line number="2203" hits="1"/>
						<line number="2204" hits="1"/>
						<line number="2205" hits="1"/>
						<line number="2206" hits="1"/>
						<line number="2209" hits="1"/>
						<line number="2210" hits="1"/>
						<line number="2211" hits="1"/>
						<line number="2212" hits="1"/>
						<line number="2213" hits="1"/>
						<line number="2214" hits="1" branch="true" condition-coverage="100% (2/2)"/>
						<line number="2215" hits="1"/>
						<line number="2216" hits="1"/>
						<line number="2217" hits="1"/>
						<line number="2218" hits="1"/>
						<line number="2219" hits="1"/>
						<line number="2222" hits="1"/>
						<line number="2223" hits="1"/>
						<line number="2224" hits="1"/>
						<line number="2225" hits="1"/>
						<line number="2226" hits="1" branch="true" condition-coverage="100% (2/2)"/>
						<line number="2227" hits="1"/>
						<line number="2228" hits="1"/>
						<line number="2229" hits="1"/>
						<line number="2230" hits="1"/>
						<line number="2231" hits="1"/>
						<line number="2232" hits="1"/>
						<line number="2233" hits="1"/>
						<line number="2234" hits="1" branch="true" condition-coverage="100% (2/2)"/>
						<line number="2235" hits="1"/>
						<line number="2236" hits="1"/>
						<line number="2237" hits="1"/>
						<line number="2238" hits="1"/>
						<line number="2241" hits="1"/>
						<line number="2242" hits="1"/>
						<line number="2243" hits="1"/>
						<line number="2245" hits="1"/>
						<line number="2246" hits="1"/>
						<line number="2247" hits="1"/>
						<line number="2248" hits="1"/>
						<line number="2249" hits="1"/>
						<line number="2250" hits="1" branch="true" condition-coverage="100% (2/2)"/>
						<line number="2251" hits="1"/>
						<line number="2252" hits="1" branch="true" condition-coverage="100% (2/2)"/>
						<line number="2253" hits="1"/>
						<line number="2254" hits="1" branch="true" condition-coverage="50% (1/2)" missing-branches="2255"/>
						<line number="2255" hits="0"/>
						<line number="2257" hits="1"/>
						<line number="2258" hits="1"/>
						<line number="2259" hits="1"/>
						<line number="2260" hits="1" branch="true" condition-coverage="100% (2/2)"/>
						<line number="2262" hits="1"/>
						<line number="2263" hits="1"/>
						<line number="2264" hits="1"/>
						<line number="2266" hits="1" branch="true" condition-coverage="100% (2/2)"/>
						<line number="2267" hits="1"/>
						<line number="2273" hits="1" branch="true" condition-coverage="100% (2/2)"/>
						<line number="2274" hits="1" branch="true" condition-coverage="50% (1/2)" missing-branches="2275"/>
						<line number="2275" hits="0"/>
						<line number="2279" hits="0"/>
						<line number="2281" hits="1"/>
						<line number="2282" hits="1" branch="true" condition-coverage="50% (1/2)" missing-branches="2289"/>
						<line number="2283" hits="1"/>
						<line number="2287" hits="1"/>
						<line number="2289" hits="0"/>
						<line number="2293" hits="0"/>
						<line number="2295" hits="1"/>
						<line number="2296" hits="1"/>
						<line number="2297" hits="1"/>
						<line number="2298" hits="1"/>
						<line number="2299" hits="1"/>
						<line number="2300" hits="1"/>
						<line number="2303" hits="1" branch="true" condition-coverage="100% (2/2)"/>
						<line number="2304" hits="1"/>
						<line number="2306" hits="0"/>
						<line number="2308" hits="0"/>
						<line number="2322" hits="0" branch="true" condition-coverage="0% (0/2)" missing-branches="2323,2324"/>
						<line number="2323" hits="0"/>
						<line number="2324" hits="0" branch="true" condition-coverage="0% (0/2)" missing-branches="2325,2329"/>
						<line number="2325" hits="0"/>
						<line number="2328" hits="1"/>
						<line number="2329" hits="1"/>
						<line number="2330" hits="1"/>
						<line number="2331" hits="1"/>
						<line number="2333" hits="1"/>
						<line number="2334" hits="1"/>
						<line number="2335" hits="1"/>
						<line number="2336" hits="1"/>
						<line number="2343" hits="1"/>
						<line number="2344" hits="1"/>
						<line number="2345" hits="1"/>
						<line number="2346" hits="1"/>
						<line number="2347" hits="1"/>
						<line number="2348" hits="1"/>
						<line number="2351" hits="1" branch="true" condition-coverage="100% (2/2)"/>
						<line number="2352" hits="1"/>
						<line number="2353" hits="1"/>
						<line number="2354" hits="1"/>
						<line number="2355" hits="1" branch="true" condition-coverage="100% (2/2)"/>
						<line number="2356" hits="1"/>
						<line number="2357" hits="0"/>
						<line number="2358" hits="0"/>
						<line number="2359" hits="1"/>
						<line number="2371" hits="1"/>
						<line number="2372" hits="1"/>
						<line number="2373" hits="1"/>
						<line number="2374" hits="1"/>
						<line number="2375" hits="1"/>
						<line number="2376" hits="1"/>
						<line number="2382" hits="1" branch="true" condition-coverage="100% (2/2)"/>
						<line number="2383" hits="1"/>
						<line number="2384" hits="1"/>
						<line number="2385" hits="1"/>
						<line number="2386" hits="1"/>
						<line number="2387" hits="1"/>
						<line number="2389" hits="1"/>
						<line number="2390" hits="1"/>
						<line number="2391" hits="1"/>
						<line number="2393" hits="1"/>
						<line number="2394" hits="1" branch="true" condition-coverage="100% (2/2)"/>
						<line number="2395" hits="1" branch="true" condition-coverage="100% (2/2)"/>
						<line number="2396" hits="1"/>
						<line number="2401" hits="1" branch="true" condition-coverage="100% (2/2)"/>
						<line number="2402" hits="1"/>
						<line number="2403" hits="1" branch="true" condition-coverage="100% (2/2)"/>
						<line number="2404" hits="1"/>
						<line number="2407" hits="1" branch="true" condition-coverage="50% (1/2)" missing-branches="2409"/>
						<line number="2408" hits="1"/>
						<line number="2409" hits="1" branch="true" condition-coverage="100% (2/2)"/>
						<line number="2410" hits="1"/>
						<line number="2416" hits="1" branch="true" condition-coverage="100% (2/2)"/>
						<line number="2417" hits="1"/>
						<line number="2420" hits="1"/>
						<line number="2421" hits="1"/>
						<line number="2422" hits="1"/>
						<line number="2425" hits="1" branch="true" condition-coverage="100% (2/2)"/>
						<line number="2426" hits="1"/>
						<line number="2427" hits="1"/>
						<line number="2430" hits="1" branch="true" condition-coverage="100% (2/2)"/>
						<line number="2431" hits="1"/>
						<line number="2442" hits="1"/>
						<line number="2450" hits="1"/>
						<line number="2452" hits="1"/>
						<line number="2453" hits="1"/>
						<line number="2456" hits="1"/>
						<line number="2457" hits="1" branch="true" condition-coverage="100% (2/2)"/>
						<line number="2458" hits="1"/>
						<line number="2459" hits="1" branch="true" condition-coverage="100% (2/2)"/>
						<line number="2473" hits="1"/>
						<line number="2474" hits="1" branch="true" condition-coverage="100% (2/2)"/>
						<line number="2475" hits="1"/>
						<line number="2477" hits="1" branch="true" condition-coverage="50% (1/2)" missing-branches="2479"/>
						<line number="2478" hits="1"/>
						<line number="2479" hits="1"/>
						<line number="2481" hits="1" branch="true" condition-coverage="100% (2/2)"/>
						<line number="2482" hits="1"/>
						<line number="2483" hits="1" branch="true" condition-coverage="100% (2/2)"/>
						<line number="2484" hits="1"/>
						<line number="2486" hits="1"/>
						<line number="2488" hits="1"/>
						<line number="2489" hits="1"/>
						<line number="2490" hits="1"/>
						<line number="2492" hits="1"/>
						<line number="2493" hits="1"/>
						<line number="2495" hits="1" branch="true" condition-coverage="50% (1/2)" missing-branches="2497"/>
						<line number="2497" hits="0"/>
						<line number="2498" hits="0"/>
						<line number="2505" hits="1" branch="true" condition-coverage="100% (2/2)"/>
						<line number="2506" hits="1"/>
						<line number="2507" hits="1"/>
						<line number="2508" hits="1" branch="true" condition-coverage="50% (1/2)" missing-branches="2510"/>
						<line number="2509" hits="1"/>
						<line number="2510" hits="1" branch="true" condition-coverage="50% (1/2)" missing-branches="2512"/>
						<line number="2511" hits="1"/>
						<line number="2512" hits="1"/>
						<line number="2519" hits="1" branch="true" condition-coverage="100% (2/2)"/>
						<line number="2521" hits="1"/>
						<line number="2522" hits="1"/>
						<line number="2530" hits="1" branch="true" condition-coverage="50% (1/2)" missing-branches="2534"/>
						<line number="2534" hits="0"/>
						<line number="2536" hits="1" branch="true" condition-coverage="100% (2/2)"/>
						<line number="2537" hits="1" branch="true" condition-coverage="100% (2/2)"/>
						<line number="2538" hits="1"/>
						<line number="2543" hits="1" branch="true" condition-coverage="100% (2/2)"/>
						<line number="2544" hits="1"/>
						<line number="2546" hits="1"/>
						<line number="2547" hits="1"/>
						<line number="2548" hits="1" branch="true" condition-coverage="100% (2/2)"/>
						<line number="2549" hits="1"/>
						<line number="2550" hits="1"/>
						<line number="2558" hits="1"/>
						<line number="2559" hits="1"/>
						<line number="2560" hits="1"/>
						<line number="2561" hits="1"/>
						<line number="2562" hits="1"/>
						<line number="2569" hits="1" branch="true" condition-coverage="100% (2/2)"/>
						<line number="2570" hits="1"/>
						<line number="2571" hits="1"/>
						<line number="2572" hits="1"/>
						<line number="2573" hits="1"/>
						<line number="2575" hits="1"/>
						<line number="2576" hits="1"/>
						<line number="2577" hits="1" branch="true" condition-coverage="100% (2/2)"/>
						<line number="2578" hits="1"/>
						<line number="2579" hits="1"/>
						<line number="2580" hits="1"/>
						<line number="2581" hits="1" branch="true" condition-coverage="100% (2/2)"/>
						<line number="2583" hits="1"/>
						<line number="2584" hits="1"/>
						<line number="2587" hits="1"/>
						<line number="2591" hits="1"/>
						<line number="2593" hits="1"/>
						<line number="2606" hits="1"/>
						<line number="2607" hits="1"/>
						<line number="2608" hits="1"/>
						<line number="2609" hits="1"/>
						<line number="2610" hits="1"/>
						<line number="2611" hits="1"/>
						<line number="2612" hits="1"/>
						<line number="2613" hits="1"/>
						<line number="2614" hits="1"/>
						<line number="2615" hits="1"/>
						<line number="2616" hits="1"/>
						<line number="2617" hits="1"/>
						<line number="2628" hits="1" branch="true" condition-coverage="100% (2/2)"/>
						<line number="2629" hits="1"/>
						<line number="2630" hits="1"/>
						<line number="2631" hits="1"/>
						<line number="2633" hits="1"/>
						<line number="2634" hits="1"/>
						<line number="2635" hits="1" branch="true" condition-coverage="100% (2/2)"/>
						<line number="2636" hits="1"/>
						<line number="2637" hits="1"/>
						<line number="2638" hits="1" branch="true" condition-coverage="100% (2/2)"/>
						<line number="2647" hits="1"/>
						<line number="2655" hits="1" branch="true" condition-coverage="100% (2/2)"/>
						<line number="2657" hits="1"/>
						<line number="2658" hits="1"/>
						<line number="2659" hits="1"/>
						<line number="2660" hits="1"/>
						<line number="2665" hits="1"/>
						<line number="2666" hits="1"/>
						<line number="2667" hits="1" branch="true" condition-coverage="100% (2/2)"/>
						<line number="2668" hits="1"/>
						<line number="2670" hits="1"/>
						<line number="2671" hits="1" branch="true" condition-coverage="50% (1/2)" missing-branches="2672"/>
						<line number="2672" hits="0"/>
						<line number="2673" hits="0"/>
						<line number="2675" hits="0"/>
						<line number="2676" hits="0" branch="true" condition-coverage="0% (0/2)" missing-branches="2677,2679"/>
						<line number="2677" hits="0"/>
						<line number="2679" hits="0"/>
						<line number="2680" hits="0"/>
						<line number="2681" hits="0"/>
						<line number="2682" hits="0"/>
						<line number="2684" hits="1"/>
						<line number="2686" hits="1" branch="true" condition-coverage="50% (1/2)" missing-branches="2687"/>
						<line number="2687" hits="0"/>
						<line number="2688" hits="1" branch="true" condition-coverage="100% (2/2)"/>
						<line number="2689" hits="1"/>
						<line number="2690" hits="1" branch="true" condition-coverage="50% (1/2)" missing-branches="2692"/>
						<line number="2691" hits="1"/>
						<line number="2692" hits="0" branch="true" condition-coverage="0% (0/2)" missing-branches="2693,2709"/>
						<line number="2693" hits="0" branch="true" condition-coverage="0% (0/2)" missing-branches="2694,2707"/>
						<line number="2694" hits="0"/>
						<line number="2695" hits="0"/>
						<line number="2697" hits="0"/>
						<line number="2698" hits="0" branch="true" condition-coverage="0% (0/2)" missing-branches="2699,2701"/>
						<line number="2699" hits="0"/>
						<line number="2701" hits="0"/>
						<line number="2702" hits="0"/>
						<line number="2703" hits="0"/>
						<line number="2707" hits="0"/>
						<line number="2709" hits="0"/>
						<line number="2712" hits="1"/>
						<line number="2713" hits="1"/>
						<line number="2714" hits="1"/>
						<line number="2715" hits="1" branch="true" condition-coverage="50% (1/2)" missing-branches="2745"/>
						<line number="2716" hits="1"/>
						<line number="2717" hits="1" branch="true" condition-coverage="100% (2/2)"/>
						<line number="2718" hits="1"/>
						<line number="2719" hits="1"/>
						<line number="2720" hits="1" branch="true" condition-coverage="50% (1/2)" missing-branches="2726"/>
						<line number="2721" hits="1"/>
						<line number="2725" hits="1"/>
						<line number="2726" hits="1"/>
						<line number="2745" hits="0"/>
						<line number="2747" hits="0"/>
						<line number="2748" hits="0"/>
						<line number="2749" hits="0" branch="true" condition-coverage="0% (0/2)" missing-branches="2750,2755"/>
						<line number="2750" hits="0"/>
						<line number="2751" hits="0" branch="true" condition-coverage="0% (0/2)" missing-branches="2752,2753"/>
						<line number="2752" hits="0"/>
						<line number="2753" hits="0"/>
						<line number="2755" hits="0"/>
						<line number="2760" hits="1"/>
						<line number="2761" hits="1"/>
						<line number="2763" hits="1" branch="true" condition-coverage="50% (1/2)" missing-branches="2794"/>
						<line number="2765" hits="1"/>
						<line number="2768" hits="1"/>
						<line number="2773" hits="1"/>
						<line number="2794" hits="0"/>
						<line number="2810" hits="1"/>
						<line number="2818" hits="1" branch="true" condition-coverage="100% (2/2)"/>
						<line number="2819" hits="1"/>
						<line number="2820" hits="1"/>
						<line number="2821" hits="1" branch="true" condition-coverage="50% (1/2)" missing-branches="2818"/>
						<line number="2822" hits="1"/>
						<line number="2823" hits="1"/>
						<line number="2824" hits="1"/>
						<line number="2825" hits="1"/>
						<line number="2826" hits="1"/>
						<line number="2827" hits="1" branch="true" condition-coverage="50% (1/2)" missing-branches="2829"/>
						<line number="2828" hits="1"/>
						<line number="2829" hits="1"/>
						<line number="2830" hits="1" branch="true" condition-coverage="100% (2/2)"/>
						<line number="2831" hits="1" branch="true" condition-coverage="100% (2/2)"/>
						<line number="2832" hits="1"/>
						<line number="2833" hits="1" branch="true" condition-coverage="100% (2/2)"/>
						<line number="2834" hits="1"/>
						<line number="2835" hits="1"/>
						<line number="2836" hits="1"/>
						<line number="2841" hits="1"/>
						<line number="2842" hits="1"/>
						<line number="2843" hits="1"/>
						<line number="2844" hits="1"/>
						<line number="2845" hits="1"/>
						<line number="2846" hits="1" branch="true" condition-coverage="100% (2/2)"/>
						<line number="2847" hits="1"/>
						<line number="2848" hits="1" branch="true" condition-coverage="100% (2/2)"/>
						<line number="2849" hits="1"/>
						<line number="2853" hits="1"/>
						<line number="2854" hits="1" branch="true" condition-coverage="100% (2/2)"/>
						<line number="2855" hits="1"/>
						<line number="2866" hits="1"/>
						<line number="2867" hits="1"/>
						<line number="2868" hits="1"/>
						<line number="2870" hits="0"/>
						<line number="2871" hits="0" branch="true" condition-coverage="0% (0/2)" missing-branches="2872,2874"/>
						<line number="2872" hits="0"/>
						<line number="2874" hits="0"/>
						<line number="2875" hits="1"/>
						<line number="2876" hits="1"/>
						<line number="2877" hits="1" branch="true" condition-coverage="100% (2/2)"/>
						<line number="2878" hits="1"/>
						<line number="2879" hits="1" branch="true" condition-coverage="100% (2/2)"/>
						<line number="2880" hits="1"/>
						<line number="2881" hits="1"/>
						<line number="2883" hits="0"/>
						<line number="2884" hits="0" branch="true" condition-coverage="0% (0/2)" missing-branches="2885,2887"/>
						<line number="2885" hits="0"/>
						<line number="2887" hits="0"/>
						<line number="2888" hits="1"/>
						<line number="2889" hits="1"/>
						<line number="2890" hits="1" branch="true" condition-coverage="100% (2/2)"/>
						<line number="2891" hits="1"/>
						<line number="2892" hits="1" branch="true" condition-coverage="50% (1/2)" missing-branches="2894"/>
						<line number="2893" hits="1"/>
						<line number="2894" hits="0" branch="true" condition-coverage="0% (0/2)" missing-branches="2895,2897"/>
						<line number="2895" hits="0"/>
						<line number="2897" hits="0"/>
						<line number="2901" hits="1"/>
						<line number="2902" hits="1"/>
						<line number="2903" hits="1"/>
						<line number="2904" hits="1" branch="true" condition-coverage="100% (2/2)"/>
						<line number="2905" hits="1" branch="true" condition-coverage="100% (2/2)"/>
						<line number="2906" hits="1"/>
						<line number="2908" hits="1"/>
						<line number="2909" hits="1" branch="true" condition-coverage="100% (2/2)"/>
						<line number="2910" hits="1"/>
						<line number="2911" hits="1"/>
						<line number="2912" hits="1"/>
						<line number="2913" hits="1"/>
						<line number="2914" hits="1"/>
						<line number="2915" hits="1"/>
						<line number="2923" hits="1" branch="true" condition-coverage="100% (2/2)"/>
						<line number="2924" hits="1"/>
						<line number="2929" hits="1"/>
						<line number="2930" hits="1" branch="true" condition-coverage="100% (2/2)"/>
						<line number="2931" hits="1"/>
						<line number="2932" hits="1"/>
						<line number="2937" hits="1"/>
						<line number="2939" hits="1"/>
						<line number="2940" hits="1"/>
						<line number="2941" hits="1" branch="true" condition-coverage="100% (2/2)"/>
						<line number="2942" hits="1"/>
						<line number="2943" hits="1"/>
						<line number="2944" hits="1"/>
						<line number="2945" hits="1"/>
						<line number="2946" hits="1" branch="true" condition-coverage="100% (2/2)"/>
						<line number="2947" hits="1" branch="true" condition-coverage="100% (2/2)"/>
						<line number="2948" hits="1"/>
						<line number="2954" hits="1"/>
						<line number="2955" hits="1"/>
						<line number="2957" hits="1"/>
						<line number="2959" hits="1"/>
						<line number="2960" hits="1"/>
						<line number="2963" hits="1" branch="true" condition-coverage="100% (2/2)"/>
						<line number="2964" hits="1"/>
						<line number="2984" hits="1"/>
						<line number="2985" hits="1"/>
						<line number="2986" hits="1"/>
						<line number="2987" hits="1" branch="true" condition-coverage="50% (1/2)" missing-branches="2988"/>
						<line number="2988" hits="0"/>
						<line number="2989" hits="0" branch="true" condition-coverage="0% (0/2)" missing-branches="2990,2991"/>
						<line number="2990" hits="0"/>
						<line number="2991" hits="0"/>
						<line number="2992" hits="1"/>
						<line number="2994" hits="1"/>
						<line number="3000" hits="1"/>
						<line number="3003" hits="1"/>
						<line number="3004" hits="1" branch="true" condition-coverage="100% (2/2)"/>
						<line number="3005" hits="1"/>
						<line number="3010" hits="1"/>
						<line number="3011" hits="1"/>
						<line number="3023" hits="1"/>
						<line number="3024" hits="1"/>
						<line number="3025" hits="1"/>
						<line number="3030" hits="1" branch="true" condition-coverage="100% (2/2)"/>
						<line number="3031" hits="1"/>
						<line number="3032" hits="1"/>
						<line number="3033" hits="1" branch="true" condition-coverage="100% (2/2)"/>
						<line number="3035" hits="1"/>
						<line number="3036" hits="1"/>
						<line number="3037" hits="1" branch="true" condition-coverage="100% (2/2)"/>
						<line number="3038" hits="1"/>
						<line number="3039" hits="1"/>
						<line number="3040" hits="1"/>
						<line number="3041" hits="1"/>
						<line number="3042" hits="1" branch="true" condition-coverage="50% (1/2)" missing-branches="3046"/>
						<line number="3043" hits="1"/>
						<line number="3044" hits="1"/>
						<line number="3045" hits="1"/>
						<line number="3046" hits="1"/>
						<line number="3050" hits="1"/>
						<line number="3051" hits="1" branch="true" condition-coverage="50% (1/2)" missing-branches="3054"/>
						<line number="3052" hits="1"/>
						<line number="3054" hits="1" branch="true" condition-coverage="100% (2/2)"/>
						<line number="3055" hits="1"/>
						<line number="3056" hits="1"/>
						<line number="3057" hits="1"/>
						<line number="3058" hits="1" branch="true" condition-coverage="100% (2/2)"/>
						<line number="3059" hits="1"/>
						<line number="3062" hits="1"/>
						<line number="3063" hits="1"/>
						<line number="3064" hits="1"/>
						<line number="3069" hits="1"/>
						<line number="3074" hits="1" branch="true" condition-coverage="100% (2/2)"/>
						<line number="3075" hits="1"/>
						<line number="3076" hits="1"/>
						<line number="3077" hits="1"/>
						<line number="3078" hits="1" branch="true" condition-coverage="100% (2/2)"/>
						<line number="3079" hits="1"/>
						<line number="3080" hits="1"/>
						<line number="3081" hits="1"/>
						<line number="3082" hits="1"/>
						<line number="3083" hits="1"/>
						<line number="3084" hits="1" branch="true" condition-coverage="100% (2/2)"/>
						<line number="3089" hits="1"/>
						<line number="3090" hits="1" branch="true" condition-coverage="100% (2/2)"/>
						<line number="3091" hits="1"/>
						<line number="3092" hits="1" branch="true" condition-coverage="100% (2/2)"/>
						<line number="3093" hits="1"/>
						<line number="3097" hits="1"/>
						<line number="3106" hits="1" branch="true" condition-coverage="100% (2/2)"/>
						<line number="3114" hits="1"/>
						<line number="3120" hits="1" branch="true" condition-coverage="50% (1/2)" missing-branches="3121"/>
						<line number="3121" hits="0"/>
						<line number="3122" hits="0"/>
						<line number="3123" hits="1"/>
						<line number="3125" hits="1"/>
						<line number="3126" hits="1" branch="true" condition-coverage="100% (2/2)"/>
						<line number="3127" hits="1"/>
						<line number="3128" hits="1"/>
						<line number="3129" hits="1"/>
						<line number="3130" hits="1" branch="true" condition-coverage="100% (2/2)"/>
						<line number="3142" hits="1"/>
						<line number="3143" hits="1"/>
						<line number="3148" hits="1"/>
						<line number="3149" hits="1"/>
						<line number="3150" hits="1"/>
						<line number="3151" hits="1"/>
						<line number="3152" hits="1" branch="true" condition-coverage="100% (2/2)"/>
						<line number="3153" hits="1"/>
						<line number="3154" hits="1" branch="true" condition-coverage="100% (2/2)"/>
						<line number="3155" hits="1"/>
						<line number="3156" hits="1"/>
						<line number="3157" hits="1" branch="true" condition-coverage="100% (2/2)"/>
						<line number="3158" hits="1"/>
						<line number="3160" hits="1"/>
						<line number="3162" hits="1"/>
						<line number="3163" hits="1"/>
						<line number="3164" hits="1"/>
						<line number="3165" hits="1"/>
						<line number="3166" hits="1"/>
						<line number="3167" hits="1"/>
						<line number="3168" hits="1"/>
						<line number="3169" hits="1"/>
						<line number="3170" hits="1"/>
						<line number="3171" hits="1"/>
						<line number="3172" hits="1"/>
						<line number="3173" hits="1"/>
						<line number="3174" hits="1"/>
						<line number="3175" hits="1"/>
						<line number="3176" hits="1"/>
						<line number="3177" hits="1"/>
						<line number="3178" hits="1"/>
						<line number="3179" hits="1" branch="true" condition-coverage="100% (2/2)"/>
						<line number="3181" hits="1"/>
						<line number="3182" hits="1"/>
						<line number="3183" hits="1"/>
						<line number="3184" hits="1"/>
						<line number="3185" hits="1"/>
						<line number="3186" hits="1"/>
						<line number="3187" hits="1"/>
						<line number="3188" hits="1"/>
						<line number="3189" hits="1"/>
						<line number="3190" hits="1"/>
						<line number="3191" hits="1"/>
						<line number="3192" hits="1"/>
						<line number="3193" hits="1"/>
						<line number="3194" hits="1"/>
						<line number="3195" hits="1"/>
						<line number="3196" hits="1" branch="true" condition-coverage="100% (2/2)"/>
						<line number="3197" hits="1"/>
						<line number="3202" hits="1" branch="true" condition-coverage="100% (2/2)"/>
						<line number="3203" hits="1"/>
						<line number="3205" hits="1"/>
						<line number="3207" hits="1" branch="true" condition-coverage="100% (2/2)"/>
						<line number="3208" hits="1"/>
						<line number="3209" hits="1"/>
						<line number="3210" hits="1" branch="true" condition-coverage="100% (2/2)"/>
						<line number="3211" hits="1" branch="true" condition-coverage="100% (2/2)"/>
						<line number="3212" hits="1"/>
						<line number="3213" hits="1" branch="true" condition-coverage="100% (2/2)"/>
						<line number="3214" hits="1" branch="true" condition-coverage="50% (1/2)" missing-branches="3216"/>
						<line number="3216" hits="0"/>
						<line number="3217" hits="1"/>
						<line number="3218" hits="1"/>
						<line number="3219" hits="1" branch="true" condition-coverage="100% (2/2)"/>
						<line number="3220" hits="1"/>
						<line number="3221" hits="1"/>
						<line number="3222" hits="1" branch="true" condition-coverage="100% (2/2)"/>
						<line number="3227" hits="1"/>
						<line number="3228" hits="1"/>
						<line number="3229" hits="1"/>
						<line number="3240" hits="1"/>
						<line number="3252" hits="1"/>
						<line number="3253" hits="1" branch="true" condition-coverage="100% (2/2)"/>
						<line number="3254" hits="1" branch="true" condition-coverage="50% (1/2)" missing-branches="3257"/>
						<line number="3255" hits="1"/>
						<line number="3257" hits="0"/>
						<line number="3258" hits="1" branch="true" condition-coverage="50% (1/2)" missing-branches="3259"/>
						<line number="3259" hits="0"/>
						<line number="3261" hits="0"/>
						<line number="3262" hits="1" branch="true" condition-coverage="100% (2/2)"/>
						<line number="3263" hits="1"/>
						<line number="3265" hits="1"/>
						<line number="3267" hits="1"/>
						<line number="3268" hits="1"/>
						<line number="3274" hits="1" branch="true" condition-coverage="100% (2/2)"/>
						<line number="3279" hits="1"/>
						<line number="3280" hits="1"/>
						<line number="3281" hits="1"/>
						<line number="3283" hits="1"/>
						<line number="3284" hits="1"/>
						<line number="3285" hits="1"/>
						<line number="3291" hits="1"/>
						<line number="3294" hits="1" branch="true" condition-coverage="100% (2/2)"/>
						<line number="3295" hits="1"/>
						<line number="3296" hits="1"/>
						<line number="3298" hits="1"/>
						<line number="3299" hits="1"/>
						<line number="3300" hits="1"/>
						<line number="3305" hits="1"/>
						<line number="3306" hits="1"/>
						<line number="3307" hits="1"/>
						<line number="3308" hits="1"/>
						<line number="3309" hits="1" branch="true" condition-coverage="50% (1/2)" missing-branches="3328"/>
						<line number="3310" hits="1"/>
						<line number="3313" hits="1"/>
						<line number="3319" hits="1"/>
						<line number="3324" hits="1"/>
						<line number="3325" hits="1"/>
						<line number="3326" hits="1"/>
						<line number="3328" hits="0"/>
						<line number="3329" hits="0"/>
						<line number="3330" hits="0"/>
						<line number="3334" hits="1" branch="true" condition-coverage="100% (2/2)"/>
						<line number="3336" hits="1" branch="true" condition-coverage="100% (2/2)"/>
						<line number="3337" hits="1"/>
						<line number="3338" hits="1" branch="true" condition-coverage="100% (2/2)"/>
						<line number="3349" hits="1"/>
						<line number="3350" hits="1"/>
						<line number="3359" hits="1"/>
						<line number="3360" hits="1"/>
						<line number="3361" hits="1" branch="true" condition-coverage="50% (1/2)" missing-branches="3394"/>
						<line number="3362" hits="1"/>
						<line number="3363" hits="1" branch="true" condition-coverage="100% (2/2)"/>
						<line number="3364" hits="1"/>
						<line number="3365" hits="1"/>
						<line number="3366" hits="1" branch="true" condition-coverage="100% (2/2)"/>
						<line number="3368" hits="1" branch="true" condition-coverage="100% (2/2)"/>
						<line number="3375" hits="1" branch="true" condition-coverage="50% (1/2)" missing-branches="3376"/>
						<line number="3376" hits="0"/>
						<line number="3377" hits="1" branch="true" condition-coverage="100% (2/2)"/>
						<line number="3378" hits="1"/>
						<line number="3385" hits="1"/>
						<line number="3393" hits="1"/>
						<line number="3394" hits="1"/>
						<line number="3396" hits="1"/>
						<line number="3397" hits="1" branch="true" condition-coverage="100% (2/2)"/>
						<line number="3398" hits="1"/>
						<line number="3399" hits="1"/>
						<line number="3400" hits="1" branch="true" condition-coverage="100% (2/2)"/>
						<line number="3401" hits="1"/>
						<line number="3402" hits="1"/>
						<line number="3403" hits="1"/>
						<line number="3404" hits="1"/>
						<line number="3405" hits="0"/>
						<line number="3406" hits="0"/>
						<line number="3407" hits="1" branch="true" condition-coverage="100% (2/2)"/>
						<line number="3408" hits="1"/>
						<line number="3409" hits="1"/>
						<line number="3410" hits="1"/>
						<line number="3411" hits="1"/>
						<line number="3412" hits="1"/>
						<line number="3413" hits="1"/>
						<line number="3414" hits="1"/>
						<line number="3415" hits="1"/>
						<line number="3417" hits="1"/>
						<line number="3419" hits="1"/>
						<line number="3420" hits="1" branch="true" condition-coverage="100% (2/2)"/>
						<line number="3425" hits="1" branch="true" condition-coverage="50% (1/2)" missing-branches="3426"/>
						<line number="3426" hits="0"/>
						<line number="3427" hits="1"/>
						<line number="3429" hits="1"/>
						<line number="3430" hits="1" branch="true" condition-coverage="100% (2/2)"/>
						<line number="3431" hits="1"/>
						<line number="3432" hits="1" branch="true" condition-coverage="100% (2/2)"/>
						<line number="3433" hits="1"/>
						<line number="3434" hits="1"/>
						<line number="3435" hits="1"/>
						<line number="3436" hits="1"/>
						<line number="3437" hits="1"/>
						<line number="3438" hits="1" branch="true" condition-coverage="100% (2/2)"/>
						<line number="3439" hits="1" branch="true" condition-coverage="100% (2/2)"/>
						<line number="3442" hits="1"/>
						<line number="3443" hits="1" branch="true" condition-coverage="100% (2/2)"/>
						<line number="3449" hits="1"/>
						<line number="3450" hits="1"/>
						<line number="3451" hits="1"/>
						<line number="3452" hits="1" branch="true" condition-coverage="100% (2/2)"/>
						<line number="3453" hits="1"/>
						<line number="3461" hits="1"/>
						<line number="3462" hits="1" branch="true" condition-coverage="100% (2/2)"/>
						<line number="3463" hits="1"/>
						<line number="3464" hits="1"/>
						<line number="3465" hits="1"/>
						<line number="3466" hits="1" branch="true" condition-coverage="50% (1/2)" missing-branches="3468"/>
						<line number="3467" hits="1"/>
						<line number="3468" hits="1"/>
						<line number="3469" hits="1"/>
						<line number="3471" hits="1"/>
						<line number="3472" hits="1"/>
						<line number="3473" hits="1"/>
						<line number="3474" hits="1" branch="true" condition-coverage="100% (2/2)"/>
						<line number="3475" hits="1"/>
						<line number="3476" hits="1"/>
						<line number="3477" hits="1" branch="true" condition-coverage="100% (2/2)"/>
						<line number="3478" hits="1"/>
						<line number="3479" hits="1" branch="true" condition-coverage="100% (2/2)"/>
						<line number="3480" hits="1"/>
						<line number="3481" hits="1"/>
						<line number="3482" hits="1"/>
						<line number="3483" hits="1"/>
						<line number="3484" hits="1" branch="true" condition-coverage="50% (1/2)" missing-branches="exit"/>
						<line number="3485" hits="1" branch="true" condition-coverage="100% (2/2)"/>
						<line number="3486" hits="1"/>
						<line number="3487" hits="1" branch="true" condition-coverage="100% (2/2)"/>
						<line number="3488" hits="1"/>
						<line number="3490" hits="1"/>
						<line number="3491" hits="1"/>
						<line number="3492" hits="0"/>
					</lines>
				</class>
				<class name="data.py" filename="automl/data.py" complexity="0" line-rate="0.8049" branch-rate="0.6941">
					<methods/>
					<lines>
						<line number="5" hits="1"/>
						<line number="6" hits="1"/>
						<line number="7" hits="1"/>
						<line number="8" hits="1"/>
						<line number="9" hits="1"/>
						<line number="10" hits="1"/>
						<line number="11" hits="1"/>
						<line number="12" hits="1"/>
						<line number="14" hits="1"/>
						<line number="16" hits="1"/>
						<line number="17" hits="1"/>
						<line number="19" hits="1"/>
						<line number="20" hits="1"/>
						<line number="21" hits="0"/>
						<line number="22" hits="0"/>
						<line number="28" hits="1"/>
						<line number="29" hits="1"/>
						<line number="32" hits="1"/>
						<line number="52" hits="1"/>
						<line number="54" hits="1"/>
						<line number="55" hits="1"/>
						<line number="56" hits="0"/>
						<line number="57" hits="0"/>
						<line number="58" hits="1"/>
						<line number="60" hits="1"/>
						<line number="61" hits="1"/>
						<line number="62" hits="1" branch="true" condition-coverage="100% (2/2)"/>
						<line number="63" hits="1"/>
						<line number="64" hits="1"/>
						<line number="65" hits="1"/>
						<line number="67" hits="1"/>
						<line number="68" hits="1"/>
						<line number="69" hits="1" branch="true" condition-coverage="50% (1/2)" missing-branches="70"/>
						<line number="70" hits="0"/>
						<line number="71" hits="1"/>
						<line number="72" hits="1"/>
						<line number="73" hits="1"/>
						<line number="74" hits="1"/>
						<line number="75" hits="1"/>
						<line number="76" hits="0"/>
						<line number="77" hits="0"/>
						<line number="79" hits="0"/>
						<line number="80" hits="1"/>
						<line number="81" hits="1"/>
						<line number="89" hits="1"/>
						<line number="92" hits="1"/>
						<line number="108" hits="1"/>
						<line number="110" hits="1"/>
						<line number="112" hits="1"/>
						<line number="113" hits="1"/>
						<line number="114" hits="1"/>
						<line number="115" hits="1" branch="true" condition-coverage="50% (1/2)" missing-branches="116"/>
						<line number="116" hits="0"/>
						<line number="117" hits="0"/>
						<line number="118" hits="0"/>
						<line number="120" hits="1"/>
						<line number="121" hits="1"/>
						<line number="122" hits="1"/>
						<line number="123" hits="1"/>
						<line number="124" hits="1"/>
						<line number="125" hits="1"/>
						<line number="130" hits="1"/>
						<line number="131" hits="1"/>
						<line number="132" hits="1"/>
						<line number="133" hits="1"/>
						<line number="134" hits="1"/>
						<line number="142" hits="1"/>
						<line number="145" hits="1"/>
						<line number="160" hits="1"/>
						<line number="161" hits="1"/>
						<line number="162" hits="1"/>
						<line number="164" hits="1"/>
						<line number="165" hits="1"/>
						<line number="166" hits="1"/>
						<line number="167" hits="1"/>
						<line number="168" hits="1"/>
						<line number="169" hits="1"/>
						<line number="170" hits="1"/>
						<line number="171" hits="1" branch="true" condition-coverage="100% (2/2)"/>
						<line number="172" hits="1"/>
						<line number="173" hits="1"/>
						<line number="174" hits="1"/>
						<line number="175" hits="1"/>
						<line number="176" hits="1"/>
						<line number="177" hits="1"/>
						<line number="179" hits="1" branch="true" condition-coverage="100% (2/2)"/>
						<line number="180" hits="1" branch="true" condition-coverage="100% (2/2)"/>
						<line number="181" hits="1"/>
						<line number="182" hits="1"/>
						<line number="183" hits="1"/>
						<line number="184" hits="1"/>
						<line number="185" hits="1"/>
						<line number="186" hits="1"/>
						<line number="187" hits="1"/>
						<line number="188" hits="1"/>
						<line number="189" hits="1"/>
						<line number="199" hits="1"/>
						<line number="208" hits="1"/>
						<line number="210" hits="1" branch="true" condition-coverage="50% (1/2)" missing-branches="211"/>
						<line number="211" hits="0" branch="true" condition-coverage="0% (0/2)" missing-branches="212,213"/>
						<line number="212" hits="0"/>
						<line number="213" hits="0" branch="true" condition-coverage="0% (0/2)" missing-branches="214,216"/>
						<line number="214" hits="0"/>
						<line number="216" hits="0"/>
						<line number="217" hits="0"/>
						<line number="219" hits="1" branch="true" condition-coverage="100% (2/2)"/>
						<line number="220" hits="1"/>
						<line number="221" hits="1"/>
						<line number="222" hits="1" branch="true" condition-coverage="50% (1/2)" missing-branches="226"/>
						<line number="223" hits="1"/>
						<line number="224" hits="1" branch="true" condition-coverage="100% (2/2)"/>
						<line number="225" hits="1"/>
						<line number="226" hits="1"/>
						<line number="227" hits="1" branch="true" condition-coverage="50% (1/2)" missing-branches="228"/>
						<line number="228" hits="0"/>
						<line number="229" hits="0" branch="true" condition-coverage="0% (0/2)" missing-branches="230,233"/>
						<line number="230" hits="0"/>
						<line number="231" hits="0" branch="true" condition-coverage="0% (0/2)" missing-branches="232,233"/>
						<line number="232" hits="0"/>
						<line number="233" hits="0"/>
						<line number="234" hits="1" branch="true" condition-coverage="50% (1/2)" missing-branches="235"/>
						<line number="235" hits="0"/>
						<line number="237" hits="1"/>
						<line number="240" hits="1"/>
						<line number="241" hits="0"/>
						<line number="243" hits="0"/>
						<line number="244" hits="0" branch="true" condition-coverage="0% (0/2)" missing-branches="245,246"/>
						<line number="245" hits="0"/>
						<line number="246" hits="0" branch="true" condition-coverage="0% (0/2)" missing-branches="247,253"/>
						<line number="247" hits="0"/>
						<line number="253" hits="0"/>
						<line number="254" hits="0"/>
						<line number="255" hits="0"/>
						<line number="256" hits="0"/>
						<line number="257" hits="0"/>
						<line number="260" hits="1"/>
						<line number="263" hits="1"/>
						<line number="275" hits="1" branch="true" condition-coverage="100% (2/2)"/>
						<line number="276" hits="1"/>
						<line number="278" hits="1"/>
						<line number="280" hits="1" branch="true" condition-coverage="100% (2/2)"/>
						<line number="283" hits="1"/>
						<line number="284" hits="1" branch="true" condition-coverage="100% (2/2)"/>
						<line number="285" hits="1" branch="true" condition-coverage="50% (1/2)" missing-branches="284"/>
						<line number="286" hits="1"/>
						<line number="287" hits="1" branch="true" condition-coverage="50% (1/2)" missing-branches="289"/>
						<line number="288" hits="1"/>
						<line number="289" hits="1"/>
						<line number="290" hits="1" branch="true" condition-coverage="100% (2/2)"/>
						<line number="291" hits="1"/>
						<line number="292" hits="1"/>
						<line number="293" hits="1"/>
						<line number="294" hits="1"/>
						<line number="295" hits="1" branch="true" condition-coverage="50% (1/2)" missing-branches="296"/>
						<line number="296" hits="0"/>
						<line number="297" hits="0" branch="true" condition-coverage="0% (0/2)" missing-branches="298,300"/>
						<line number="298" hits="0" branch="true" condition-coverage="0% (0/2)" missing-branches="299,300"/>
						<line number="299" hits="0"/>
						<line number="300" hits="0"/>
						<line number="301" hits="0" branch="true" condition-coverage="0% (0/2)" missing-branches="302,303"/>
						<line number="302" hits="0"/>
						<line number="303" hits="1" branch="true" condition-coverage="100% (2/2)"/>
						<line number="305" hits="1" branch="true" condition-coverage="100% (2/2)"/>
						<line number="306" hits="1" branch="true" condition-coverage="50% (1/2)" missing-branches="307"/>
						<line number="307" hits="0"/>
						<line number="308" hits="0"/>
						<line number="309" hits="1" branch="true" condition-coverage="100% (2/2)"/>
						<line number="310" hits="1"/>
						<line number="311" hits="1" branch="true" condition-coverage="50% (1/2)" missing-branches="313"/>
						<line number="312" hits="1"/>
						<line number="313" hits="1"/>
						<line number="315" hits="1"/>
						<line number="316" hits="1"/>
						<line number="317" hits="1" branch="true" condition-coverage="100% (2/2)"/>
						<line number="318" hits="1"/>
						<line number="319" hits="1"/>
						<line number="321" hits="1" branch="true" condition-coverage="100% (2/2)"/>
						<line number="322" hits="1"/>
						<line number="323" hits="1"/>
						<line number="334" hits="1" branch="true" condition-coverage="100% (2/2)"/>
						<line number="335" hits="1" branch="true" condition-coverage="100% (2/2)"/>
						<line number="336" hits="1"/>
						<line number="337" hits="1"/>
						<line number="338" hits="1"/>
						<line number="339" hits="1"/>
						<line number="340" hits="1"/>
						<line number="341" hits="1"/>
						<line number="342" hits="1"/>
						<line number="343" hits="1"/>
						<line number="344" hits="1" branch="true" condition-coverage="50% (1/2)" missing-branches="345"/>
						<line number="345" hits="0"/>
						<line number="346" hits="1" branch="true" condition-coverage="100% (2/2)"/>
						<line number="347" hits="1"/>
						<line number="348" hits="1" branch="true" condition-coverage="50% (1/2)" missing-branches="370"/>
						<line number="349" hits="1"/>
						<line number="350" hits="1" branch="true" condition-coverage="100% (2/2)"/>
						<line number="353" hits="1"/>
						<line number="354" hits="1"/>
						<line number="356" hits="1"/>
						<line number="357" hits="1"/>
						<line number="358" hits="1"/>
						<line number="360" hits="1"/>
						<line number="369" hits="1"/>
						<line number="370" hits="1"/>
						<line number="375" hits="1"/>
						<line number="376" hits="1" branch="true" condition-coverage="100% (2/2)"/>
						<line number="377" hits="1" branch="true" condition-coverage="50% (1/2)" missing-branches="382"/>
						<line number="378" hits="1"/>
						<line number="380" hits="1"/>
						<line number="382" hits="0"/>
						<line number="384" hits="0"/>
						<line number="385" hits="1"/>
						<line number="387" hits="1"/>
						<line number="388" hits="1"/>
						<line number="389" hits="1"/>
						<line number="391" hits="1"/>
						<line number="400" hits="1"/>
						<line number="402" hits="1" branch="true" condition-coverage="100% (2/2)"/>
						<line number="405" hits="1" branch="true" condition-coverage="50% (1/2)" missing-branches="451"/>
						<line number="406" hits="1"/>
						<line number="407" hits="1" branch="true" condition-coverage="100% (2/2)"/>
						<line number="408" hits="1"/>
						<line number="413" hits="1" branch="true" condition-coverage="50% (1/2)" missing-branches="414"/>
						<line number="414" hits="0"/>
						<line number="415" hits="0"/>
						<line number="416" hits="1" branch="true" condition-coverage="100% (2/2)"/>
						<line number="417" hits="1"/>
						<line number="418" hits="1"/>
						<line number="429" hits="1" branch="true" condition-coverage="100% (2/2)"/>
						<line number="430" hits="1" branch="true" condition-coverage="100% (2/2)"/>
						<line number="431" hits="1"/>
						<line number="432" hits="1"/>
						<line number="433" hits="1"/>
						<line number="434" hits="1"/>
						<line number="435" hits="1" branch="true" condition-coverage="50% (1/2)" missing-branches="436"/>
[...]
						<line number="790" hits="1" branch="true" condition-coverage="100% (2/2)"/>
						<line number="791" hits="1"/>
						<line number="794" hits="1"/>
						<line number="795" hits="1"/>
						<line number="796" hits="1"/>
						<line number="797" hits="1"/>
						<line number="798" hits="1"/>
						<line number="800" hits="1"/>
						<line number="801" hits="1" branch="true" condition-coverage="100% (2/2)"/>
						<line number="802" hits="1"/>
						<line number="805" hits="1"/>
						<line number="807" hits="1"/>
						<line number="809" hits="1" branch="true" condition-coverage="100% (2/2)"/>
						<line number="810" hits="1" branch="true" condition-coverage="100% (2/2)"/>
						<line number="811" hits="1"/>
						<line number="813" hits="1"/>
						<line number="815" hits="1"/>
						<line number="816" hits="1"/>
						<line number="817" hits="1" branch="true" condition-coverage="100% (2/2)"/>
						<line number="818" hits="1" branch="true" condition-coverage="100% (2/2)"/>
						<line number="819" hits="1"/>
						<line number="821" hits="1"/>
						<line number="822" hits="1"/>
						<line number="823" hits="1"/>
						<line number="824" hits="1"/>
						<line number="825" hits="1"/>
						<line number="827" hits="1"/>
						<line number="829" hits="1"/>
						<line number="837" hits="1" branch="true" condition-coverage="100% (2/2)"/>
						<line number="838" hits="1"/>
						<line number="839" hits="1" branch="true" condition-coverage="100% (2/2)"/>
						<line number="840" hits="1"/>
						<line number="843" hits="1" branch="true" condition-coverage="50% (1/2)" missing-branches="844"/>
						<line number="844" hits="0"/>
						<line number="851" hits="1"/>
						<line number="852" hits="1" branch="true" condition-coverage="100% (2/2)"/>
						<line number="853" hits="1"/>
						<line number="854" hits="1" branch="true" condition-coverage="100% (2/2)"/>
						<line number="855" hits="1"/>
						<line number="857" hits="1" branch="true" condition-coverage="100% (2/2)"/>
						<line number="858" hits="1"/>
						<line number="860" hits="1"/>
						<line number="862" hits="1"/>
						<line number="870" hits="1"/>
						<line number="872" hits="1"/>
						<line number="873" hits="1"/>
						<line number="880" hits="1"/>
						<line number="881" hits="1"/>
						<line number="883" hits="1"/>
						<line number="884" hits="1"/>
						<line number="885" hits="1"/>
						<line number="886" hits="1" branch="true" condition-coverage="50% (1/2)" missing-branches="896"/>
						<line number="887" hits="1"/>
						<line number="896" hits="0"/>
						<line number="903" hits="1"/>
						<line number="904" hits="1"/>
						<line number="905" hits="1"/>
						<line number="907" hits="1" branch="true" condition-coverage="100% (2/2)"/>
						<line number="908" hits="1"/>
						<line number="910" hits="1" branch="true" condition-coverage="100% (2/2)"/>
						<line number="911" hits="1"/>
						<line number="914" hits="1"/>
						<line number="915" hits="1"/>
						<line number="917" hits="1"/>
						<line number="918" hits="1"/>
						<line number="922" hits="1"/>
						<line number="924" hits="1" branch="true" condition-coverage="100% (2/2)"/>
						<line number="925" hits="1"/>
						<line number="926" hits="1"/>
						<line number="927" hits="1" branch="true" condition-coverage="50% (1/2)" missing-branches="928"/>
						<line number="928" hits="0"/>
						<line number="934" hits="1" branch="true" condition-coverage="100% (2/2)"/>
						<line number="935" hits="1" branch="true" condition-coverage="100% (2/2)"/>
						<line number="936" hits="1" branch="true" condition-coverage="50% (1/2)" missing-branches="937"/>
						<line number="937" hits="0"/>
						<line number="941" hits="1"/>
						<line number="943" hits="1" branch="true" condition-coverage="50% (1/2)" missing-branches="965"/>
						<line number="944" hits="1" branch="true" condition-coverage="100% (2/2)"/>
						<line number="945" hits="1"/>
						<line number="946" hits="1"/>
						<line number="948" hits="1" branch="true" condition-coverage="50% (1/2)" missing-branches="961"/>
						<line number="949" hits="1" branch="true" condition-coverage="50% (1/2)" missing-branches="953"/>
						<line number="952" hits="1"/>
						<line number="953" hits="0" branch="true" condition-coverage="0% (0/2)" missing-branches="956,965"/>
						<line number="956" hits="0"/>
						<line number="961" hits="0" branch="true" condition-coverage="0% (0/2)" missing-branches="962,965"/>
						<line number="962" hits="0" branch="true" condition-coverage="0% (0/2)" missing-branches="963,965"/>
						<line number="963" hits="0"/>
						<line number="965" hits="0"/>
						<line number="971" hits="1"/>
						<line number="973" hits="1"/>
					</lines>
				</class>
				<class name="variant_generator.py" filename="tune/searcher/variant_generator.py" complexity="0" line-rate="0.8598" branch-rate="0.7619">
					<methods/>
					<lines>
						<line number="18" hits="1"/>
						<line number="19" hits="1"/>
						<line number="20" hits="1"/>
						<line number="21" hits="1"/>
						<line number="23" hits="1"/>
						<line number="25" hits="1"/>
						<line number="27" hits="1"/>
						<line number="28" hits="1"/>
						<line number="30" hits="0" branch="true" condition-coverage="0% (0/2)" missing-branches="31,33"/>
						<line number="31" hits="0"/>
						<line number="33" hits="0"/>
						<line number="34" hits="1"/>
						<line number="35" hits="1"/>
						<line number="37" hits="1"/>
						<line number="40" hits="1"/>
						<line number="43" hits="1"/>
						<line number="46" hits="1"/>
						<line number="72" hits="1" branch="true" condition-coverage="100% (2/2)"/>
						<line number="77" hits="1"/>
						<line number="78" hits="1"/>
						<line number="81" hits="1"/>
						<line number="87" hits="1"/>
						<line number="90" hits="1"/>
						<line number="95" hits="1"/>
						<line number="98" hits="1"/>
						<line number="101" hits="1"/>
						<line number="102" hits="1"/>
						<line number="104" hits="1" branch="true" condition-coverage="100% (2/2)"/>
						<line number="105" hits="1"/>
						<line number="107" hits="1"/>
						<line number="108" hits="1"/>
						<line number="109" hits="1" branch="true" condition-coverage="100% (2/2)"/>
						<line number="110" hits="1" branch="true" condition-coverage="100% (2/2)"/>
						<line number="111" hits="1"/>
						<line number="113" hits="1"/>
						<line number="114" hits="1"/>
						<line number="116" hits="1"/>
						<line number="119" hits="1"/>
						<line number="122" hits="1"/>
						<line number="123" hits="1"/>
						<line number="125" hits="1" branch="true" condition-coverage="100% (2/2)"/>
						<line number="126" hits="1"/>
						<line number="127" hits="1"/>
						<line number="130" hits="1"/>
						<line number="132" hits="1"/>
						<line number="133" hits="1" branch="true" condition-coverage="100% (2/2)"/>
						<line number="137" hits="1"/>
						<line number="140" hits="1" branch="true" condition-coverage="50% (1/2)" missing-branches="143"/>
						<line number="143" hits="0"/>
						<line number="144" hits="1"/>
						<line number="145" hits="1" branch="true" condition-coverage="100% (2/2)"/>
						<line number="146" hits="1" branch="true" condition-coverage="100% (2/2)"/>
						<line number="148" hits="1"/>
						<line number="150" hits="1" branch="true" condition-coverage="100% (2/2)"/>
						<line number="155" hits="1" branch="true" condition-coverage="100% (2/2)"/>
						<line number="156" hits="1"/>
						<line number="157" hits="1" branch="true" condition-coverage="100% (2/2)"/>
						<line number="158" hits="1" branch="true" condition-coverage="100% (2/2)"/>
						<line number="159" hits="1"/>
						<line number="164" hits="1"/>
						<line number="165" hits="1"/>
						<line number="168" hits="1"/>
						<line number="169" hits="1" branch="true" condition-coverage="100% (2/2)"/>
						<line number="170" hits="1"/>
						<line number="171" hits="1"/>
						<line number="174" hits="1"/>
						<line number="175" hits="1" branch="true" condition-coverage="100% (2/2)"/>
						<line number="176" hits="1"/>
						<line number="177" hits="1"/>
						<line number="180" hits="1"/>
						<line number="186" hits="1"/>
						<line number="187" hits="1"/>
						<line number="188" hits="1"/>
						<line number="189" hits="1" branch="true" condition-coverage="100% (2/2)"/>
						<line number="190" hits="1"/>
						<line number="191" hits="1"/>
						<line number="192" hits="1" branch="true" condition-coverage="100% (2/2)"/>
						<line number="193" hits="1" branch="true" condition-coverage="50% (1/2)" missing-branches="194"/>
						<line number="194" hits="0"/>
						<line number="195" hits="1"/>
						<line number="196" hits="1"/>
						<line number="197" hits="0"/>
						<line number="198" hits="0"/>
						<line number="204" hits="1"/>
						<line number="205" hits="1"/>
						<line number="206" hits="1" branch="true" condition-coverage="50% (1/2)" missing-branches="207"/>
						<line number="207" hits="0" branch="true" condition-coverage="0% (0/2)" missing-branches="208,210"/>
						<line number="208" hits="0"/>
						<line number="210" hits="0"/>
						<line number="211" hits="1"/>
						<line number="214" hits="1"/>
						<line number="215" hits="1"/>
						<line number="217" hits="1"/>
						<line number="218" hits="1"/>
						<line number="219" hits="1" branch="true" condition-coverage="100% (2/2)"/>
						<line number="220" hits="1"/>
						<line number="221" hits="1" branch="true" condition-coverage="100% (2/2)"/>
						<line number="222" hits="1"/>
						<line number="224" hits="1"/>
						<line number="225" hits="1"/>
						<line number="227" hits="1" branch="true" condition-coverage="100% (2/2)"/>
						<line number="228" hits="1"/>
						<line number="229" hits="1"/>
						<line number="231" hits="1" branch="true" condition-coverage="50% (1/2)" missing-branches="exit"/>
						<line number="232" hits="1"/>
						<line number="233" hits="1" branch="true" condition-coverage="100% (2/2)"/>
						<line number="234" hits="1"/>
						<line number="235" hits="1"/>
						<line number="236" hits="1" branch="true" condition-coverage="50% (1/2)" missing-branches="231"/>
						<line number="237" hits="1"/>
						<line number="238" hits="1" branch="true" condition-coverage="100% (2/2)"/>
						<line number="239" hits="1"/>
						<line number="242" hits="1"/>
						<line number="243" hits="1"/>
						<line number="244" hits="1"/>
						<line number="247" hits="1"/>
						<line number="248" hits="1" branch="true" condition-coverage="100% (2/2)"/>
						<line number="250" hits="1"/>
						<line number="251" hits="1" branch="true" condition-coverage="100% (2/2)"/>
						<line number="253" hits="1"/>
						<line number="254" hits="1" branch="true" condition-coverage="100% (2/2)"/>
						<line number="255" hits="1"/>
						<line number="256" hits="1"/>
						<line number="257" hits="1"/>
						<line number="260" hits="1"/>
						<line number="263" hits="1"/>
						<line number="264" hits="1"/>
						<line number="265" hits="1" branch="true" condition-coverage="100% (2/2)"/>
						<line number="266" hits="1"/>
						<line number="267" hits="1" branch="true" condition-coverage="100% (2/2)"/>
						<line number="268" hits="1"/>
						<line number="269" hits="1" branch="true" condition-coverage="100% (2/2)"/>
						<line number="271" hits="1"/>
						<line number="275" hits="1" branch="true" condition-coverage="100% (2/2)"/>
						<line number="276" hits="1"/>
						<line number="277" hits="1" branch="true" condition-coverage="100% (2/2)"/>
						<line number="278" hits="1"/>
						<line number="279" hits="1" branch="true" condition-coverage="50% (1/2)" missing-branches="281"/>
						<line number="281" hits="0" branch="true" condition-coverage="0% (0/2)" missing-branches="265,282"/>
						<line number="282" hits="0"/>
						<line number="286" hits="0" branch="true" condition-coverage="0% (0/2)" missing-branches="287,288"/>
						<line number="287" hits="0"/>
						<line number="288" hits="0" branch="true" condition-coverage="0% (0/2)" missing-branches="281,289"/>
						<line number="289" hits="0"/>
						<line number="291" hits="1"/>
						<line number="292" hits="1"/>
						<line number="295" hits="1"/>
						<line number="296" hits="1"/>
						<line number="299" hits="1"/>
						<line number="300" hits="1"/>
						<line number="303" hits="1"/>
						<line number="304" hits="1"/>
						<line number="305" hits="1"/>
						<line number="306" hits="1"/>
						<line number="308" hits="1"/>
						<line number="309" hits="0"/>
						<line number="310" hits="0" branch="true" condition-coverage="0% (0/2)" missing-branches="311,312"/>
						<line number="311" hits="0"/>
						<line number="312" hits="0" branch="true" condition-coverage="0% (0/2)" missing-branches="313,315"/>
						<line number="313" hits="0"/>
						<line number="315" hits="0"/>
						<line number="318" hits="1"/>
						<line number="319" hits="1"/>
						<line number="320" hits="0"/>
					</lines>
				</class>
			</classes>
		</package>
		<package name="tune.spark" line-rate="0.8169" branch-rate="0.7857" complexity="0">
			<classes>
				<class name="__init__.py" filename="tune/spark/__init__.py" complexity="0" line-rate="1" branch-rate="1">
					<methods/>
					<lines>
						<line number="1" hits="1"/>
						<line number="8" hits="1"/>
					</lines>
				</class>
				<class name="mylearner.py" filename="tune/spark/mylearner.py" complexity="0" line-rate="0.8333" branch-rate="1">
					<methods/>
					<lines>
						<line number="2" hits="1"/>
						<line number="3" hits="1"/>
						<line number="5" hits="1"/>
						<line number="6" hits="1"/>
						<line number="7" hits="0"/>
						<line number="8" hits="1"/>
					</lines>
				</class>
				<class name="utils.py" filename="tune/spark/utils.py" complexity="0" line-rate="0.8134" branch-rate="0.7857">
					<methods/>
					<lines>
						<line number="1" hits="1"/>
						<line number="2" hits="1"/>
						<line number="3" hits="1"/>
						<line number="4" hits="1"/>
						<line number="5" hits="1"/>
						<line number="6" hits="1"/>
						<line number="8" hits="1"/>
						<line number="9" hits="1"/>
						<line number="12" hits="1"/>
						<line number="13" hits="1"/>
						<line number="14" hits="1"/>
						<line number="15" hits="1"/>
						<line number="16" hits="1"/>
						<line number="17" hits="1"/>
						<line number="18" hits="1"/>
						<line number="19" hits="0"/>
						<line number="20" hits="0"/>
						<line number="21" hits="0"/>
						<line number="22" hits="0"/>
						<line number="24" hits="1"/>
						<line number="25" hits="1"/>
						<line number="28" hits="1"/>
						<line number="29" hits="1"/>
						<line number="38" hits="1"/>
						<line number="39" hits="1" branch="true" condition-coverage="100% (2/2)"/>
						<line number="40" hits="1"/>
						<line number="43" hits="1"/>
						<line number="45" hits="1" branch="true" condition-coverage="100% (2/2)"/>
						<line number="46" hits="1"/>
						<line number="47" hits="1"/>
						<line number="49" hits="1"/>
						<line number="50" hits="1"/>
						<line number="51" hits="0"/>
						<line number="52" hits="0"/>
						<line number="54" hits="1"/>
						<line number="57" hits="1"/>
						<line number="67" hits="1"/>
						<line number="68" hits="1"/>
						<line number="69" hits="1"/>
						<line number="70" hits="1"/>
						<line number="71" hits="1"/>
						<line number="72" hits="1"/>
						<line number="75" hits="1"/>
						<line number="107" hits="1" branch="true" condition-coverage="50% (1/2)" missing-branches="108"/>
						<line number="108" hits="0"/>
						<line number="112" hits="1"/>
						<line number="113" hits="1" branch="true" condition-coverage="50% (1/2)" missing-branches="114"/>
						<line number="114" hits="0"/>
						<line number="115" hits="1"/>
						<line number="117" hits="1"/>
						<line number="118" hits="1" branch="true" condition-coverage="100% (2/2)"/>
						<line number="119" hits="1"/>
						<line number="121" hits="1"/>
						<line number="124" hits="1"/>
						<line number="166" hits="1"/>
						<line number="169" hits="1"/>
						<line number="170" hits="1"/>
						<line number="171" hits="1"/>
						<line number="173" hits="1"/>
						<line number="174" hits="1"/>
						<line number="177" hits="1" branch="true" condition-coverage="50% (1/2)" missing-branches="194"/>
						<line number="178" hits="1"/>
						<line number="179" hits="1"/>
						<line number="182" hits="1"/>
						<line number="183" hits="0"/>
						<line number="184" hits="0"/>
						<line number="186" hits="0"/>
						<line number="187" hits="0"/>
						<line number="188" hits="0"/>
						<line number="189" hits="0"/>
						<line number="190" hits="0"/>
						<line number="192" hits="1"/>
						<line number="194" hits="1"/>
						<line number="197" hits="1"/>
						<line number="206" hits="1" branch="true" condition-coverage="100% (2/2)"/>
						<line number="207" hits="1"/>
						<line number="208" hits="1"/>
						<line number="211" hits="1"/>
						<line number="225" hits="1"/>
						<line number="254" hits="1"/>
						<line number="255" hits="1"/>
						<line number="256" hits="1"/>
						<line number="258" hits="1" branch="true" condition-coverage="100% (2/2)"/>
						<line number="259" hits="1"/>
						<line number="260" hits="1"/>
						<line number="261" hits="1"/>
						<line number="262" hits="1"/>
						<line number="263" hits="1" branch="true" condition-coverage="50% (1/2)" missing-branches="264"/>
						<line number="264" hits="0"/>
						<line number="265" hits="1" branch="true" condition-coverage="100% (2/2)"/>
						<line number="266" hits="1"/>
						<line number="267" hits="1" branch="true" condition-coverage="50% (1/2)" missing-branches="268"/>
						<line number="268" hits="0"/>
						<line number="269" hits="0"/>
						<line number="271" hits="1"/>
						<line number="274" hits="1"/>
						<line number="276" hits="1" branch="true" condition-coverage="50% (1/2)" missing-branches="277"/>
						<line number="277" hits="0"/>
						<line number="278" hits="0"/>
						<line number="279" hits="0"/>
						<line number="280" hits="1" branch="true" condition-coverage="100% (2/2)"/>
						<line number="281" hits="1"/>
						<line number="282" hits="1" branch="true" condition-coverage="100% (2/2)"/>
						<line number="283" hits="1"/>
						<line number="284" hits="1"/>
						<line number="285" hits="1"/>
						<line number="286" hits="1"/>
						<line number="288" hits="1"/>
						<line number="291" hits="1" branch="true" condition-coverage="50% (1/2)" missing-branches="292"/>
						<line number="292" hits="0"/>
						<line number="294" hits="1"/>
						<line number="296" hits="1"/>
						<line number="300" hits="1" branch="true" condition-coverage="100% (2/2)"/>
						<line number="301" hits="1"/>
						<line number="303" hits="1"/>
						<line number="304" hits="1"/>
						<line number="305" hits="1"/>
						<line number="307" hits="1"/>
						<line number="310" hits="1"/>
						<line number="311" hits="1" branch="true" condition-coverage="100% (2/2)"/>
						<line number="312" hits="1"/>
						<line number="313" hits="1"/>
						<line number="314" hits="1" branch="true" condition-coverage="100% (2/2)"/>
						<line number="315" hits="1"/>
						<line number="316" hits="1"/>
						<line number="318" hits="1" branch="true" condition-coverage="100% (2/2)"/>
						<line number="319" hits="1"/>
						<line number="320" hits="1" branch="true" condition-coverage="50% (1/2)" missing-branches="321"/>
						<line number="321" hits="0"/>
						<line number="322" hits="0"/>
						<line number="323" hits="1" branch="true" condition-coverage="50% (1/2)" missing-branches="328"/>
						<line number="325" hits="1"/>
						<line number="326" hits="1"/>
						<line number="328" hits="0"/>
					</lines>
				</class>
			</classes>
		</package>
	</packages>
</coverage>
