<?xml version="1.0" ?>
<coverage version="7.13.1" timestamp="1768796010459" lines-valid="11355" lines-covered="8066" line-rate="0.7103" branches-valid="4210" branches-covered="2566" branch-rate="0.6095" complexity="0">
	<!-- Generated by coverage.py: https://coverage.readthedocs.io/en/7.13.1 -->
	<!-- Based on https://raw.githubusercontent.com/cobertura/web/master/htdocs/xml/coverage-04.dtd -->
	<sources>
		<source>D:\a\FLAML\FLAML\flaml</source>
	</sources>
	<packages>
		<package name="." line-rate="0.7931" branch-rate="0.5" complexity="0">
			<classes>
				<class name="__init__.py" filename="__init__.py" complexity="0" line-rate="0.8" branch-rate="0.5">
					<methods/>
					<lines>
						<line number="1" hits="1"/>
						<line number="2" hits="1"/>
						<line number="4" hits="1"/>
						<line number="5" hits="1"/>
						<line number="7" hits="1"/>
						<line number="8" hits="0"/>
						<line number="9" hits="0"/>
						<line number="10" hits="1"/>
						<line number="11" hits="1"/>
						<line number="12" hits="1"/>
						<line number="15" hits="1"/>
						<line number="16" hits="1" branch="true" condition-coverage="50% (1/2)" missing-branches="19"/>
						<line number="17" hits="1"/>
						<line number="19" hits="1" branch="true" condition-coverage="50% (1/2)" missing-branches="20"/>
						<line number="20" hits="0"/>
					</lines>
				</class>
				<class name="config.py" filename="config.py" complexity="0" line-rate="1" branch-rate="1">
					<methods/>
					<lines>
						<line number="6" hits="1"/>
						<line number="7" hits="1"/>
						<line number="8" hits="1"/>
						<line number="9" hits="1"/>
						<line number="10" hits="1"/>
						<line number="11" hits="1"/>
						<line number="12" hits="1"/>
						<line number="13" hits="1"/>
						<line number="14" hits="1"/>
						<line number="15" hits="1"/>
					</lines>
				</class>
				<class name="ml.py" filename="ml.py" complexity="0" line-rate="0" branch-rate="1">
					<methods/>
					<lines>
						<line number="1" hits="0"/>
						<line number="3" hits="0"/>
						<line number="5" hits="0"/>
					</lines>
				</class>
				<class name="version.py" filename="version.py" complexity="0" line-rate="1" branch-rate="1">
					<methods/>
					<lines>
						<line number="1" hits="1"/>
					</lines>
				</class>
			</classes>
		</package>
		<package name="automl" line-rate="0.7487" branch-rate="0.6408" complexity="0">
			<classes>
				<class name="__init__.py" filename="automl/__init__.py" complexity="0" line-rate="0.7143" branch-rate="1">
					<methods/>
					<lines>
						<line number="1" hits="1"/>
						<line number="3" hits="1"/>
						<line number="4" hits="1"/>
						<line number="5" hits="1"/>
						<line number="7" hits="1"/>
						<line number="8" hits="0"/>
						<line number="9" hits="0"/>
					</lines>
				</class>
				<class name="automl.py" filename="automl/automl.py" complexity="0" line-rate="0.7631" branch-rate="0.6396">
					<methods/>
					<lines>
						<line number="5" hits="1"/>
						<line number="7" hits="1"/>
						<line number="8" hits="1"/>
						<line number="9" hits="1"/>
						<line number="10" hits="1"/>
						<line number="11" hits="1"/>
						<line number="12" hits="1"/>
						<line number="13" hits="1"/>
						<line number="14" hits="1"/>
						<line number="15" hits="1"/>
						<line number="16" hits="1"/>
						<line number="18" hits="1"/>
						<line number="20" hits="1"/>
						<line number="21" hits="1"/>
						<line number="22" hits="1"/>
						<line number="23" hits="1"/>
						<line number="24" hits="1"/>
						<line number="25" hits="1"/>
						<line number="28" hits="1"/>
						<line number="29" hits="1"/>
						<line number="30" hits="1"/>
						<line number="31" hits="1"/>
						<line number="41" hits="1"/>
						<line number="42" hits="1"/>
						<line number="43" hits="1"/>
						<line number="45" hits="1"/>
						<line number="49" hits="1"/>
						<line number="50" hits="1"/>
						<line number="51" hits="1"/>
						<line number="52" hits="0"/>
						<line number="53" hits="0"/>
						<line number="54" hits="0"/>
						<line number="56" hits="1"/>
						<line number="57" hits="1"/>
						<line number="58" hits="0"/>
						<line number="59" hits="0"/>
						<line number="61" hits="1"/>
						<line number="62" hits="1"/>
						<line number="64" hits="1"/>
						<line number="65" hits="0"/>
						<line number="66" hits="0"/>
						<line number="69" hits="1"/>
						<line number="70" hits="1"/>
						<line number="72" hits="0"/>
						<line number="73" hits="0"/>
						<line number="74" hits="1"/>
						<line number="75" hits="1"/>
						<line number="78" hits="1"/>
						<line number="84" hits="1"/>
						<line number="85" hits="1"/>
						<line number="86" hits="1"/>
						<line number="87" hits="1"/>
						<line number="90" hits="1"/>
						<line number="107" hits="1"/>
						<line number="109" hits="1"/>
						<line number="349" hits="1" branch="true" condition-coverage="50% (1/2)" missing-branches="350"/>
						<line number="350" hits="0"/>
						<line number="351" hits="1"/>
						<line number="352" hits="1"/>
						<line number="353" hits="1"/>
						<line number="354" hits="1"/>
						<line number="355" hits="1"/>
						<line number="356" hits="1"/>
						<line number="358" hits="1"/>
						<line number="359" hits="1"/>
						<line number="360" hits="1"/>
						<line number="361" hits="1"/>
						<line number="362" hits="1"/>
						<line number="363" hits="1"/>
						<line number="364" hits="1"/>
						<line number="365" hits="1"/>
						<line number="366" hits="1"/>
						<line number="367" hits="1"/>
						<line number="368" hits="1"/>
						<line number="369" hits="1"/>
						<line number="370" hits="1"/>
						<line number="371" hits="1"/>
						<line number="372" hits="1"/>
						<line number="373" hits="1"/>
						<line number="374" hits="1"/>
						<line number="375" hits="1"/>
						<line number="376" hits="1"/>
						<line number="377" hits="1"/>
						<line number="378" hits="1"/>
						<line number="379" hits="1"/>
						<line number="380" hits="1"/>
						<line number="381" hits="1"/>
						<line number="382" hits="1"/>
						<line number="383" hits="1"/>
						<line number="384" hits="1"/>
						<line number="385" hits="1"/>
						<line number="386" hits="1"/>
						<line number="387" hits="1"/>
						<line number="388" hits="1"/>
						<line number="389" hits="1"/>
						<line number="390" hits="1"/>
						<line number="391" hits="1"/>
						<line number="392" hits="1"/>
						<line number="393" hits="1" branch="true" condition-coverage="50% (1/2)" missing-branches="394"/>
						<line number="394" hits="0"/>
						<line number="395" hits="1"/>
						<line number="396" hits="1"/>
						<line number="397" hits="1"/>
						<line number="398" hits="1"/>
						<line number="399" hits="1"/>
						<line number="400" hits="1"/>
						<line number="401" hits="1"/>
						<line number="403" hits="1"/>
						<line number="404" hits="1"/>
						<line number="406" hits="1"/>
						<line number="415" hits="1"/>
						<line number="418" hits="1"/>
						<line number="419" hits="1" branch="true" condition-coverage="100% (2/2)"/>
						<line number="420" hits="1"/>
						<line number="422" hits="1"/>
						<line number="424" hits="1" branch="true" condition-coverage="50% (1/2)" missing-branches="426"/>
						<line number="425" hits="1"/>
						<line number="426" hits="1" branch="true" condition-coverage="50% (1/2)" missing-branches="428"/>
						<line number="427" hits="1"/>
						<line number="428" hits="1" branch="true" condition-coverage="50% (1/2)" missing-branches="430"/>
						<line number="429" hits="1"/>
						<line number="430" hits="1" branch="true" condition-coverage="50% (1/2)" missing-branches="432"/>
						<line number="431" hits="1"/>
						<line number="432" hits="1"/>
						<line number="435" hits="1"/>
						<line number="436" hits="1"/>
						<line number="437" hits="1"/>
						<line number="439" hits="1"/>
						<line number="440" hits="1"/>
						<line number="442" hits="1"/>
						<line number="443" hits="1" branch="true" condition-coverage="100% (2/2)"/>
						<line number="444" hits="1" branch="true" condition-coverage="50% (1/2)" missing-branches="445"/>
						<line number="445" hits="0"/>
						<line number="446" hits="1" branch="true" condition-coverage="50% (1/2)" missing-branches="447"/>
						<line number="447" hits="0"/>
						<line number="448" hits="1" branch="true" condition-coverage="50% (1/2)" missing-branches="449"/>
						<line number="449" hits="0"/>
						<line number="450" hits="1" branch="true" condition-coverage="50% (1/2)" missing-branches="exit"/>
						<line number="451" hits="1"/>
						<line number="452" hits="1"/>
						<line number="454" hits="1"/>
						<line number="455" hits="0"/>
						<line number="456" hits="0"/>
						<line number="458" hits="1"/>
						<line number="459" hits="1"/>
						<line number="461" hits="1"/>
						<line number="462" hits="1"/>
						<line number="467" hits="1"/>
						<line number="469" hits="1"/>
						<line number="470" hits="1"/>
						<line number="474" hits="1"/>
						<line number="476" hits="1"/>
						<line number="488" hits="1"/>
						<line number="489" hits="1" branch="true" condition-coverage="100% (2/2)"/>
						<line number="490" hits="1"/>
						<line number="491" hits="1"/>
						<line number="493" hits="1"/>
						<line number="494" hits="1"/>
						<line number="496" hits="1"/>
						<line number="498" hits="1"/>
						<line number="499" hits="1"/>
						<line number="502" hits="1"/>
						<line number="504" hits="1"/>
						<line number="505" hits="1"/>
						<line number="507" hits="1"/>
						<line number="508" hits="1"/>
						<line number="509" hits="1"/>
						<line number="511" hits="1"/>
						<line number="512" hits="1"/>
						<line number="514" hits="1"/>
						<line number="519" hits="1"/>
						<line number="520" hits="1"/>
						<line number="522" hits="1"/>
						<line number="524" hits="1"/>
						<line number="525" hits="1"/>
						<line number="527" hits="1"/>
						<line number="529" hits="1"/>
						<line number="530" hits="1"/>
						<line number="532" hits="1"/>
						<line number="533" hits="1"/>
						<line number="535" hits="1"/>
						<line number="536" hits="1"/>
						<line number="540" hits="1"/>
						<line number="541" hits="1"/>
						<line number="543" hits="1"/>
						<line number="544" hits="1"/>
						<line number="546" hits="1"/>
						<line number="548" hits="1"/>
						<line number="549" hits="1"/>
						<line number="553" hits="1"/>
						<line number="554" hits="1"/>
						<line number="555" hits="1"/>
						<line number="557" hits="1"/>
						<line number="558" hits="1"/>
						<line number="569" hits="0"/>
						<line number="571" hits="1"/>
						<line number="572" hits="1"/>
						<line number="574" hits="1"/>
						<line number="575" hits="1"/>
						<line number="577" hits="1"/>
						<line number="578" hits="1"/>
						<line number="580" hits="0"/>
						<line number="582" hits="1"/>
						<line number="583" hits="1"/>
						<line number="585" hits="1"/>
						<line number="586" hits="1" branch="true" condition-coverage="100% (2/2)"/>
						<line number="587" hits="1"/>
						<line number="588" hits="1"/>
						<line number="589" hits="1" branch="true" condition-coverage="100% (2/2)"/>
						<line number="590" hits="1"/>
						<line number="591" hits="1"/>
						<line number="593" hits="1"/>
						<line number="594" hits="1"/>
						<line number="595" hits="1"/>
						<line number="597" hits="1"/>
						<line number="598" hits="1"/>
						<line number="599" hits="1"/>
						<line number="600" hits="1"/>
						<line number="601" hits="1" branch="true" condition-coverage="100% (2/2)"/>
						<line number="602" hits="1"/>
						<line number="603" hits="1"/>
						<line number="605" hits="1"/>
						<line number="606" hits="1"/>
						<line number="607" hits="1"/>
						<line number="608" hits="1"/>
						<line number="609" hits="1"/>
						<line number="611" hits="1"/>
						<line number="612" hits="1"/>
						<line number="614" hits="1"/>
						<line number="616" hits="1"/>
						<line number="622" hits="1"/>
						<line number="623" hits="1" branch="true" condition-coverage="100% (2/2)"/>
						<line number="624" hits="1"/>
						<line number="625" hits="1"/>
						<line number="626" hits="1"/>
						<line number="627" hits="1" branch="true" condition-coverage="100% (2/2)"/>
						<line number="628" hits="1"/>
						<line number="629" hits="1"/>
						<line number="631" hits="1"/>
						<line number="664" hits="1"/>
						<line number="665" hits="1" branch="true" condition-coverage="100% (2/2)"/>
						<line number="666" hits="1"/>
						<line number="667" hits="1"/>
						<line number="668" hits="1"/>
						<line number="669" hits="1"/>
						<line number="671" hits="1" branch="true" condition-coverage="50% (1/2)" missing-branches="672"/>
						<line number="672" hits="0"/>
						<line number="673" hits="1" branch="true" condition-coverage="100% (2/2)"/>
						<line number="674" hits="1"/>
						<line number="676" hits="1"/>
						<line number="678" hits="1"/>
						<line number="691" hits="1"/>
						<line number="692" hits="1" branch="true" condition-coverage="50% (1/2)" missing-branches="693"/>
						<line number="693" hits="0"/>
						<line number="694" hits="0"/>
						<line number="695" hits="1"/>
						<line number="696" hits="1"/>
						<line number="697" hits="1"/>
						<line number="699" hits="1"/>
						<line number="706" hits="1"/>
						<line number="708" hits="1"/>
						<line number="723" hits="1"/>
						<line number="724" hits="1"/>
						<line number="725" hits="1"/>
						<line number="726" hits="1"/>
						<line number="728" hits="1" branch="true" condition-coverage="50% (1/2)" missing-branches="731"/>
						<line number="729" hits="1"/>
						<line number="731" hits="1"/>
						<line number="740" hits="1"/>
						<line number="742" hits="1"/>
						<line number="878" hits="1"/>
						<line number="879" hits="1" branch="true" condition-coverage="50% (1/2)" missing-branches="882"/>
						<line number="880" hits="1"/>
						<line number="882" hits="1"/>
						<line number="883" hits="1"/>
						<line number="884" hits="1"/>
						<line number="885" hits="1"/>
						<line number="886" hits="1"/>
						<line number="887" hits="1"/>
						<line number="888" hits="1"/>
						<line number="890" hits="1"/>
						<line number="891" hits="1"/>
						<line number="892" hits="1"/>
						<line number="893" hits="1"/>
						<line number="894" hits="1"/>
						<line number="897" hits="1"/>
						<line number="899" hits="1"/>
						<line number="901" hits="1"/>
						<line number="902" hits="1"/>
						<line number="903" hits="1"/>
						<line number="904" hits="1"/>
						<line number="905" hits="1"/>
						<line number="906" hits="1"/>
						<line number="907" hits="1"/>
						<line number="908" hits="1"/>
						<line number="909" hits="1" branch="true" condition-coverage="100% (2/2)"/>
						<line number="910" hits="1"/>
						<line number="912" hits="1" branch="true" condition-coverage="100% (2/2)"/>
						<line number="913" hits="1"/>
						<line number="914" hits="1" branch="true" condition-coverage="100% (2/2)"/>
						<line number="915" hits="1"/>
						<line number="916" hits="1"/>
						<line number="917" hits="1"/>
						<line number="918" hits="1" branch="true" condition-coverage="50% (1/2)" missing-branches="912"/>
						<line number="919" hits="1" branch="true" condition-coverage="50% (1/2)" missing-branches="920"/>
						<line number="920" hits="0"/>
						<line number="921" hits="0" branch="true" condition-coverage="0% (0/2)" missing-branches="912,922"/>
						<line number="922" hits="0"/>
						<line number="923" hits="0"/>
						<line number="924" hits="0"/>
						<line number="926" hits="1"/>
						<line number="927" hits="1"/>
						<line number="928" hits="1"/>
						<line number="929" hits="1"/>
						<line number="930" hits="1" branch="true" condition-coverage="100% (2/2)"/>
						<line number="931" hits="1"/>
						<line number="932" hits="1"/>
						<line number="934" hits="1"/>
						<line number="935" hits="1"/>
						<line number="936" hits="1" branch="true" condition-coverage="50% (1/2)" missing-branches="937"/>
						<line number="937" hits="0"/>
						<line number="938" hits="1"/>
						<line number="939" hits="1"/>
						<line number="940" hits="1"/>
						<line number="942" hits="1"/>
						<line number="943" hits="1" branch="true" condition-coverage="50% (1/2)" missing-branches="944"/>
						<line number="944" hits="0"/>
						<line number="947" hits="0"/>
						<line number="948" hits="0"/>
						<line number="950" hits="1"/>
						<line number="952" hits="1"/>
						<line number="955" hits="1"/>
						<line number="961" hits="1"/>
						<line number="962" hits="1"/>
						<line number="963" hits="1"/>
						<line number="964" hits="1"/>
						<line number="965" hits="1"/>
						<line number="966" hits="1"/>
						<line number="967" hits="1"/>
						<line number="968" hits="1"/>
						<line number="970" hits="1"/>
						<line number="978" hits="1"/>
						<line number="983" hits="1"/>
						<line number="984" hits="1"/>
						<line number="986" hits="1"/>
						<line number="987" hits="1" branch="true" condition-coverage="100% (2/2)"/>
						<line number="988" hits="1"/>
						<line number="992" hits="1"/>
						<line number="993" hits="1"/>
						<line number="994" hits="1" branch="true" condition-coverage="100% (2/2)"/>
						<line number="997" hits="1"/>
						<line number="1001" hits="1"/>
						<line number="1002" hits="1" branch="true" condition-coverage="100% (2/2)"/>
						<line number="1003" hits="1"/>
						<line number="1007" hits="1"/>
						<line number="1008" hits="1"/>
						<line number="1009" hits="1" branch="true" condition-coverage="100% (2/2)"/>
						<line number="1015" hits="1"/>
						<line number="1017" hits="1"/>
						<line number="1019" hits="1"/>
						<line number="1020" hits="1"/>
						<line number="1029" hits="1"/>
						<line number="1030" hits="1" branch="true" condition-coverage="100% (2/2)"/>
						<line number="1031" hits="1"/>
						<line number="1032" hits="1"/>
						<line number="1033" hits="1"/>
						<line number="1034" hits="1"/>
						<line number="1035" hits="1"/>
						<line number="1036" hits="1" branch="true" condition-coverage="100% (2/2)"/>
						<line number="1037" hits="1"/>
						<line number="1038" hits="1"/>
						<line number="1039" hits="1"/>
						<line number="1040" hits="1"/>
						<line number="1042" hits="1"/>
						<line number="1043" hits="1"/>
						<line number="1056" hits="1" branch="true" condition-coverage="100% (2/2)"/>
						<line number="1057" hits="1"/>
						<line number="1058" hits="1"/>
						<line number="1059" hits="1"/>
						<line number="1061" hits="1"/>
						<line number="1062" hits="1" branch="true" condition-coverage="100% (2/2)"/>
						<line number="1063" hits="1"/>
						<line number="1064" hits="1"/>
						<line number="1065" hits="1"/>
						<line number="1073" hits="1"/>
						<line number="1074" hits="1"/>
						<line number="1076" hits="1"/>
						<line number="1077" hits="1"/>
						<line number="1089" hits="1" branch="true" condition-coverage="100% (2/2)"/>
						<line number="1090" hits="1"/>
						<line number="1091" hits="1"/>
						<line number="1092" hits="1"/>
						<line number="1094" hits="1"/>
						<line number="1095" hits="1" branch="true" condition-coverage="100% (2/2)"/>
						<line number="1096" hits="1"/>
						<line number="1097" hits="1"/>
						<line number="1098" hits="1"/>
						<line number="1101" hits="1"/>
						<line number="1102" hits="1"/>
						<line number="1104" hits="1"/>
						<line number="1105" hits="1"/>
						<line number="1111" hits="1"/>
						<line number="1112" hits="1" branch="true" condition-coverage="100% (2/2)"/>
						<line number="1113" hits="1"/>
						<line number="1114" hits="1" branch="true" condition-coverage="100% (2/2)"/>
						<line number="1115" hits="1"/>
						<line number="1116" hits="1" branch="true" condition-coverage="100% (2/2)"/>
						<line number="1117" hits="1"/>
						<line number="1119" hits="1"/>
						<line number="1120" hits="1"/>
						<line number="1122" hits="1"/>
						<line number="1123" hits="1"/>
						<line number="1130" hits="1"/>
						<line number="1132" hits="1"/>
						<line number="1133" hits="1"/>
						<line number="1139" hits="1"/>
						<line number="1141" hits="1"/>
						<line number="1142" hits="1"/>
						<line number="1148" hits="1"/>
						<line number="1150" hits="1"/>
						<line number="1162" hits="1"/>
						<line number="1163" hits="1"/>
						<line number="1164" hits="1"/>
						<line number="1166" hits="1"/>
						<line number="1167" hits="0"/>
						<line number="1169" hits="1"/>
						<line number="1170" hits="1"/>
						<line number="1171" hits="1" branch="true" condition-coverage="50% (1/2)" missing-branches="1173"/>
						<line number="1172" hits="1"/>
						<line number="1173" hits="1" branch="true" condition-coverage="100% (2/2)"/>
						<line number="1174" hits="1"/>
						<line number="1175" hits="1"/>
						<line number="1176" hits="1" branch="true" condition-coverage="100% (2/2)"/>
						<line number="1177" hits="1"/>
						<line number="1179" hits="1"/>
						<line number="1187" hits="0"/>
						<line number="1188" hits="0"/>
						<line number="1189" hits="0"/>
						<line number="1190" hits="0"/>
						<line number="1191" hits="0"/>
						<line number="1193" hits="0"/>
						<line number="1194" hits="0"/>
						<line number="1196" hits="0"/>
						<line number="1197" hits="0"/>
						<line number="1198" hits="0"/>
						<line number="1199" hits="0"/>
						<line number="1200" hits="0"/>
						<line number="1202" hits="0"/>
						<line number="1208" hits="0" branch="true" condition-coverage="0% (0/2)" missing-branches="1209,1210"/>
						<line number="1209" hits="0"/>
						<line number="1210" hits="0" branch="true" condition-coverage="0% (0/2)" missing-branches="1211,1212"/>
						<line number="1211" hits="0"/>
						<line number="1212" hits="0"/>
						<line number="1213" hits="0"/>
						<line number="1214" hits="0"/>
						<line number="1216" hits="0"/>
						<line number="1217" hits="0"/>
						<line number="1219" hits="0"/>
						<line number="1220" hits="0"/>
						<line number="1221" hits="0"/>
						<line number="1222" hits="0" branch="true" condition-coverage="0% (0/2)" missing-branches="1223,1224"/>
						<line number="1223" hits="0"/>
						<line number="1224" hits="0" branch="true" condition-coverage="0% (0/2)" missing-branches="1225,1226"/>
						<line number="1225" hits="0"/>
						<line number="1226" hits="0" branch="true" condition-coverage="0% (0/2)" missing-branches="1228,1230"/>
						<line number="1228" hits="0"/>
						<line number="1230" hits="0"/>
						<line number="1231" hits="0"/>
						<line number="1233" hits="0"/>
						<line number="1235" hits="0"/>
						<line number="1236" hits="0" branch="true" condition-coverage="0% (0/2)" missing-branches="1237,1238"/>
						<line number="1237" hits="0"/>
						<line number="1238" hits="0"/>
						<line number="1239" hits="0" branch="true" condition-coverage="0% (0/2)" missing-branches="1240,1241"/>
						<line number="1240" hits="0"/>
						<line number="1241" hits="0"/>
						<line number="1243" hits="0" branch="true" condition-coverage="0% (0/2)" missing-branches="1244,1247"/>
						<line number="1244" hits="0" branch="true" condition-coverage="0% (0/2)" missing-branches="1245,1246"/>
						<line number="1245" hits="0"/>
						<line number="1246" hits="0"/>
						<line number="1247" hits="0" branch="true" condition-coverage="0% (0/2)" missing-branches="1248,1250"/>
						<line number="1248" hits="0"/>
						<line number="1250" hits="0" branch="true" condition-coverage="0% (0/2)" missing-branches="1251,1254"/>
						<line number="1251" hits="0" branch="true" condition-coverage="0% (0/2)" missing-branches="1252,1253"/>
						<line number="1252" hits="0"/>
						<line number="1253" hits="0"/>
						<line number="1254" hits="0" branch="true" condition-coverage="0% (0/2)" missing-branches="1255,1258"/>
						<line number="1255" hits="0" branch="true" condition-coverage="0% (0/2)" missing-branches="1256,1257"/>
						<line number="1256" hits="0"/>
						<line number="1257" hits="0"/>
						<line number="1258" hits="0" branch="true" condition-coverage="0% (0/2)" missing-branches="1260,1263"/>
						<line number="1260" hits="0" branch="true" condition-coverage="0% (0/2)" missing-branches="1261,1262"/>
						<line number="1261" hits="0"/>
						<line number="1262" hits="0"/>
						<line number="1263" hits="0" branch="true" condition-coverage="0% (0/2)" missing-branches="1264,1268"/>
						<line number="1264" hits="0" branch="true" condition-coverage="0% (0/2)" missing-branches="1265,1266"/>
						<line number="1265" hits="0"/>
						<line number="1266" hits="0"/>
						<line number="1268" hits="0"/>
						<line number="1269" hits="0" branch="true" condition-coverage="0% (0/2)" missing-branches="exit,1270"/>
						<line number="1270" hits="0" branch="true" condition-coverage="0% (0/2)" missing-branches="exit,1271"/>
						<line number="1271" hits="0"/>
						<line number="1273" hits="0"/>
						<line number="1274" hits="0"/>
						<line number="1278" hits="1"/>
						<line number="1279" hits="1"/>
						<line number="1280" hits="1"/>
						<line number="1281" hits="1"/>
						<line number="1282" hits="1"/>
						<line number="1283" hits="1"/>
						<line number="1285" hits="1"/>
						<line number="1288" hits="1" branch="true" condition-coverage="100% (2/2)"/>
						<line number="1289" hits="1" branch="true" condition-coverage="50% (1/2)" missing-branches="1290"/>
						<line number="1290" hits="0"/>
						<line number="1291" hits="0"/>
						<line number="1293" hits="1" branch="true" condition-coverage="100% (2/2)"/>
						<line number="1294" hits="1"/>
						<line number="1295" hits="1" branch="true" condition-coverage="100% (2/2)"/>
						<line number="1296" hits="1"/>
						<line number="1297" hits="1"/>
						<line number="1301" hits="1"/>
						<line number="1302" hits="1" branch="true" condition-coverage="50% (1/2)" missing-branches="1321"/>
						<line number="1303" hits="1" branch="true" condition-coverage="100% (2/2)"/>
						<line number="1317" hits="1" branch="true" condition-coverage="100% (2/2)"/>
						<line number="1318" hits="1"/>
						<line number="1319" hits="1"/>
						<line number="1321" hits="1" branch="true" condition-coverage="100% (2/2)"/>
						<line number="1322" hits="1" branch="true" condition-coverage="50% (1/2)" missing-branches="1326"/>
						<line number="1323" hits="1"/>
						<line number="1326" hits="0"/>
						<line number="1327" hits="0"/>
						<line number="1329" hits="0"/>
						<line number="1330" hits="0" branch="true" condition-coverage="0% (0/2)" missing-branches="1331,1356"/>
						<line number="1331" hits="0" branch="true" condition-coverage="0% (0/2)" missing-branches="1332,1337"/>
						<line number="1332" hits="0"/>
						<line number="1333" hits="0"/>
						<line number="1335" hits="0"/>
						<line number="1337" hits="0"/>
						<line number="1339" hits="0"/>
						<line number="1340" hits="0"/>
						<line number="1341" hits="0"/>
						<line number="1342" hits="0"/>
						<line number="1343" hits="0"/>
						<line number="1348" hits="0"/>
						<line number="1353" hits="0"/>
						<line number="1354" hits="0"/>
						<line number="1356" hits="0"/>
						<line number="1357" hits="0"/>
						<line number="1359" hits="1"/>
						<line number="1360" hits="1"/>
						<line number="1361" hits="1"/>
						<line number="1362" hits="0"/>
						<line number="1364" hits="0"/>
						<line number="1365" hits="0" branch="true" condition-coverage="0% (0/2)" missing-branches="1366,1370"/>
						<line number="1366" hits="0"/>
						<line number="1367" hits="0"/>
						<line number="1368" hits="0"/>
						<line number="1370" hits="0"/>
						<line number="1373" hits="1" branch="true" condition-coverage="100% (2/2)"/>
						<line number="1374" hits="1"/>
						<line number="1376" hits="1" branch="true" condition-coverage="50% (1/2)" missing-branches="1377"/>
						<line number="1377" hits="0"/>
						<line number="1379" hits="1"/>
						<line number="1380" hits="1" branch="true" condition-coverage="50% (1/2)" missing-branches="1384"/>
						<line number="1381" hits="1" branch="true" condition-coverage="100% (2/2)"/>
						<line number="1382" hits="1"/>
						<line number="1384" hits="1" branch="true" condition-coverage="50% (1/2)" missing-branches="1385"/>
						<line number="1385" hits="0"/>
						<line number="1386" hits="0"/>
						<line number="1387" hits="0" branch="true" condition-coverage="0% (0/2)" missing-branches="1384,1388"/>
						<line number="1388" hits="0"/>
						<line number="1390" hits="1" branch="true" condition-coverage="50% (1/2)" missing-branches="1391"/>
						<line number="1391" hits="0" branch="true" condition-coverage="0% (0/2)" missing-branches="exit,1392"/>
						<line number="1392" hits="0"/>
						<line number="1393" hits="0" branch="true" condition-coverage="0% (0/2)" missing-branches="1394,1395"/>
						<line number="1394" hits="0"/>
						<line number="1395" hits="0" branch="true" condition-coverage="0% (0/2)" missing-branches="1396,1398"/>
						<line number="1396" hits="0"/>
						<line number="1398" hits="0"/>
						<line number="1399" hits="0"/>
						<line number="1400" hits="0"/>
						<line number="1402" hits="1"/>
						<line number="1403" hits="1"/>
						<line number="1415" hits="1"/>
						<line number="1416" hits="1"/>
						<line number="1417" hits="1"/>
						<line number="1419" hits="1"/>
						<line number="1420" hits="1"/>
						<line number="1423" hits="1"/>
						<line number="1424" hits="1" branch="true" condition-coverage="100% (2/2)"/>
						<line number="1425" hits="1" branch="true" condition-coverage="50% (1/2)" missing-branches="1424"/>
						<line number="1426" hits="1"/>
						<line number="1431" hits="0"/>
						<line number="1433" hits="0"/>
						<line number="1435" hits="1" branch="true" condition-coverage="50% (1/2)" missing-branches="1436"/>
						<line number="1436" hits="0"/>
						<line number="1438" hits="1"/>
						<line number="1440" hits="1"/>
						<line number="1441" hits="1"/>
						<line number="1442" hits="1" branch="true" condition-coverage="50% (1/2)" missing-branches="1444"/>
						<line number="1443" hits="1"/>
						<line number="1444" hits="1" branch="true" condition-coverage="100% (2/2)"/>
						<line number="1445" hits="1"/>
						<line number="1446" hits="1" branch="true" condition-coverage="100% (2/2)"/>
						<line number="1447" hits="1"/>
						<line number="1449" hits="1" branch="true" condition-coverage="100% (2/2)"/>
						<line number="1450" hits="1"/>
						<line number="1451" hits="1" branch="true" condition-coverage="50% (1/2)" missing-branches="1453"/>
						<line number="1452" hits="1"/>
						<line number="1453" hits="0"/>
						<line number="1454" hits="0"/>
						<line number="1455" hits="0" branch="true" condition-coverage="0% (0/2)" missing-branches="1456,1458"/>
						<line number="1456" hits="0"/>
						<line number="1458" hits="0"/>
						<line number="1460" hits="0"/>
						<line number="1461" hits="0"/>
						<line number="1462" hits="0"/>
						<line number="1463" hits="0"/>
						<line number="1464" hits="0"/>
						<line number="1465" hits="0"/>
						<line number="1468" hits="0" branch="true" condition-coverage="0% (0/2)" missing-branches="1469,1470"/>
						<line number="1469" hits="0"/>
						<line number="1470" hits="0" branch="true" condition-coverage="0% (0/2)" missing-branches="1471,1473"/>
						<line number="1471" hits="0"/>
						<line number="1473" hits="0"/>
						<line number="1474" hits="0"/>
						<line number="1476" hits="0"/>
						<line number="1477" hits="0" branch="true" condition-coverage="0% (0/2)" missing-branches="1478,1481"/>
						<line number="1478" hits="0"/>
						<line number="1481" hits="0"/>
						<line number="1482" hits="0"/>
						<line number="1483" hits="0"/>
						<line number="1488" hits="1"/>
						<line number="1490" hits="1"/>
						<line number="1491" hits="1"/>
						<line number="1496" hits="1"/>
						<line number="1497" hits="1"/>
						<line number="1498" hits="1"/>
						<line number="1500" hits="1"/>
						<line number="1502" hits="1"/>
						<line number="1503" hits="1"/>
						<line number="1504" hits="1"/>
						<line number="1505" hits="1"/>
						<line number="1506" hits="1" branch="true" condition-coverage="50% (1/2)" missing-branches="1507"/>
						<line number="1507" hits="0"/>
						<line number="1508" hits="1"/>
						<line number="1510" hits="1" branch="true" condition-coverage="100% (2/2)"/>
						<line number="1511" hits="1"/>
						<line number="1512" hits="1"/>
						<line number="1513" hits="1"/>
						<line number="1518" hits="1"/>
						<line number="1525" hits="1" branch="true" condition-coverage="50% (1/2)" missing-branches="1527"/>
						<line number="1526" hits="1"/>
						<line number="1527" hits="1"/>
						<line number="1529" hits="1" branch="true" condition-coverage="50% (1/2)" missing-branches="1530"/>
						<line number="1530" hits="0"/>
						<line number="1532" hits="0"/>
						<line number="1536" hits="1" branch="true" condition-coverage="50% (1/2)" missing-branches="1537"/>
						<line number="1537" hits="0"/>
						<line number="1539" hits="0"/>
						<line number="1541" hits="1"/>
						<line number="1546" hits="1"/>
						<line number="1547" hits="1"/>
						<line number="1553" hits="1"/>
						<line number="1555" hits="1"/>
						<line number="1556" hits="1"/>
						<line number="1568" hits="1"/>
						<line number="1570" hits="1"/>
						<line number="1953" hits="1"/>
						<line number="1954" hits="1"/>
						<line number="1955" hits="1" branch="true" condition-coverage="50% (1/2)" missing-branches="1957"/>
						<line number="1956" hits="1"/>
						<line number="1957" hits="1"/>
						<line number="1958" hits="1"/>
						<line number="1959" hits="1"/>
						<line number="1960" hits="1"/>
						<line number="1961" hits="1"/>
						<line number="1962" hits="1"/>
						<line number="1963" hits="1"/>
						<line number="1964" hits="1"/>
						<line number="1965" hits="1"/>
						<line number="1966" hits="1"/>
						<line number="1967" hits="1"/>
						<line number="1968" hits="1"/>
						<line number="1969" hits="1"/>
						<line number="1970" hits="1"/>
						<line number="1971" hits="1"/>
						<line number="1972" hits="1" branch="true" condition-coverage="100% (2/2)"/>
						<line number="1973" hits="1"/>
						<line number="1974" hits="1"/>
						<line number="1975" hits="1"/>
						<line number="1976" hits="1"/>
						<line number="1977" hits="1"/>
						<line number="1980" hits="1"/>
						<line number="1981" hits="1"/>
						<line number="1982" hits="1"/>
						<line number="1983" hits="1"/>
						<line number="1984" hits="1" branch="true" condition-coverage="100% (2/2)"/>
						<line number="1985" hits="1"/>
						<line number="1986" hits="1"/>
						<line number="1987" hits="1"/>
						<line number="1988" hits="1"/>
						<line number="1989" hits="1"/>
						<line number="1990" hits="1"/>
						<line number="1991" hits="1"/>
						<line number="1992" hits="1" branch="true" condition-coverage="100% (2/2)"/>
						<line number="1993" hits="1"/>
						<line number="1994" hits="1"/>
						<line number="1995" hits="1"/>
						<line number="1996" hits="1"/>
						<line number="1999" hits="1"/>
						<line number="2000" hits="1"/>
						<line number="2001" hits="1"/>
						<line number="2003" hits="1"/>
						<line number="2004" hits="1"/>
						<line number="2005" hits="1"/>
						<line number="2006" hits="1"/>
						<line number="2007" hits="1"/>
						<line number="2008" hits="1" branch="true" condition-coverage="50% (1/2)" missing-branches="2009"/>
						<line number="2009" hits="0"/>
						<line number="2010" hits="1" branch="true" condition-coverage="50% (1/2)" missing-branches="2011"/>
						<line number="2011" hits="0"/>
						<line number="2012" hits="0" branch="true" condition-coverage="0% (0/2)" missing-branches="2013,2015"/>
						<line number="2013" hits="0"/>
						<line number="2015" hits="1"/>
						<line number="2016" hits="1"/>
						<line number="2017" hits="1"/>
						<line number="2018" hits="1" branch="true" condition-coverage="100% (2/2)"/>
						<line number="2020" hits="1"/>
						<line number="2021" hits="1"/>
						<line number="2022" hits="1"/>
						<line number="2024" hits="1" branch="true" condition-coverage="100% (2/2)"/>
						<line number="2025" hits="1"/>
						<line number="2031" hits="1" branch="true" condition-coverage="100% (2/2)"/>
						<line number="2032" hits="1" branch="true" condition-coverage="50% (1/2)" missing-branches="2033"/>
						<line number="2033" hits="0"/>
						<line number="2037" hits="0"/>
						<line number="2039" hits="1"/>
						<line number="2040" hits="1" branch="true" condition-coverage="50% (1/2)" missing-branches="2041"/>
						<line number="2041" hits="0"/>
						<line number="2045" hits="0"/>
						<line number="2047" hits="1"/>
						<line number="2051" hits="1"/>
						<line number="2053" hits="1"/>
						<line number="2054" hits="1"/>
						<line number="2055" hits="1"/>
						<line number="2056" hits="1"/>
						<line number="2057" hits="1"/>
						<line number="2058" hits="1"/>
						<line number="2061" hits="1" branch="true" condition-coverage="100% (2/2)"/>
						<line number="2062" hits="1"/>
						<line number="2064" hits="0"/>
						<line number="2066" hits="0"/>
						<line number="2080" hits="0" branch="true" condition-coverage="0% (0/2)" missing-branches="2081,2082"/>
						<line number="2081" hits="0"/>
						<line number="2082" hits="0" branch="true" condition-coverage="0% (0/2)" missing-branches="2083,2087"/>
						<line number="2083" hits="0"/>
						<line number="2086" hits="1"/>
						<line number="2087" hits="1"/>
						<line number="2088" hits="1"/>
						<line number="2089" hits="1"/>
						<line number="2091" hits="1"/>
						<line number="2092" hits="1"/>
						<line number="2093" hits="1"/>
						<line number="2094" hits="1"/>
						<line number="2101" hits="1"/>
						<line number="2102" hits="1"/>
						<line number="2103" hits="1"/>
						<line number="2104" hits="1"/>
						<line number="2105" hits="1"/>
						<line number="2106" hits="1"/>
						<line number="2109" hits="1" branch="true" condition-coverage="100% (2/2)"/>
						<line number="2110" hits="1"/>
						<line number="2111" hits="1"/>
						<line number="2112" hits="1"/>
						<line number="2113" hits="1" branch="true" condition-coverage="50% (1/2)" missing-branches="2114"/>
						<line number="2114" hits="0"/>
						<line number="2115" hits="0"/>
						<line number="2116" hits="0"/>
						<line number="2117" hits="1"/>
						<line number="2129" hits="1"/>
						<line number="2130" hits="1"/>
						<line number="2131" hits="1"/>
						<line number="2132" hits="1"/>
						<line number="2133" hits="1"/>
						<line number="2134" hits="1"/>
						<line number="2140" hits="1" branch="true" condition-coverage="100% (2/2)"/>
						<line number="2141" hits="1"/>
						<line number="2142" hits="1"/>
						<line number="2143" hits="1"/>
						<line number="2144" hits="1"/>
						<line number="2145" hits="1"/>
						<line number="2147" hits="1"/>
						<line number="2148" hits="1"/>
						<line number="2150" hits="1"/>
						<line number="2151" hits="1" branch="true" condition-coverage="100% (2/2)"/>
						<line number="2152" hits="1" branch="true" condition-coverage="100% (2/2)"/>
						<line number="2153" hits="1"/>
						<line number="2158" hits="1" branch="true" condition-coverage="100% (2/2)"/>
						<line number="2159" hits="1"/>
						<line number="2160" hits="1" branch="true" condition-coverage="100% (2/2)"/>
						<line number="2161" hits="1"/>
						<line number="2164" hits="1" branch="true" condition-coverage="50% (1/2)" missing-branches="2166"/>
						<line number="2165" hits="1"/>
						<line number="2166" hits="1" branch="true" condition-coverage="50% (1/2)" missing-branches="2152"/>
						<line number="2167" hits="1"/>
						<line number="2173" hits="1" branch="true" condition-coverage="100% (2/2)"/>
						<line number="2174" hits="1"/>
						<line number="2177" hits="1"/>
						<line number="2178" hits="1"/>
						<line number="2179" hits="1"/>
						<line number="2182" hits="1" branch="true" condition-coverage="100% (2/2)"/>
						<line number="2183" hits="1"/>
						<line number="2184" hits="1"/>
						<line number="2187" hits="1" branch="true" condition-coverage="100% (2/2)"/>
						<line number="2188" hits="1"/>
						<line number="2199" hits="1"/>
						<line number="2206" hits="1"/>
						<line number="2207" hits="1"/>
						<line number="2210" hits="1"/>
						<line number="2211" hits="1" branch="true" condition-coverage="100% (2/2)"/>
						<line number="2212" hits="1"/>
						<line number="2213" hits="1" branch="true" condition-coverage="100% (2/2)"/>
						<line number="2227" hits="1"/>
						<line number="2228" hits="1" branch="true" condition-coverage="100% (2/2)"/>
						<line number="2229" hits="1"/>
						<line number="2231" hits="1" branch="true" condition-coverage="50% (1/2)" missing-branches="2233"/>
						<line number="2232" hits="1"/>
						<line number="2233" hits="1"/>
						<line number="2235" hits="1" branch="true" condition-coverage="100% (2/2)"/>
						<line number="2236" hits="1"/>
						<line number="2237" hits="1" branch="true" condition-coverage="100% (2/2)"/>
						<line number="2238" hits="1"/>
						<line number="2240" hits="1"/>
						<line number="2242" hits="1"/>
						<line number="2243" hits="1"/>
						<line number="2244" hits="1"/>
						<line number="2246" hits="1"/>
						<line number="2247" hits="1"/>
						<line number="2249" hits="1" branch="true" condition-coverage="50% (1/2)" missing-branches="2251"/>
						<line number="2251" hits="0"/>
						<line number="2252" hits="0"/>
						<line number="2259" hits="1" branch="true" condition-coverage="100% (2/2)"/>
						<line number="2260" hits="1"/>
						<line number="2261" hits="1"/>
						<line number="2262" hits="1" branch="true" condition-coverage="50% (1/2)" missing-branches="2264"/>
						<line number="2263" hits="1"/>
						<line number="2264" hits="1" branch="true" condition-coverage="50% (1/2)" missing-branches="2266"/>
						<line number="2265" hits="1"/>
						<line number="2266" hits="1"/>
						<line number="2273" hits="1" branch="true" condition-coverage="100% (2/2)"/>
						<line number="2275" hits="1"/>
						<line number="2276" hits="1"/>
						<line number="2284" hits="1" branch="true" condition-coverage="50% (1/2)" missing-branches="2288"/>
						<line number="2288" hits="0"/>
						<line number="2290" hits="1" branch="true" condition-coverage="100% (2/2)"/>
						<line number="2291" hits="1" branch="true" condition-coverage="100% (2/2)"/>
						<line number="2292" hits="1"/>
						<line number="2297" hits="1" branch="true" condition-coverage="100% (2/2)"/>
						<line number="2298" hits="1"/>
						<line number="2300" hits="1"/>
						<line number="2301" hits="1"/>
						<line number="2302" hits="1" branch="true" condition-coverage="100% (2/2)"/>
						<line number="2303" hits="1"/>
						<line number="2304" hits="1"/>
						<line number="2312" hits="1"/>
						<line number="2313" hits="1"/>
						<line number="2314" hits="1"/>
						<line number="2315" hits="1"/>
						<line number="2316" hits="1"/>
						<line number="2323" hits="1" branch="true" condition-coverage="100% (2/2)"/>
						<line number="2324" hits="1"/>
						<line number="2325" hits="1"/>
						<line number="2326" hits="0"/>
						<line number="2327" hits="0"/>
						<line number="2329" hits="1"/>
						<line number="2330" hits="1"/>
						<line number="2331" hits="1" branch="true" condition-coverage="100% (2/2)"/>
						<line number="2332" hits="1"/>
						<line number="2333" hits="1"/>
						<line number="2334" hits="1"/>
						<line number="2335" hits="1" branch="true" condition-coverage="100% (2/2)"/>
						<line number="2337" hits="1"/>
						<line number="2338" hits="1"/>
						<line number="2341" hits="1"/>
						<line number="2345" hits="1"/>
						<line number="2347" hits="1"/>
						<line number="2360" hits="1"/>
						<line number="2361" hits="1"/>
						<line number="2362" hits="1"/>
						<line number="2363" hits="1"/>
						<line number="2364" hits="1"/>
						<line number="2365" hits="1"/>
						<line number="2366" hits="1"/>
						<line number="2367" hits="1"/>
						<line number="2368" hits="1"/>
						<line number="2369" hits="1"/>
						<line number="2370" hits="1"/>
						<line number="2371" hits="1"/>
						<line number="2382" hits="1" branch="true" condition-coverage="100% (2/2)"/>
						<line number="2383" hits="1"/>
						<line number="2384" hits="1"/>
						<line number="2385" hits="1"/>
						<line number="2387" hits="1"/>
						<line number="2388" hits="1"/>
						<line number="2389" hits="1" branch="true" condition-coverage="100% (2/2)"/>
						<line number="2390" hits="1"/>
						<line number="2391" hits="1"/>
						<line number="2392" hits="1" branch="true" condition-coverage="100% (2/2)"/>
						<line number="2401" hits="1"/>
						<line number="2409" hits="1" branch="true" condition-coverage="100% (2/2)"/>
						<line number="2411" hits="1"/>
						<line number="2412" hits="1"/>
						<line number="2413" hits="1"/>
						<line number="2414" hits="1"/>
						<line number="2419" hits="1"/>
						<line number="2420" hits="1"/>
						<line number="2421" hits="1" branch="true" condition-coverage="100% (2/2)"/>
						<line number="2422" hits="1"/>
						<line number="2424" hits="1"/>
						<line number="2425" hits="0" branch="true" condition-coverage="0% (0/2)" missing-branches="2426,2438"/>
						<line number="2426" hits="0"/>
						<line number="2427" hits="0"/>
						<line number="2429" hits="0"/>
						<line number="2430" hits="0" branch="true" condition-coverage="0% (0/2)" missing-branches="2431,2433"/>
						<line number="2431" hits="0"/>
						<line number="2433" hits="0"/>
						<line number="2434" hits="0"/>
						<line number="2435" hits="0"/>
						<line number="2436" hits="0"/>
						<line number="2438" hits="0"/>
						<line number="2440" hits="0" branch="true" condition-coverage="0% (0/2)" missing-branches="2441,2442"/>
						<line number="2441" hits="0"/>
						<line number="2442" hits="0" branch="true" condition-coverage="0% (0/2)" missing-branches="2443,2444"/>
						<line number="2443" hits="0"/>
						<line number="2444" hits="0" branch="true" condition-coverage="0% (0/2)" missing-branches="2445,2446"/>
						<line number="2445" hits="0"/>
						<line number="2446" hits="0" branch="true" condition-coverage="0% (0/2)" missing-branches="2447,2463"/>
						<line number="2447" hits="0" branch="true" condition-coverage="0% (0/2)" missing-branches="2448,2461"/>
						<line number="2448" hits="0"/>
						<line number="2449" hits="0"/>
						<line number="2451" hits="0"/>
						<line number="2452" hits="0" branch="true" condition-coverage="0% (0/2)" missing-branches="2453,2455"/>
						<line number="2453" hits="0"/>
						<line number="2455" hits="0"/>
						<line number="2456" hits="0"/>
						<line number="2457" hits="0"/>
						<line number="2461" hits="0"/>
						<line number="2463" hits="0"/>
						<line number="2466" hits="0"/>
						<line number="2467" hits="0"/>
						<line number="2468" hits="0"/>
						<line number="2469" hits="0" branch="true" condition-coverage="0% (0/2)" missing-branches="2470,2499"/>
						<line number="2470" hits="0"/>
						<line number="2471" hits="0" branch="true" condition-coverage="0% (0/2)" missing-branches="2472,2479"/>
						<line number="2472" hits="0"/>
						<line number="2473" hits="0"/>
						<line number="2474" hits="0" branch="true" condition-coverage="0% (0/2)" missing-branches="2475,2480"/>
						<line number="2475" hits="0"/>
						<line number="2479" hits="0"/>
						<line number="2480" hits="0"/>
						<line number="2499" hits="0"/>
						<line number="2501" hits="0"/>
						<line number="2502" hits="0"/>
						<line number="2503" hits="0" branch="true" condition-coverage="0% (0/2)" missing-branches="2504,2509"/>
						<line number="2504" hits="0"/>
						<line number="2505" hits="0" branch="true" condition-coverage="0% (0/2)" missing-branches="2506,2507"/>
						<line number="2506" hits="0"/>
						<line number="2507" hits="0"/>
						<line number="2509" hits="0"/>
						<line number="2514" hits="0"/>
						<line number="2515" hits="0"/>
						<line number="2517" hits="0" branch="true" condition-coverage="0% (0/2)" missing-branches="2519,2548"/>
						<line number="2519" hits="0"/>
						<line number="2522" hits="0"/>
						<line number="2527" hits="0"/>
						<line number="2548" hits="0"/>
						<line number="2564" hits="0"/>
						<line number="2572" hits="0" branch="true" condition-coverage="0% (0/2)" missing-branches="exit,2573"/>
						<line number="2573" hits="0"/>
						<line number="2574" hits="0"/>
						<line number="2575" hits="0" branch="true" condition-coverage="0% (0/2)" missing-branches="2572,2576"/>
						<line number="2576" hits="0"/>
						<line number="2577" hits="0"/>
						<line number="2578" hits="0"/>
						<line number="2579" hits="0"/>
						<line number="2580" hits="0"/>
						<line number="2581" hits="0" branch="true" condition-coverage="0% (0/2)" missing-branches="2582,2583"/>
						<line number="2582" hits="0"/>
						<line number="2583" hits="0"/>
						<line number="2584" hits="0" branch="true" condition-coverage="0% (0/2)" missing-branches="2585,2587"/>
						<line number="2585" hits="0" branch="true" condition-coverage="0% (0/2)" missing-branches="2586,2587"/>
						<line number="2586" hits="0"/>
						<line number="2587" hits="0" branch="true" condition-coverage="0% (0/2)" missing-branches="2588,2600"/>
						<line number="2588" hits="0"/>
						<line number="2589" hits="0"/>
						<line number="2590" hits="0"/>
						<line number="2595" hits="0"/>
						<line number="2596" hits="0"/>
						<line number="2597" hits="0"/>
						<line number="2598" hits="0"/>
						<line number="2599" hits="0"/>
						<line number="2600" hits="0" branch="true" condition-coverage="0% (0/2)" missing-branches="2601,2602"/>
						<line number="2601" hits="0"/>
						<line number="2602" hits="0" branch="true" condition-coverage="0% (0/2)" missing-branches="2572,2603"/>
						<line number="2603" hits="0"/>
						<line number="2607" hits="1"/>
						<line number="2608" hits="1" branch="true" condition-coverage="100% (2/2)"/>
						<line number="2609" hits="1"/>
						<line number="2620" hits="1"/>
						<line number="2621" hits="1"/>
						<line number="2622" hits="1"/>
						<line number="2624" hits="0"/>
						<line number="2625" hits="0" branch="true" condition-coverage="0% (0/2)" missing-branches="2626,2628"/>
						<line number="2626" hits="0"/>
						<line number="2628" hits="0"/>
						<line number="2629" hits="1"/>
						<line number="2630" hits="1"/>
						<line number="2631" hits="1" branch="true" condition-coverage="100% (2/2)"/>
						<line number="2632" hits="1"/>
						<line number="2633" hits="1" branch="true" condition-coverage="100% (2/2)"/>
						<line number="2634" hits="1"/>
						<line number="2635" hits="1"/>
						<line number="2637" hits="0"/>
						<line number="2638" hits="0" branch="true" condition-coverage="0% (0/2)" missing-branches="2639,2641"/>
						<line number="2639" hits="0"/>
						<line number="2641" hits="0"/>
						<line number="2642" hits="1"/>
						<line number="2643" hits="1"/>
						<line number="2644" hits="1" branch="true" condition-coverage="100% (2/2)"/>
						<line number="2645" hits="1"/>
						<line number="2646" hits="1" branch="true" condition-coverage="50% (1/2)" missing-branches="2648"/>
						<line number="2647" hits="1"/>
						<line number="2648" hits="0" branch="true" condition-coverage="0% (0/2)" missing-branches="2649,2651"/>
						<line number="2649" hits="0"/>
						<line number="2651" hits="0"/>
						<line number="2655" hits="1"/>
						<line number="2656" hits="1"/>
						<line number="2657" hits="1"/>
						<line number="2658" hits="1" branch="true" condition-coverage="100% (2/2)"/>
						<line number="2659" hits="1" branch="true" condition-coverage="100% (2/2)"/>
						<line number="2660" hits="1"/>
						<line number="2662" hits="1"/>
						<line number="2663" hits="1" branch="true" condition-coverage="100% (2/2)"/>
						<line number="2664" hits="1"/>
						<line number="2665" hits="1"/>
						<line number="2666" hits="1"/>
						<line number="2667" hits="1"/>
						<line number="2668" hits="1"/>
						<line number="2669" hits="1"/>
						<line number="2677" hits="1" branch="true" condition-coverage="100% (2/2)"/>
						<line number="2678" hits="1"/>
						<line number="2683" hits="1"/>
						<line number="2684" hits="1" branch="true" condition-coverage="100% (2/2)"/>
						<line number="2685" hits="1"/>
						<line number="2686" hits="1"/>
						<line number="2691" hits="1"/>
						<line number="2693" hits="1"/>
						<line number="2694" hits="1"/>
						<line number="2695" hits="1" branch="true" condition-coverage="100% (2/2)"/>
						<line number="2696" hits="1"/>
						<line number="2697" hits="1"/>
						<line number="2698" hits="1"/>
						<line number="2699" hits="1"/>
						<line number="2700" hits="1" branch="true" condition-coverage="100% (2/2)"/>
						<line number="2701" hits="1" branch="true" condition-coverage="100% (2/2)"/>
						<line number="2702" hits="1"/>
						<line number="2708" hits="1"/>
						<line number="2709" hits="1"/>
						<line number="2711" hits="1"/>
						<line number="2713" hits="1"/>
						<line number="2714" hits="1"/>
						<line number="2717" hits="1" branch="true" condition-coverage="100% (2/2)"/>
						<line number="2718" hits="1"/>
						<line number="2738" hits="1"/>
						<line number="2739" hits="1"/>
						<line number="2740" hits="1"/>
						<line number="2741" hits="1" branch="true" condition-coverage="50% (1/2)" missing-branches="2742"/>
						<line number="2742" hits="0"/>
						<line number="2743" hits="0" branch="true" condition-coverage="0% (0/2)" missing-branches="2744,2745"/>
						<line number="2744" hits="0"/>
						<line number="2745" hits="0"/>
						<line number="2746" hits="1"/>
						<line number="2748" hits="1"/>
						<line number="2754" hits="1"/>
						<line number="2757" hits="1"/>
						<line number="2758" hits="1" branch="true" condition-coverage="100% (2/2)"/>
						<line number="2759" hits="1"/>
						<line number="2764" hits="1"/>
						<line number="2765" hits="1"/>
						<line number="2777" hits="1"/>
						<line number="2778" hits="1"/>
						<line number="2779" hits="1"/>
						<line number="2784" hits="1" branch="true" condition-coverage="100% (2/2)"/>
						<line number="2785" hits="1"/>
						<line number="2786" hits="1"/>
						<line number="2787" hits="1" branch="true" condition-coverage="100% (2/2)"/>
						<line number="2789" hits="1"/>
						<line number="2790" hits="1"/>
						<line number="2791" hits="1" branch="true" condition-coverage="100% (2/2)"/>
						<line number="2792" hits="1"/>
						<line number="2793" hits="1"/>
						<line number="2794" hits="1"/>
						<line number="2795" hits="1"/>
						<line number="2796" hits="1" branch="true" condition-coverage="50% (1/2)" missing-branches="2800"/>
						<line number="2797" hits="1"/>
						<line number="2798" hits="1"/>
						<line number="2799" hits="1"/>
						<line number="2800" hits="1"/>
						<line number="2804" hits="1"/>
						<line number="2805" hits="1" branch="true" condition-coverage="50% (1/2)" missing-branches="2808"/>
						<line number="2806" hits="1"/>
						<line number="2808" hits="1" branch="true" condition-coverage="100% (2/2)"/>
						<line number="2809" hits="1"/>
						<line number="2810" hits="1"/>
						<line number="2811" hits="1"/>
						<line number="2812" hits="1" branch="true" condition-coverage="100% (2/2)"/>
						<line number="2813" hits="1"/>
						<line number="2816" hits="1"/>
						<line number="2817" hits="1"/>
						<line number="2818" hits="1"/>
						<line number="2823" hits="1"/>
						<line number="2828" hits="1" branch="true" condition-coverage="100% (2/2)"/>
						<line number="2829" hits="1"/>
						<line number="2830" hits="1"/>
						<line number="2831" hits="1"/>
						<line number="2832" hits="1" branch="true" condition-coverage="100% (2/2)"/>
						<line number="2833" hits="1"/>
						<line number="2834" hits="1"/>
						<line number="2835" hits="1"/>
						<line number="2836" hits="1"/>
						<line number="2837" hits="1"/>
						<line number="2838" hits="1" branch="true" condition-coverage="100% (2/2)"/>
						<line number="2843" hits="1"/>
						<line number="2844" hits="1" branch="true" condition-coverage="100% (2/2)"/>
						<line number="2845" hits="1"/>
						<line number="2846" hits="1" branch="true" condition-coverage="100% (2/2)"/>
						<line number="2847" hits="1"/>
						<line number="2851" hits="1"/>
						<line number="2860" hits="1" branch="true" condition-coverage="100% (2/2)"/>
						<line number="2868" hits="1"/>
						<line number="2874" hits="1" branch="true" condition-coverage="50% (1/2)" missing-branches="2875"/>
						<line number="2875" hits="0"/>
						<line number="2876" hits="0"/>
						<line number="2877" hits="1"/>
						<line number="2879" hits="1"/>
						<line number="2880" hits="1" branch="true" condition-coverage="100% (2/2)"/>
						<line number="2881" hits="1"/>
						<line number="2882" hits="1"/>
						<line number="2883" hits="1"/>
						<line number="2884" hits="1" branch="true" condition-coverage="100% (2/2)"/>
						<line number="2896" hits="1"/>
						<line number="2897" hits="1"/>
						<line number="2902" hits="1"/>
						<line number="2903" hits="1"/>
						<line number="2904" hits="1"/>
						<line number="2905" hits="1"/>
						<line number="2906" hits="1" branch="true" condition-coverage="100% (2/2)"/>
						<line number="2907" hits="1"/>
						<line number="2908" hits="1" branch="true" condition-coverage="100% (2/2)"/>
						<line number="2909" hits="1"/>
						<line number="2910" hits="1"/>
						<line number="2911" hits="1" branch="true" condition-coverage="100% (2/2)"/>
						<line number="2912" hits="1"/>
						<line number="2914" hits="1"/>
						<line number="2916" hits="1"/>
						<line number="2917" hits="1"/>
						<line number="2918" hits="1"/>
						<line number="2919" hits="1"/>
						<line number="2920" hits="1"/>
						<line number="2921" hits="1"/>
						<line number="2922" hits="1"/>
						<line number="2923" hits="1"/>
						<line number="2924" hits="1"/>
						<line number="2925" hits="1"/>
						<line number="2926" hits="1"/>
						<line number="2927" hits="1"/>
						<line number="2928" hits="1"/>
						<line number="2929" hits="1"/>
						<line number="2930" hits="1"/>
						<line number="2931" hits="1"/>
						<line number="2932" hits="1"/>
						<line number="2933" hits="1" branch="true" condition-coverage="100% (2/2)"/>
						<line number="2935" hits="1"/>
						<line number="2936" hits="1"/>
						<line number="2937" hits="1"/>
						<line number="2938" hits="1"/>
						<line number="2939" hits="1"/>
						<line number="2940" hits="1"/>
						<line number="2941" hits="1"/>
						<line number="2942" hits="1"/>
						<line number="2943" hits="1"/>
						<line number="2944" hits="1"/>
						<line number="2945" hits="1"/>
						<line number="2946" hits="1"/>
						<line number="2947" hits="1"/>
						<line number="2948" hits="1"/>
						<line number="2949" hits="1"/>
						<line number="2950" hits="1" branch="true" condition-coverage="100% (2/2)"/>
						<line number="2951" hits="1"/>
						<line number="2956" hits="1" branch="true" condition-coverage="50% (1/2)" missing-branches="2959"/>
						<line number="2957" hits="1"/>
						<line number="2959" hits="0"/>
						<line number="2961" hits="1" branch="true" condition-coverage="100% (2/2)"/>
						<line number="2962" hits="1"/>
						<line number="2963" hits="1"/>
						<line number="2964" hits="1" branch="true" condition-coverage="100% (2/2)"/>
						<line number="2965" hits="1" branch="true" condition-coverage="100% (2/2)"/>
						<line number="2966" hits="1"/>
						<line number="2967" hits="1" branch="true" condition-coverage="50% (1/2)" missing-branches="2968"/>
						<line number="2968" hits="0" branch="true" condition-coverage="0% (0/2)" missing-branches="2970,2971"/>
						<line number="2970" hits="0"/>
						<line number="2971" hits="1"/>
						<line number="2972" hits="1"/>
						<line number="2973" hits="1" branch="true" condition-coverage="100% (2/2)"/>
						<line number="2974" hits="1"/>
						<line number="2975" hits="1"/>
						<line number="2976" hits="1" branch="true" condition-coverage="100% (2/2)"/>
						<line number="2981" hits="1"/>
						<line number="2982" hits="1"/>
						<line number="2983" hits="1"/>
						<line number="2994" hits="1"/>
						<line number="3006" hits="1"/>
						<line number="3007" hits="1" branch="true" condition-coverage="100% (2/2)"/>
						<line number="3008" hits="1" branch="true" condition-coverage="50% (1/2)" missing-branches="3011"/>
						<line number="3009" hits="1"/>
						<line number="3011" hits="0"/>
						<line number="3012" hits="1" branch="true" condition-coverage="50% (1/2)" missing-branches="3013"/>
						<line number="3013" hits="0"/>
						<line number="3015" hits="0"/>
						<line number="3016" hits="1" branch="true" condition-coverage="50% (1/2)" missing-branches="3017"/>
						<line number="3017" hits="0"/>
						<line number="3019" hits="0"/>
						<line number="3021" hits="1"/>
						<line number="3022" hits="1"/>
						<line number="3028" hits="1" branch="true" condition-coverage="100% (2/2)"/>
						<line number="3029" hits="1"/>
						<line number="3030" hits="1"/>
						<line number="3031" hits="1"/>
						<line number="3033" hits="1"/>
						<line number="3034" hits="1"/>
						<line number="3035" hits="1"/>
						<line number="3041" hits="1"/>
						<line number="3044" hits="1" branch="true" condition-coverage="100% (2/2)"/>
						<line number="3045" hits="1"/>
						<line number="3046" hits="1"/>
						<line number="3048" hits="1"/>
						<line number="3049" hits="1"/>
						<line number="3050" hits="1"/>
						<line number="3055" hits="1"/>
						<line number="3056" hits="1"/>
						<line number="3057" hits="1"/>
						<line number="3058" hits="1"/>
						<line number="3059" hits="1" branch="true" condition-coverage="50% (1/2)" missing-branches="3078"/>
						<line number="3060" hits="1"/>
						<line number="3063" hits="1"/>
						<line number="3069" hits="1"/>
						<line number="3074" hits="1"/>
						<line number="3075" hits="1"/>
						<line number="3076" hits="1"/>
						<line number="3078" hits="0"/>
						<line number="3079" hits="0"/>
						<line number="3080" hits="0"/>
						<line number="3084" hits="1" branch="true" condition-coverage="100% (2/2)"/>
						<line number="3086" hits="1" branch="true" condition-coverage="100% (2/2)"/>
						<line number="3087" hits="1"/>
						<line number="3088" hits="1" branch="true" condition-coverage="50% (1/2)" missing-branches="3143"/>
						<line number="3099" hits="1"/>
						<line number="3100" hits="1"/>
						<line number="3109" hits="1"/>
						<line number="3110" hits="1"/>
						<line number="3111" hits="1" branch="true" condition-coverage="50% (1/2)" missing-branches="3144"/>
						<line number="3112" hits="1"/>
						<line number="3113" hits="1" branch="true" condition-coverage="100% (2/2)"/>
						<line number="3114" hits="1"/>
						<line number="3115" hits="1"/>
						<line number="3116" hits="1" branch="true" condition-coverage="100% (2/2)"/>
						<line number="3118" hits="1" branch="true" condition-coverage="50% (1/2)" missing-branches="3144"/>
						<line number="3125" hits="1" branch="true" condition-coverage="50% (1/2)" missing-branches="3126"/>
						<line number="3126" hits="0"/>
						<line number="3127" hits="1" branch="true" condition-coverage="50% (1/2)" missing-branches="3128"/>
						<line number="3128" hits="0"/>
						<line number="3135" hits="1"/>
						<line number="3143" hits="0"/>
						<line number="3144" hits="1"/>
						<line number="3146" hits="1"/>
						<line number="3147" hits="1" branch="true" condition-coverage="100% (2/2)"/>
						<line number="3148" hits="1"/>
						<line number="3149" hits="1"/>
						<line number="3150" hits="1" branch="true" condition-coverage="100% (2/2)"/>
						<line number="3151" hits="1"/>
						<line number="3152" hits="1"/>
						<line number="3153" hits="1"/>
						<line number="3154" hits="1"/>
						<line number="3155" hits="0"/>
						<line number="3156" hits="0"/>
						<line number="3157" hits="1" branch="true" condition-coverage="50% (1/2)" missing-branches="3158"/>
						<line number="3158" hits="0"/>
						<line number="3159" hits="0"/>
						<line number="3160" hits="0"/>
						<line number="3161" hits="0"/>
						<line number="3162" hits="0"/>
						<line number="3163" hits="0"/>
						<line number="3164" hits="1"/>
						<line number="3165" hits="1"/>
						<line number="3167" hits="1"/>
						<line number="3169" hits="1"/>
						<line number="3170" hits="1" branch="true" condition-coverage="100% (2/2)"/>
						<line number="3175" hits="1" branch="true" condition-coverage="50% (1/2)" missing-branches="3176"/>
						<line number="3176" hits="0"/>
						<line number="3177" hits="1"/>
						<line number="3179" hits="1"/>
						<line number="3180" hits="1" branch="true" condition-coverage="100% (2/2)"/>
						<line number="3181" hits="1"/>
						<line number="3182" hits="1" branch="true" condition-coverage="100% (2/2)"/>
						<line number="3183" hits="1"/>
						<line number="3184" hits="1"/>
						<line number="3185" hits="1"/>
						<line number="3186" hits="1"/>
						<line number="3187" hits="1"/>
						<line number="3188" hits="1" branch="true" condition-coverage="100% (2/2)"/>
						<line number="3189" hits="1" branch="true" condition-coverage="100% (2/2)"/>
						<line number="3192" hits="1"/>
						<line number="3193" hits="1" branch="true" condition-coverage="100% (2/2)"/>
						<line number="3199" hits="1"/>
						<line number="3200" hits="1"/>
						<line number="3201" hits="1"/>
						<line number="3202" hits="1" branch="true" condition-coverage="100% (2/2)"/>
						<line number="3203" hits="1"/>
						<line number="3211" hits="1"/>
						<line number="3212" hits="1" branch="true" condition-coverage="100% (2/2)"/>
						<line number="3213" hits="1"/>
						<line number="3214" hits="1"/>
						<line number="3215" hits="1"/>
						<line number="3216" hits="1" branch="true" condition-coverage="50% (1/2)" missing-branches="3218"/>
						<line number="3217" hits="1"/>
						<line number="3218" hits="1"/>
						<line number="3219" hits="1"/>
						<line number="3221" hits="1"/>
						<line number="3222" hits="1"/>
						<line number="3223" hits="1"/>
						<line number="3224" hits="1" branch="true" condition-coverage="100% (2/2)"/>
						<line number="3225" hits="1"/>
						<line number="3226" hits="1"/>
						<line number="3227" hits="1" branch="true" condition-coverage="100% (2/2)"/>
						<line number="3228" hits="1"/>
						<line number="3229" hits="1" branch="true" condition-coverage="100% (2/2)"/>
						<line number="3230" hits="1"/>
						<line number="3231" hits="1"/>
						<line number="3232" hits="1"/>
						<line number="3233" hits="1"/>
						<line number="3234" hits="1" branch="true" condition-coverage="50% (1/2)" missing-branches="exit"/>
						<line number="3235" hits="1" branch="true" condition-coverage="100% (2/2)"/>
						<line number="3236" hits="1"/>
						<line number="3237" hits="1" branch="true" condition-coverage="100% (2/2)"/>
						<line number="3238" hits="1"/>
						<line number="3240" hits="1"/>
						<line number="3241" hits="1"/>
						<line number="3242" hits="0"/>
					</lines>
				</class>
				<class name="data.py" filename="automl/data.py" complexity="0" line-rate="0.5637" branch-rate="0.4647">
					<methods/>
					<lines>
						<line number="5" hits="1"/>
						<line number="6" hits="1"/>
						<line number="7" hits="1"/>
						<line number="8" hits="1"/>
						<line number="9" hits="1"/>
						<line number="10" hits="1"/>
						<line number="11" hits="1"/>
						<line number="12" hits="1"/>
						<line number="14" hits="1"/>
						<line number="16" hits="1"/>
						<line number="17" hits="1"/>
						<line number="19" hits="1"/>
						<line number="20" hits="1"/>
						<line number="21" hits="0"/>
						<line number="22" hits="0"/>
						<line number="28" hits="1"/>
						<line number="29" hits="1"/>
						<line number="32" hits="1"/>
						<line number="52" hits="1"/>
						<line number="54" hits="1"/>
						<line number="55" hits="1"/>
						<line number="56" hits="0"/>
						<line number="57" hits="0"/>
						<line number="58" hits="1"/>
						<line number="60" hits="1"/>
						<line number="61" hits="1"/>
						<line number="62" hits="1" branch="true" condition-coverage="100% (2/2)"/>
						<line number="63" hits="1"/>
						<line number="64" hits="1"/>
						<line number="65" hits="1"/>
						<line number="67" hits="1"/>
						<line number="68" hits="1"/>
						<line number="69" hits="1" branch="true" condition-coverage="50% (1/2)" missing-branches="70"/>
						<line number="70" hits="0"/>
						<line number="71" hits="1"/>
						<line number="72" hits="1"/>
						<line number="73" hits="1"/>
						<line number="74" hits="1"/>
						<line number="75" hits="1"/>
						<line number="76" hits="0"/>
						<line number="77" hits="0"/>
						<line number="79" hits="0"/>
						<line number="80" hits="1"/>
						<line number="81" hits="1"/>
						<line number="89" hits="1"/>
						<line number="92" hits="1"/>
						<line number="108" hits="1"/>
						<line number="110" hits="1"/>
						<line number="112" hits="1"/>
						<line number="113" hits="1"/>
						<line number="114" hits="1"/>
						<line number="115" hits="1" branch="true" condition-coverage="50% (1/2)" missing-branches="116"/>
						<line number="116" hits="0"/>
						<line number="117" hits="0"/>
						<line number="118" hits="0"/>
						<line number="120" hits="1"/>
						<line number="121" hits="1"/>
						<line number="122" hits="1"/>
						<line number="123" hits="1"/>
						<line number="124" hits="1"/>
						<line number="125" hits="1"/>
						<line number="130" hits="1"/>
						<line number="131" hits="1"/>
						<line number="132" hits="1"/>
						<line number="133" hits="1"/>
						<line number="134" hits="1"/>
						<line number="142" hits="1"/>
						<line number="145" hits="1"/>
						<line number="160" hits="1"/>
						<line number="161" hits="1"/>
						<line number="162" hits="1"/>
						<line number="164" hits="1"/>
						<line number="165" hits="1"/>
						<line number="166" hits="1"/>
						<line number="167" hits="1"/>
						<line number="168" hits="1"/>
						<line number="169" hits="1"/>
						<line number="170" hits="1"/>
						<line number="171" hits="1" branch="true" condition-coverage="100% (2/2)"/>
						<line number="172" hits="1"/>
						<line number="173" hits="1"/>
						<line number="174" hits="1"/>
						<line number="175" hits="1"/>
						<line number="176" hits="1"/>
						<line number="177" hits="1"/>
						<line number="179" hits="1" branch="true" condition-coverage="100% (2/2)"/>
						<line number="180" hits="1" branch="true" condition-coverage="100% (2/2)"/>
						<line number="181" hits="1"/>
						<line number="182" hits="1"/>
						<line number="183" hits="1"/>
						<line number="184" hits="1"/>
						<line number="185" hits="1"/>
						<line number="186" hits="1"/>
						<line number="187" hits="1"/>
						<line number="188" hits="1"/>
						<line number="189" hits="1"/>
						<line number="199" hits="1"/>
						<line number="208" hits="1"/>
						<line number="210" hits="1" branch="true" condition-coverage="50% (1/2)" missing-branches="211"/>
						<line number="211" hits="0" branch="true" condition-coverage="0% (0/2)" missing-branches="212,213"/>
						<line number="212" hits="0"/>
						<line number="213" hits="0" branch="true" condition-coverage="0% (0/2)" missing-branches="214,216"/>
						<line number="214" hits="0"/>
						<line number="216" hits="0"/>
						<line number="217" hits="0"/>
						<line number="219" hits="1" branch="true" condition-coverage="100% (2/2)"/>
						<line number="220" hits="1"/>
						<line number="221" hits="1"/>
						<line number="222" hits="1" branch="true" condition-coverage="50% (1/2)" missing-branches="226"/>
						<line number="223" hits="1"/>
						<line number="224" hits="1" branch="true" condition-coverage="100% (2/2)"/>
						<line number="225" hits="1"/>
						<line number="226" hits="1"/>
						<line number="227" hits="1" branch="true" condition-coverage="50% (1/2)" missing-branches="228"/>
						<line number="228" hits="0"/>
						<line number="229" hits="0" branch="true" condition-coverage="0% (0/2)" missing-branches="230,233"/>
						<line number="230" hits="0"/>
						<line number="231" hits="0" branch="true" condition-coverage="0% (0/2)" missing-branches="232,233"/>
						<line number="232" hits="0"/>
						<line number="233" hits="0"/>
						<line number="234" hits="1" branch="true" condition-coverage="100% (2/2)"/>
						<line number="235" hits="1"/>
						<line number="237" hits="1"/>
						<line number="240" hits="1"/>
						<line number="241" hits="0"/>
						<line number="243" hits="0"/>
						<line number="244" hits="0" branch="true" condition-coverage="0% (0/2)" missing-branches="245,246"/>
						<line number="245" hits="0"/>
						<line number="246" hits="0" branch="true" condition-coverage="0% (0/2)" missing-branches="247,253"/>
						<line number="247" hits="0"/>
						<line number="253" hits="0"/>
						<line number="254" hits="0"/>
						<line number="255" hits="0"/>
						<line number="256" hits="0"/>
						<line number="257" hits="0"/>
						<line number="260" hits="1"/>
						<line number="263" hits="1"/>
						<line number="275" hits="1" branch="true" condition-coverage="100% (2/2)"/>
						<line number="276" hits="1"/>
						<line number="278" hits="1"/>
						<line number="280" hits="1" branch="true" condition-coverage="100% (2/2)"/>
						<line number="283" hits="1"/>
						<line number="284" hits="1" branch="true" condition-coverage="100% (2/2)"/>
						<line number="285" hits="1" branch="true" condition-coverage="50% (1/2)" missing-branches="284"/>
						<line number="286" hits="1"/>
						<line number="287" hits="1" branch="true" condition-coverage="50% (1/2)" missing-branches="289"/>
						<line number="288" hits="1"/>
						<line number="289" hits="1"/>
						<line number="290" hits="1" branch="true" condition-coverage="100% (2/2)"/>
						<line number="291" hits="1"/>
						<line number="292" hits="1"/>
						<line number="293" hits="1"/>
						<line number="294" hits="1"/>
						<line number="295" hits="1" branch="true" condition-coverage="50% (1/2)" missing-branches="296"/>
						<line number="296" hits="0"/>
						<line number="297" hits="0" branch="true" condition-coverage="0% (0/2)" missing-branches="298,300"/>
						<line number="298" hits="0" branch="true" condition-coverage="0% (0/2)" missing-branches="299,300"/>
						<line number="299" hits="0"/>
						<line number="300" hits="0"/>
						<line number="301" hits="0" branch="true" condition-coverage="0% (0/2)" missing-branches="302,303"/>
						<line number="302" hits="0"/>
						<line number="303" hits="1" branch="true" condition-coverage="100% (2/2)"/>
						<line number="305" hits="1" branch="true" condition-coverage="100% (2/2)"/>
						<line number="306" hits="1" branch="true" condition-coverage="50% (1/2)" missing-branches="307"/>
						<line number="307" hits="0"/>
						<line number="308" hits="0"/>
						<line number="309" hits="1" branch="true" condition-coverage="100% (2/2)"/>
						<line number="310" hits="1"/>
						<line number="311" hits="1" branch="true" condition-coverage="50% (1/2)" missing-branches="313"/>
						<line number="312" hits="1"/>
						<line number="313" hits="1"/>
						<line number="315" hits="1"/>
						<line number="316" hits="1"/>
						<line number="317" hits="1" branch="true" condition-coverage="100% (2/2)"/>
						<line number="318" hits="1"/>
						<line number="319" hits="1"/>
						<line number="321" hits="1" branch="true" condition-coverage="100% (2/2)"/>
						<line number="322" hits="1"/>
						<line number="323" hits="1"/>
						<line number="334" hits="1" branch="true" condition-coverage="100% (2/2)"/>
						<line number="335" hits="1" branch="true" condition-coverage="100% (2/2)"/>
						<line number="336" hits="1"/>
						<line number="337" hits="1"/>
						<line number="338" hits="1"/>
						<line number="339" hits="1"/>
						<line number="340" hits="1"/>
						<line number="341" hits="1"/>
						<line number="342" hits="1"/>
						<line number="343" hits="1"/>
						<line number="344" hits="1" branch="true" condition-coverage="50% (1/2)" missing-branches="345"/>
						<line number="345" hits="0"/>
						<line number="346" hits="1" branch="true" condition-coverage="100% (2/2)"/>
						<line number="347" hits="1"/>
						<line number="348" hits="1" branch="true" condition-coverage="50% (1/2)" missing-branches="370"/>
						<line number="349" hits="1"/>
						<line number="350" hits="1" branch="true" condition-coverage="100% (2/2)"/>
						<line number="353" hits="1"/>
						<line number="354" hits="1"/>
						<line number="356" hits="1"/>
						<line number="357" hits="1"/>
						<line number="358" hits="1"/>
						<line number="360" hits="1"/>
						<line number="369" hits="1"/>
						<line number="370" hits="1"/>
						<line number="375" hits="1"/>
						<line number="376" hits="1" branch="true" condition-coverage="100% (2/2)"/>
						<line number="377" hits="1" branch="true" condition-coverage="50% (1/2)" missing-branches="382"/>
						<line number="378" hits="1"/>
						<line number="380" hits="1"/>
						<line number="382" hits="0"/>
						<line number="384" hits="0"/>
						<line number="385" hits="1"/>
						<line number="387" hits="1"/>
						<line number="388" hits="1"/>
						<line number="389" hits="1"/>
						<line number="391" hits="1"/>
						<line number="400" hits="1"/>
						<line number="402" hits="1" branch="true" condition-coverage="100% (2/2)"/>
						<line number="405" hits="1" branch="true" condition-coverage="50% (1/2)" missing-branches="451"/>
						<line number="406" hits="1"/>
						<line number="407" hits="1" branch="true" condition-coverage="100% (2/2)"/>
						<line number="408" hits="1"/>
						<line number="413" hits="1" branch="true" condition-coverage="50% (1/2)" missing-branches="414"/>
						<line number="414" hits="0"/>
						<line number="415" hits="0"/>
						<line number="416" hits="1" branch="true" condition-coverage="100% (2/2)"/>
						<line number="417" hits="1"/>
						<line number="418" hits="1"/>
						<line number="429" hits="1" branch="true" condition-coverage="100% (2/2)"/>
						<line number="430" hits="1" branch="true" condition-coverage="100% (2/2)"/>
						<line number="431" hits="1"/>
						<line number="432" hits="1"/>
						<line number="433" hits="1"/>
						<line number="434" hits="1"/>
						<line number="435" hits="1" branch="true" condition-coverage="50% (1/2)" missing-branches="436"/>
						<line number="436" hits="0"/>
						<line number="437" hits="1" branch="true" condition-coverage="100% (2/2)"/>
						<line number="438" hits="1" branch="true" condition-coverage="100% (2/2)"/>
						<line number="439" hits="1"/>
[...]
						<line number="873" hits="1"/>
						<line number="880" hits="1"/>
						<line number="881" hits="1"/>
						<line number="883" hits="1"/>
						<line number="884" hits="1"/>
						<line number="885" hits="1"/>
						<line number="886" hits="1" branch="true" condition-coverage="50% (1/2)" missing-branches="896"/>
						<line number="887" hits="1"/>
						<line number="896" hits="0"/>
						<line number="903" hits="1"/>
						<line number="904" hits="1"/>
						<line number="905" hits="1"/>
						<line number="907" hits="1" branch="true" condition-coverage="100% (2/2)"/>
						<line number="908" hits="1"/>
						<line number="910" hits="1" branch="true" condition-coverage="100% (2/2)"/>
						<line number="911" hits="1"/>
						<line number="914" hits="1"/>
						<line number="915" hits="1"/>
						<line number="917" hits="1"/>
						<line number="918" hits="1"/>
						<line number="922" hits="1"/>
						<line number="924" hits="1" branch="true" condition-coverage="100% (2/2)"/>
						<line number="925" hits="1"/>
						<line number="926" hits="1"/>
						<line number="927" hits="1" branch="true" condition-coverage="100% (2/2)"/>
						<line number="928" hits="1"/>
						<line number="934" hits="1" branch="true" condition-coverage="100% (2/2)"/>
						<line number="935" hits="1" branch="true" condition-coverage="100% (2/2)"/>
						<line number="936" hits="1" branch="true" condition-coverage="100% (2/2)"/>
						<line number="937" hits="1"/>
						<line number="941" hits="1"/>
						<line number="943" hits="1" branch="true" condition-coverage="50% (1/2)" missing-branches="965"/>
						<line number="944" hits="1" branch="true" condition-coverage="100% (2/2)"/>
						<line number="945" hits="1"/>
						<line number="946" hits="1"/>
						<line number="948" hits="1" branch="true" condition-coverage="100% (2/2)"/>
						<line number="949" hits="1" branch="true" condition-coverage="100% (2/2)"/>
						<line number="952" hits="1"/>
						<line number="953" hits="1" branch="true" condition-coverage="50% (1/2)" missing-branches="965"/>
						<line number="956" hits="1"/>
						<line number="961" hits="1" branch="true" condition-coverage="50% (1/2)" missing-branches="965"/>
						<line number="962" hits="1" branch="true" condition-coverage="50% (1/2)" missing-branches="965"/>
						<line number="963" hits="1"/>
						<line number="965" hits="0"/>
						<line number="971" hits="1"/>
						<line number="973" hits="1"/>
					</lines>
				</class>
				<class name="variant_generator.py" filename="tune/searcher/variant_generator.py" complexity="0" line-rate="0.8598" branch-rate="0.7619">
					<methods/>
					<lines>
						<line number="18" hits="1"/>
						<line number="19" hits="1"/>
						<line number="20" hits="1"/>
						<line number="21" hits="1"/>
						<line number="23" hits="1"/>
						<line number="25" hits="1"/>
						<line number="27" hits="1"/>
						<line number="28" hits="1"/>
						<line number="30" hits="0" branch="true" condition-coverage="0% (0/2)" missing-branches="31,33"/>
						<line number="31" hits="0"/>
						<line number="33" hits="0"/>
						<line number="34" hits="1"/>
						<line number="35" hits="1"/>
						<line number="37" hits="1"/>
						<line number="40" hits="1"/>
						<line number="43" hits="1"/>
						<line number="46" hits="1"/>
						<line number="72" hits="1" branch="true" condition-coverage="100% (2/2)"/>
						<line number="77" hits="1"/>
						<line number="78" hits="1"/>
						<line number="81" hits="1"/>
						<line number="87" hits="1"/>
						<line number="90" hits="1"/>
						<line number="95" hits="1"/>
						<line number="98" hits="1"/>
						<line number="101" hits="1"/>
						<line number="102" hits="1"/>
						<line number="104" hits="1" branch="true" condition-coverage="100% (2/2)"/>
						<line number="105" hits="1"/>
						<line number="107" hits="1"/>
						<line number="108" hits="1"/>
						<line number="109" hits="1" branch="true" condition-coverage="100% (2/2)"/>
						<line number="110" hits="1" branch="true" condition-coverage="100% (2/2)"/>
						<line number="111" hits="1"/>
						<line number="113" hits="1"/>
						<line number="114" hits="1"/>
						<line number="116" hits="1"/>
						<line number="119" hits="1"/>
						<line number="122" hits="1"/>
						<line number="123" hits="1"/>
						<line number="125" hits="1" branch="true" condition-coverage="100% (2/2)"/>
						<line number="126" hits="1"/>
						<line number="127" hits="1"/>
						<line number="130" hits="1"/>
						<line number="132" hits="1"/>
						<line number="133" hits="1" branch="true" condition-coverage="100% (2/2)"/>
						<line number="137" hits="1"/>
						<line number="140" hits="1" branch="true" condition-coverage="50% (1/2)" missing-branches="143"/>
						<line number="143" hits="0"/>
						<line number="144" hits="1"/>
						<line number="145" hits="1" branch="true" condition-coverage="100% (2/2)"/>
						<line number="146" hits="1" branch="true" condition-coverage="100% (2/2)"/>
						<line number="148" hits="1"/>
						<line number="150" hits="1" branch="true" condition-coverage="100% (2/2)"/>
						<line number="155" hits="1" branch="true" condition-coverage="100% (2/2)"/>
						<line number="156" hits="1"/>
						<line number="157" hits="1" branch="true" condition-coverage="100% (2/2)"/>
						<line number="158" hits="1" branch="true" condition-coverage="100% (2/2)"/>
						<line number="159" hits="1"/>
						<line number="164" hits="1"/>
						<line number="165" hits="1"/>
						<line number="168" hits="1"/>
						<line number="169" hits="1" branch="true" condition-coverage="100% (2/2)"/>
						<line number="170" hits="1"/>
						<line number="171" hits="1"/>
						<line number="174" hits="1"/>
						<line number="175" hits="1" branch="true" condition-coverage="100% (2/2)"/>
						<line number="176" hits="1"/>
						<line number="177" hits="1"/>
						<line number="180" hits="1"/>
						<line number="186" hits="1"/>
						<line number="187" hits="1"/>
						<line number="188" hits="1"/>
						<line number="189" hits="1" branch="true" condition-coverage="100% (2/2)"/>
						<line number="190" hits="1"/>
						<line number="191" hits="1"/>
						<line number="192" hits="1" branch="true" condition-coverage="100% (2/2)"/>
						<line number="193" hits="1" branch="true" condition-coverage="50% (1/2)" missing-branches="194"/>
						<line number="194" hits="0"/>
						<line number="195" hits="1"/>
						<line number="196" hits="1"/>
						<line number="197" hits="0"/>
						<line number="198" hits="0"/>
						<line number="204" hits="1"/>
						<line number="205" hits="1"/>
						<line number="206" hits="1" branch="true" condition-coverage="50% (1/2)" missing-branches="207"/>
						<line number="207" hits="0" branch="true" condition-coverage="0% (0/2)" missing-branches="208,210"/>
						<line number="208" hits="0"/>
						<line number="210" hits="0"/>
						<line number="211" hits="1"/>
						<line number="214" hits="1"/>
						<line number="215" hits="1"/>
						<line number="217" hits="1"/>
						<line number="218" hits="1"/>
						<line number="219" hits="1" branch="true" condition-coverage="100% (2/2)"/>
						<line number="220" hits="1"/>
						<line number="221" hits="1" branch="true" condition-coverage="100% (2/2)"/>
						<line number="222" hits="1"/>
						<line number="224" hits="1"/>
						<line number="225" hits="1"/>
						<line number="227" hits="1" branch="true" condition-coverage="100% (2/2)"/>
						<line number="228" hits="1"/>
						<line number="229" hits="1"/>
						<line number="231" hits="1" branch="true" condition-coverage="50% (1/2)" missing-branches="exit"/>
						<line number="232" hits="1"/>
						<line number="233" hits="1" branch="true" condition-coverage="100% (2/2)"/>
						<line number="234" hits="1"/>
						<line number="235" hits="1"/>
						<line number="236" hits="1" branch="true" condition-coverage="50% (1/2)" missing-branches="231"/>
						<line number="237" hits="1"/>
						<line number="238" hits="1" branch="true" condition-coverage="100% (2/2)"/>
						<line number="239" hits="1"/>
						<line number="242" hits="1"/>
						<line number="243" hits="1"/>
						<line number="244" hits="1"/>
						<line number="247" hits="1"/>
						<line number="248" hits="1" branch="true" condition-coverage="100% (2/2)"/>
						<line number="250" hits="1"/>
						<line number="251" hits="1" branch="true" condition-coverage="100% (2/2)"/>
						<line number="253" hits="1"/>
						<line number="254" hits="1" branch="true" condition-coverage="100% (2/2)"/>
						<line number="255" hits="1"/>
						<line number="256" hits="1"/>
						<line number="257" hits="1"/>
						<line number="260" hits="1"/>
						<line number="263" hits="1"/>
						<line number="264" hits="1"/>
						<line number="265" hits="1" branch="true" condition-coverage="100% (2/2)"/>
						<line number="266" hits="1"/>
						<line number="267" hits="1" branch="true" condition-coverage="100% (2/2)"/>
						<line number="268" hits="1"/>
						<line number="269" hits="1" branch="true" condition-coverage="100% (2/2)"/>
						<line number="271" hits="1"/>
						<line number="275" hits="1" branch="true" condition-coverage="100% (2/2)"/>
						<line number="276" hits="1"/>
						<line number="277" hits="1" branch="true" condition-coverage="100% (2/2)"/>
						<line number="278" hits="1"/>
						<line number="279" hits="1" branch="true" condition-coverage="50% (1/2)" missing-branches="281"/>
						<line number="281" hits="0" branch="true" condition-coverage="0% (0/2)" missing-branches="265,282"/>
						<line number="282" hits="0"/>
						<line number="286" hits="0" branch="true" condition-coverage="0% (0/2)" missing-branches="287,288"/>
						<line number="287" hits="0"/>
						<line number="288" hits="0" branch="true" condition-coverage="0% (0/2)" missing-branches="281,289"/>
						<line number="289" hits="0"/>
						<line number="291" hits="1"/>
						<line number="292" hits="1"/>
						<line number="295" hits="1"/>
						<line number="296" hits="1"/>
						<line number="299" hits="1"/>
						<line number="300" hits="1"/>
						<line number="303" hits="1"/>
						<line number="304" hits="1"/>
						<line number="305" hits="1"/>
						<line number="306" hits="1"/>
						<line number="308" hits="1"/>
						<line number="309" hits="0"/>
						<line number="310" hits="0" branch="true" condition-coverage="0% (0/2)" missing-branches="311,312"/>
						<line number="311" hits="0"/>
						<line number="312" hits="0" branch="true" condition-coverage="0% (0/2)" missing-branches="313,315"/>
						<line number="313" hits="0"/>
						<line number="315" hits="0"/>
						<line number="318" hits="1"/>
						<line number="319" hits="1"/>
						<line number="320" hits="0"/>
					</lines>
				</class>
			</classes>
		</package>
		<package name="tune.spark" line-rate="0.3711" branch-rate="0.1304" complexity="0">
			<classes>
				<class name="__init__.py" filename="tune/spark/__init__.py" complexity="0" line-rate="1" branch-rate="1">
					<methods/>
					<lines>
						<line number="1" hits="1"/>
						<line number="8" hits="1"/>
					</lines>
				</class>
				<class name="mylearner.py" filename="tune/spark/mylearner.py" complexity="0" line-rate="0.3621" branch-rate="0">
					<methods/>
					<lines>
						<line number="2" hits="1"/>
						<line number="3" hits="1"/>
						<line number="4" hits="1"/>
						<line number="5" hits="1"/>
						<line number="6" hits="1"/>
						<line number="8" hits="1"/>
						<line number="9" hits="1"/>
						<line number="11" hits="0"/>
						<line number="13" hits="0" branch="true" condition-coverage="0% (0/2)" missing-branches="14,18"/>
						<line number="14" hits="0"/>
						<line number="16" hits="0"/>
						<line number="18" hits="0" branch="true" condition-coverage="0% (0/2)" missing-branches="19,23"/>
						<line number="19" hits="0"/>
						<line number="21" hits="0"/>
						<line number="23" hits="0"/>
						<line number="25" hits="0"/>
						<line number="27" hits="1"/>
						<line number="28" hits="1"/>
						<line number="29" hits="0"/>
						<line number="52" hits="0"/>
						<line number="54" hits="1"/>
						<line number="55" hits="1"/>
						<line number="56" hits="0"/>
						<line number="57" hits="0"/>
						<line number="58" hits="0"/>
						<line number="60" hits="1"/>
						<line number="61" hits="1"/>
						<line number="62" hits="0"/>
						<line number="65" hits="1"/>
						<line number="66" hits="1"/>
						<line number="67" hits="1"/>
						<line number="68" hits="0"/>
						<line number="82" hits="1"/>
						<line number="83" hits="1"/>
						<line number="84" hits="1"/>
						<line number="85" hits="0"/>
						<line number="100" hits="1"/>
						<line number="113" hits="0"/>
						<line number="114" hits="0"/>
						<line number="116" hits="0"/>
						<line number="117" hits="0"/>
						<line number="118" hits="0"/>
						<line number="119" hits="0"/>
						<line number="120" hits="0"/>
						<line number="121" hits="0"/>
						<line number="122" hits="0"/>
						<line number="123" hits="0"/>
						<line number="129" hits="1"/>
						<line number="142" hits="0"/>
						<line number="144" hits="0"/>
						<line number="145" hits="0"/>
						<line number="146" hits="0"/>
						<line number="147" hits="0"/>
						<line number="148" hits="0"/>
						<line number="149" hits="0"/>
						<line number="150" hits="0"/>
						<line number="151" hits="0"/>
						<line number="152" hits="0"/>
					</lines>
				</class>
				<class name="utils.py" filename="tune/spark/utils.py" complexity="0" line-rate="0.3657" branch-rate="0.1429">
					<methods/>
					<lines>
						<line number="1" hits="1"/>
						<line number="2" hits="1"/>
						<line number="3" hits="1"/>
						<line number="4" hits="1"/>
						<line number="5" hits="1"/>
						<line number="6" hits="1"/>
						<line number="8" hits="1"/>
						<line number="9" hits="1"/>
						<line number="12" hits="1"/>
						<line number="13" hits="1"/>
						<line number="14" hits="1"/>
						<line number="15" hits="1"/>
						<line number="16" hits="0"/>
						<line number="17" hits="0"/>
						<line number="18" hits="0"/>
						<line number="19" hits="1"/>
						<line number="20" hits="1"/>
						<line number="21" hits="1"/>
						<line number="22" hits="1"/>
						<line number="24" hits="0"/>
						<line number="25" hits="0"/>
						<line number="28" hits="1"/>
						<line number="29" hits="1"/>
						<line number="38" hits="1"/>
						<line number="39" hits="1" branch="true" condition-coverage="50% (1/2)" missing-branches="45"/>
						<line number="40" hits="1"/>
						<line number="43" hits="1"/>
						<line number="45" hits="0" branch="true" condition-coverage="0% (0/2)" missing-branches="46,49"/>
						<line number="46" hits="0"/>
						<line number="47" hits="0"/>
						<line number="49" hits="0"/>
						<line number="50" hits="0"/>
						<line number="51" hits="0"/>
						<line number="52" hits="0"/>
						<line number="54" hits="0"/>
						<line number="57" hits="1"/>
						<line number="67" hits="0"/>
						<line number="68" hits="0"/>
						<line number="69" hits="0"/>
						<line number="70" hits="0"/>
						<line number="71" hits="0"/>
						<line number="72" hits="0"/>
						<line number="75" hits="1"/>
						<line number="107" hits="0" branch="true" condition-coverage="0% (0/2)" missing-branches="108,112"/>
						<line number="108" hits="0"/>
						<line number="112" hits="0"/>
						<line number="113" hits="0" branch="true" condition-coverage="0% (0/2)" missing-branches="114,115"/>
						<line number="114" hits="0"/>
						<line number="115" hits="0"/>
						<line number="117" hits="0"/>
						<line number="118" hits="0" branch="true" condition-coverage="0% (0/2)" missing-branches="119,121"/>
						<line number="119" hits="0"/>
						<line number="121" hits="0"/>
						<line number="124" hits="1"/>
						<line number="166" hits="1"/>
						<line number="169" hits="1"/>
						<line number="170" hits="1"/>
						<line number="171" hits="1"/>
						<line number="173" hits="1"/>
						<line number="174" hits="1"/>
						<line number="177" hits="1" branch="true" condition-coverage="50% (1/2)" missing-branches="178"/>
						<line number="178" hits="0"/>
						<line number="179" hits="0"/>
						<line number="182" hits="0"/>
						<line number="183" hits="0"/>
						<line number="184" hits="0"/>
						<line number="186" hits="0"/>
						<line number="187" hits="0"/>
						<line number="188" hits="0"/>
						<line number="189" hits="0"/>
						<line number="190" hits="0"/>
						<line number="192" hits="0"/>
						<line number="194" hits="1"/>
						<line number="197" hits="1"/>
						<line number="206" hits="1" branch="true" condition-coverage="50% (1/2)" missing-branches="207"/>
						<line number="207" hits="0"/>
						<line number="208" hits="1"/>
						<line number="211" hits="1"/>
						<line number="225" hits="1"/>
						<line number="254" hits="1"/>
						<line number="255" hits="1"/>
						<line number="256" hits="1"/>
						<line number="258" hits="1" branch="true" condition-coverage="50% (1/2)" missing-branches="259"/>
						<line number="259" hits="0"/>
						<line number="260" hits="0"/>
						<line number="261" hits="0"/>
						<line number="262" hits="0"/>
						<line number="263" hits="0" branch="true" condition-coverage="0% (0/2)" missing-branches="264,265"/>
						<line number="264" hits="0"/>
						<line number="265" hits="0" branch="true" condition-coverage="0% (0/2)" missing-branches="266,267"/>
						<line number="266" hits="0"/>
						<line number="267" hits="0" branch="true" condition-coverage="0% (0/2)" missing-branches="268,271"/>
						<line number="268" hits="0"/>
						<line number="269" hits="0"/>
						<line number="271" hits="0"/>
						<line number="274" hits="1"/>
						<line number="276" hits="0" branch="true" condition-coverage="0% (0/2)" missing-branches="277,280"/>
						<line number="277" hits="0"/>
						<line number="278" hits="0"/>
						<line number="279" hits="0"/>
						<line number="280" hits="0" branch="true" condition-coverage="0% (0/2)" missing-branches="281,284"/>
						<line number="281" hits="0"/>
						<line number="282" hits="0" branch="true" condition-coverage="0% (0/2)" missing-branches="280,283"/>
						<line number="283" hits="0"/>
						<line number="284" hits="0"/>
						<line number="285" hits="0"/>
						<line number="286" hits="0"/>
						<line number="288" hits="1"/>
						<line number="291" hits="0" branch="true" condition-coverage="0% (0/2)" missing-branches="292,294"/>
						<line number="292" hits="0"/>
						<line number="294" hits="0"/>
						<line number="296" hits="1"/>
						<line number="300" hits="1" branch="true" condition-coverage="50% (1/2)" missing-branches="301"/>
						<line number="301" hits="0"/>
						<line number="303" hits="0"/>
						<line number="304" hits="0"/>
						<line number="305" hits="0"/>
						<line number="307" hits="1"/>
						<line number="310" hits="1"/>
						<line number="311" hits="1" branch="true" condition-coverage="50% (1/2)" missing-branches="312"/>
						<line number="312" hits="0"/>
						<line number="313" hits="0"/>
						<line number="314" hits="0" branch="true" condition-coverage="0% (0/2)" missing-branches="315,318"/>
						<line number="315" hits="0"/>
						<line number="316" hits="0"/>
						<line number="318" hits="0" branch="true" condition-coverage="0% (0/2)" missing-branches="319,320"/>
						<line number="319" hits="0"/>
						<line number="320" hits="0" branch="true" condition-coverage="0% (0/2)" missing-branches="321,323"/>
						<line number="321" hits="0"/>
						<line number="322" hits="0"/>
						<line number="323" hits="0" branch="true" condition-coverage="0% (0/2)" missing-branches="325,328"/>
						<line number="325" hits="0"/>
						<line number="326" hits="0"/>
						<line number="328" hits="0"/>
					</lines>
				</class>
			</classes>
		</package>
	</packages>
</coverage>
